[2020-10-14 21:13:55.095] [exthost] [info] extension host started
[2020-10-14 21:13:55.239] [exthost] [info] ExtensionService#_doActivateExtension vscode.microsoft-authentication {"startup":false,"extensionId":{"value":"vscode.microsoft-authentication","_lower":"vscode.microsoft-authentication"},"activationEvent":"onAuthenticationRequest:microsoft"}
[2020-10-14 21:13:55.240] [exthost] [info] ExtensionService#loadCommonJSModule file:///usr/share/code/resources/app/extensions/microsoft-authentication/dist/extension.js
[2020-10-14 21:13:55.254] [exthost] [info] ExtensionService#_doActivateExtension ms-vscode.cpptools {"startup":false,"extensionId":{"value":"ms-vscode.cpptools","_lower":"ms-vscode.cpptools"},"activationEvent":"onLanguage:c"}
[2020-10-14 21:13:55.254] [exthost] [info] ExtensionService#loadCommonJSModule file:///root/.vscode/extensions/ms-vscode.cpptools-1.0.1/dist/main
[2020-10-14 21:13:55.317] [exthost] [info] ExtensionService#_doActivateExtension ms-vscode.js-debug {"startup":false,"extensionId":{"value":"ms-vscode.js-debug","_lower":"ms-vscode.js-debug"},"activationEvent":"onDebugDynamicConfigurations"}
[2020-10-14 21:13:55.317] [exthost] [info] ExtensionService#loadCommonJSModule file:///usr/share/code/resources/app/extensions/ms-vscode.js-debug/src/extension.js
[2020-10-14 21:13:55.543] [exthost] [info] ExtensionService#_doActivateExtension vscode.debug-auto-launch {"startup":true,"extensionId":{"value":"vscode.debug-auto-launch","_lower":"vscode.debug-auto-launch"},"activationEvent":"*"}
[2020-10-14 21:13:55.543] [exthost] [info] ExtensionService#loadCommonJSModule file:///usr/share/code/resources/app/extensions/debug-auto-launch/dist/extension
[2020-10-14 21:13:55.545] [exthost] [info] ExtensionService#_doActivateExtension vscode.emmet {"startup":true,"extensionId":{"value":"vscode.emmet","_lower":"vscode.emmet"},"activationEvent":"*"}
[2020-10-14 21:13:55.545] [exthost] [info] ExtensionService#loadCommonJSModule file:///usr/share/code/resources/app/extensions/emmet/dist/node/emmetNodeMain
[2020-10-14 21:13:55.563] [exthost] [info] ExtensionService#_doActivateExtension vscode.git {"startup":true,"extensionId":{"value":"vscode.github","_lower":"vscode.github"},"activationEvent":"*"}
[2020-10-14 21:13:55.563] [exthost] [info] ExtensionService#loadCommonJSModule file:///usr/share/code/resources/app/extensions/git/dist/main
[2020-10-14 21:13:55.606] [exthost] [info] ExtensionService#_doActivateExtension vscode.merge-conflict {"startup":true,"extensionId":{"value":"vscode.merge-conflict","_lower":"vscode.merge-conflict"},"activationEvent":"*"}
[2020-10-14 21:13:55.606] [exthost] [info] ExtensionService#loadCommonJSModule file:///usr/share/code/resources/app/extensions/merge-conflict/dist/mergeConflictMain
[2020-10-14 21:13:55.609] [exthost] [info] ExtensionService#_doActivateExtension vscode.search-result {"startup":true,"extensionId":{"value":"vscode.search-result","_lower":"vscode.search-result"},"activationEvent":"*"}
[2020-10-14 21:13:55.609] [exthost] [info] ExtensionService#loadCommonJSModule file:///usr/share/code/resources/app/extensions/search-result/dist/extension.js
[2020-10-14 21:13:55.719] [exthost] [info] ExtensionService#_doActivateExtension vscode.github {"startup":true,"extensionId":{"value":"vscode.github","_lower":"vscode.github"},"activationEvent":"*"}
[2020-10-14 21:13:55.719] [exthost] [info] ExtensionService#loadCommonJSModule file:///usr/share/code/resources/app/extensions/github/dist/extension.js
[2020-10-14 21:13:55.821] [exthost] [info] eager extensions activated
[2020-10-14 21:13:55.849] [exthost] [info] ExtensionService#_doActivateExtension vscode.github-authentication {"startup":false,"extensionId":{"value":"vscode.github-authentication","_lower":"vscode.github-authentication"},"activationEvent":"onAuthenticationRequest:github"}
[2020-10-14 21:13:55.849] [exthost] [info] ExtensionService#loadCommonJSModule file:///usr/share/code/resources/app/extensions/github-authentication/dist/extension.js
[2020-10-14 21:13:56.807] [exthost] [error] [ms-vscode.cpptools] provider FAILED
[2020-10-14 21:13:56.808] [exthost] [error] undefined
[2020-10-14 21:14:31.426] [exthost] [error] [ms-vscode.cpptools] provider FAILED
[2020-10-14 21:14:31.426] [exthost] [error] undefined
[2020-10-14 21:14:37.581] [exthost] [error] [ms-vscode.cpptools] provider FAILED
[2020-10-14 21:14:37.581] [exthost] [error] undefined
[2020-10-14 21:14:43.684] [exthost] [error] [ms-vscode.cpptools] provider FAILED
[2020-10-14 21:14:43.684] [exthost] [error] undefined
[2020-10-14 21:15:21.854] [exthost] [error] [ms-vscode.cpptools] provider FAILED
[2020-10-14 21:15:21.854] [exthost] [error] undefined
[2020-10-14 21:21:13.428] [exthost] [error] [ms-vscode.cpptools] provider FAILED
[2020-10-14 21:21:13.428] [exthost] [error] undefined
[2020-10-14 21:22:06.060] [exthost] [error] [ms-vscode.cpptools] provider FAILED
[2020-10-14 21:22:06.060] [exthost] [error] undefined
[2020-10-14 21:22:39.745] [exthost] [error] [ms-vscode.cpptools] provider FAILED
[2020-10-14 21:22:39.745] [exthost] [error] undefined
[2020-10-14 21:25:00.142] [exthost] [error] [ms-vscode.cpptools] provider FAILED
[2020-10-14 21:25:00.142] [exthost] [error] undefined
[2020-10-14 21:31:15.078] [exthost] [error] [ms-vscode.cpptools] provider FAILED
[2020-10-14 21:31:15.078] [exthost] [error] undefined
[2020-10-14 21:31:21.527] [exthost] [error] [ms-vscode.cpptools] provider FAILED
[2020-10-14 21:31:21.527] [exthost] [error] undefined
[2020-10-14 21:31:38.311] [exthost] [error] [ms-vscode.cpptools] provider FAILED
[2020-10-14 21:31:38.311] [exthost] [error] undefined
[2020-10-14 21:31:55.285] [exthost] [error] [ms-vscode.cpptools] provider FAILED
[2020-10-14 21:31:55.285] [exthost] [error] undefined
[2020-10-14 21:32:22.713] [exthost] [error] [ms-vscode.cpptools] provider FAILED
[2020-10-14 21:32:22.713] [exthost] [error] undefined
[2020-10-14 21:36:54.262] [exthost] [error] [ms-vscode.cpptools] provider FAILED
[2020-10-14 21:36:54.262] [exthost] [error] undefined
[2020-10-14 21:36:55.011] [exthost] [error] [ms-vscode.cpptools] provider FAILED
[2020-10-14 21:36:55.011] [exthost] [error] undefined
[2020-10-14 21:37:03.553] [exthost] [error] [ms-vscode.cpptools] provider FAILED
[2020-10-14 21:37:03.553] [exthost] [error] undefined
[2020-10-14 21:37:13.175] [exthost] [error] [ms-vscode.cpptools] provider FAILED
[2020-10-14 21:37:13.175] [exthost] [error] undefined
[2020-10-14 21:37:32.163] [exthost] [error] [ms-vscode.cpptools] provider FAILED
[2020-10-14 21:37:32.163] [exthost] [error] undefined
[2020-10-14 21:37:50.966] [exthost] [error] [ms-vscode.cpptools] provider FAILED
[2020-10-14 21:37:50.966] [exthost] [error] undefined
[2020-10-14 21:37:57.296] [exthost] [error] [ms-vscode.cpptools] provider FAILED
[2020-10-14 21:37:57.296] [exthost] [error] undefined
[2020-10-14 21:38:09.922] [exthost] [error] [ms-vscode.cpptools] provider FAILED
[2020-10-14 21:38:09.922] [exthost] [error] undefined
[2020-10-14 21:40:44.091] [exthost] [error] [ms-vscode.cpptools] provider FAILED
[2020-10-14 21:40:44.091] [exthost] [error] undefined
[2020-10-14 21:40:51.979] [exthost] [error] [ms-vscode.cpptools] provider FAILED
[2020-10-14 21:40:51.979] [exthost] [error] undefined
[2020-10-14 21:40:59.477] [exthost] [error] [ms-vscode.cpptools] provider FAILED
[2020-10-14 21:40:59.477] [exthost] [error] undefined
[2020-10-14 21:41:05.718] [exthost] [error] [ms-vscode.cpptools] provider FAILED
[2020-10-14 21:41:05.718] [exthost] [error] undefined
[2020-10-14 21:41:07.725] [exthost] [error] [ms-vscode.cpptools] provider FAILED
[2020-10-14 21:41:07.725] [exthost] [error] undefined
[2020-10-14 21:41:13.965] [exthost] [error] [ms-vscode.cpptools] provider FAILED
[2020-10-14 21:41:13.965] [exthost] [error] undefined
[2020-10-14 21:41:20.217] [exthost] [error] [ms-vscode.cpptools] provider FAILED
[2020-10-14 21:41:20.217] [exthost] [error] undefined
[2020-10-14 21:42:14.933] [exthost] [error] [ms-vscode.cpptools] provider FAILED
[2020-10-14 21:42:14.933] [exthost] [error] undefined
[2020-10-14 21:42:21.346] [exthost] [error] [ms-vscode.cpptools] provider FAILED
[2020-10-14 21:42:21.346] [exthost] [error] undefined
[2020-10-14 21:42:26.166] [exthost] [error] [ms-vscode.cpptools] provider FAILED
[2020-10-14 21:42:26.166] [exthost] [error] undefined
[2020-10-14 21:42:36.918] [exthost] [error] [ms-vscode.cpptools] provider FAILED
[2020-10-14 21:42:36.918] [exthost] [error] undefined
[2020-10-14 21:42:47.501] [exthost] [error] [ms-vscode.cpptools] provider FAILED
[2020-10-14 21:42:47.501] [exthost] [error] undefined
[2020-10-14 21:43:07.777] [exthost] [error] [ms-vscode.cpptools] provider FAILED
[2020-10-14 21:43:07.777] [exthost] [error] undefined
[2020-10-14 21:43:14.706] [exthost] [error] [ms-vscode.cpptools] provider FAILED
[2020-10-14 21:43:14.706] [exthost] [error] undefined
[2020-10-14 21:43:22.673] [exthost] [error] [ms-vscode.cpptools] provider FAILED
[2020-10-14 21:43:22.673] [exthost] [error] undefined
[2020-10-14 21:43:57.136] [exthost] [error] [ms-vscode.cpptools] provider FAILED
[2020-10-14 21:43:57.136] [exthost] [error] undefined
[2020-10-14 21:44:47.806] [exthost] [error] [ms-vscode.cpptools] provider FAILED
[2020-10-14 21:44:47.806] [exthost] [error] undefined
[2020-10-14 21:47:15.542] [exthost] [error] [ms-vscode.cpptools] provider FAILED
[2020-10-14 21:47:15.542] [exthost] [error] undefined
[2020-10-14 21:47:17.673] [exthost] [error] [ms-vscode.cpptools] provider FAILED
[2020-10-14 21:47:17.673] [exthost] [error] undefined
[2020-10-14 21:49:12.852] [exthost] [error] [ms-vscode.cpptools] provider FAILED
[2020-10-14 21:49:12.852] [exthost] [error] undefined
[2020-10-14 21:49:22.652] [exthost] [error] [ms-vscode.cpptools] provider FAILED
[2020-10-14 21:49:22.652] [exthost] [error] undefined
[2020-10-14 21:49:25.374] [exthost] [warning] ms-vscode.cpptools - Code actions of kind 'quickfix 'requested but returned code action does not have a 'kind'. Code action will be dropped. Please set 'CodeAction.kind'.
[2020-10-14 21:49:25.374] [exthost] [warning] ms-vscode.cpptools - Code actions of kind 'quickfix 'requested but returned code action does not have a 'kind'. Code action will be dropped. Please set 'CodeAction.kind'.
[2020-10-14 21:49:54.935] [exthost] [error] [ms-vscode.cpptools] provider FAILED
[2020-10-14 21:49:54.935] [exthost] [error] undefined
[2020-10-14 21:49:59.939] [exthost] [error] [ms-vscode.cpptools] provider FAILED
[2020-10-14 21:49:59.939] [exthost] [error] undefined
[2020-10-14 21:50:20.784] [exthost] [error] [ms-vscode.cpptools] provider FAILED
[2020-10-14 21:50:20.784] [exthost] [error] undefined
[2020-10-14 21:50:22.874] [exthost] [error] [ms-vscode.cpptools] provider FAILED
[2020-10-14 21:50:22.874] [exthost] [error] undefined
[2020-10-14 21:50:52.935] [exthost] [error] [ms-vscode.cpptools] provider FAILED
[2020-10-14 21:50:52.935] [exthost] [error] undefined
[2020-10-14 21:51:04.362] [exthost] [error] [ms-vscode.cpptools] provider FAILED
[2020-10-14 21:51:04.362] [exthost] [error] undefined
[2020-10-14 21:51:12.979] [exthost] [error] [ms-vscode.cpptools] provider FAILED
[2020-10-14 21:51:12.979] [exthost] [error] undefined
[2020-10-14 21:51:17.060] [exthost] [error] [ms-vscode.cpptools] provider FAILED
[2020-10-14 21:51:17.060] [exthost] [error] undefined
[2020-10-14 21:51:23.436] [exthost] [error] [ms-vscode.cpptools] provider FAILED
[2020-10-14 21:51:23.436] [exthost] [error] undefined
[2020-10-14 21:51:32.762] [exthost] [error] [ms-vscode.cpptools] provider FAILED
[2020-10-14 21:51:32.762] [exthost] [error] undefined
[2020-10-14 21:51:50.131] [exthost] [error] [ms-vscode.cpptools] provider FAILED
[2020-10-14 21:51:50.131] [exthost] [error] undefined
[2020-10-14 21:52:12.860] [exthost] [error] [ms-vscode.cpptools] provider FAILED
[2020-10-14 21:52:12.860] [exthost] [error] undefined
[2020-10-14 21:52:25.664] [exthost] [error] [ms-vscode.cpptools] provider FAILED
[2020-10-14 21:52:25.664] [exthost] [error] undefined
[2020-10-14 21:53:49.070] [exthost] [error] [ms-vscode.cpptools] provider FAILED
[2020-10-14 21:53:49.070] [exthost] [error] undefined
[2020-10-14 21:53:55.530] [exthost] [error] [ms-vscode.cpptools] provider FAILED
[2020-10-14 21:53:55.530] [exthost] [error] undefined
[2020-10-14 21:53:57.680] [exthost] [error] [ms-vscode.cpptools] provider FAILED
[2020-10-14 21:53:57.680] [exthost] [error] undefined
[2020-10-14 21:54:04.358] [exthost] [error] [ms-vscode.cpptools] provider FAILED
[2020-10-14 21:54:04.358] [exthost] [error] undefined
[2020-10-14 21:54:36.314] [exthost] [error] [ms-vscode.cpptools] provider FAILED
[2020-10-14 21:54:36.314] [exthost] [error] undefined
[2020-10-14 21:54:41.075] [exthost] [error] [ms-vscode.cpptools] provider FAILED
[2020-10-14 21:54:41.075] [exthost] [error] undefined
[2020-10-14 21:54:49.187] [exthost] [error] [ms-vscode.cpptools] provider FAILED
[2020-10-14 21:54:49.187] [exthost] [error] undefined
[2020-10-14 21:55:03.411] [exthost] [error] [ms-vscode.cpptools] provider FAILED
[2020-10-14 21:55:03.411] [exthost] [error] undefined
[2020-10-14 21:56:12.064] [exthost] [error] [ms-vscode.cpptools] provider FAILED
[2020-10-14 21:56:12.064] [exthost] [error] undefined
[2020-10-14 22:04:47.212] [exthost] [error] [ms-vscode.cpptools] provider FAILED
[2020-10-14 22:04:47.212] [exthost] [error] undefined
[2020-10-14 22:05:57.956] [exthost] [error] [ms-vscode.cpptools] provider FAILED
[2020-10-14 22:05:57.956] [exthost] [error] undefined
[2020-10-14 22:06:35.803] [exthost] [error] [ms-vscode.cpptools] provider FAILED
[2020-10-14 22:06:35.803] [exthost] [error] undefined
[2020-10-14 22:18:15.644] [exthost] [error] [ms-vscode.cpptools] provider FAILED
[2020-10-14 22:18:15.644] [exthost] [error] undefined
[2020-10-14 22:23:35.497] [exthost] [error] [ms-vscode.cpptools] provider FAILED
[2020-10-14 22:23:35.497] [exthost] [error] undefined
[2020-10-14 22:23:42.228] [exthost] [error] [ms-vscode.cpptools] provider FAILED
[2020-10-14 22:23:42.228] [exthost] [error] undefined
[2020-10-14 22:24:05.027] [exthost] [error] [ms-vscode.cpptools] provider FAILED
[2020-10-14 22:24:05.027] [exthost] [error] undefined
[2020-10-14 22:24:06.755] [exthost] [error] [ms-vscode.cpptools] provider FAILED
[2020-10-14 22:24:06.755] [exthost] [error] undefined
[2020-10-14 22:24:07.817] [exthost] [warning] ms-vscode.cpptools - Code actions of kind 'quickfix 'requested but returned code action does not have a 'kind'. Code action will be dropped. Please set 'CodeAction.kind'.
[2020-10-14 22:24:07.817] [exthost] [warning] ms-vscode.cpptools - Code actions of kind 'quickfix 'requested but returned code action does not have a 'kind'. Code action will be dropped. Please set 'CodeAction.kind'.
[2020-10-14 22:24:36.973] [exthost] [error] [ms-vscode.cpptools] provider FAILED
[2020-10-14 22:24:36.973] [exthost] [error] undefined
[2020-10-14 22:24:39.513] [exthost] [error] [ms-vscode.cpptools] provider FAILED
[2020-10-14 22:24:39.513] [exthost] [error] undefined
[2020-10-14 22:24:50.068] [exthost] [error] [ms-vscode.cpptools] provider FAILED
[2020-10-14 22:24:50.068] [exthost] [error] undefined
[2020-10-14 22:24:58.683] [exthost] [error] [ms-vscode.cpptools] provider FAILED
[2020-10-14 22:24:58.683] [exthost] [error] undefined
[2020-10-14 22:25:07.518] [exthost] [error] [ms-vscode.cpptools] provider FAILED
[2020-10-14 22:25:07.518] [exthost] [error] undefined
[2020-10-14 22:25:13.897] [exthost] [error] [ms-vscode.cpptools] provider FAILED
[2020-10-14 22:25:13.897] [exthost] [error] undefined
[2020-10-14 22:25:22.330] [exthost] [error] [ms-vscode.cpptools] provider FAILED
[2020-10-14 22:25:22.330] [exthost] [error] undefined
[2020-10-14 22:25:40.525] [exthost] [error] [ms-vscode.cpptools] provider FAILED
[2020-10-14 22:25:40.525] [exthost] [error] undefined
[2020-10-14 22:25:45.598] [exthost] [error] [ms-vscode.cpptools] provider FAILED
[2020-10-14 22:25:45.598] [exthost] [error] undefined
[2020-10-14 22:26:36.973] [exthost] [error] [ms-vscode.cpptools] provider FAILED
[2020-10-14 22:26:36.973] [exthost] [error] undefined
[2020-10-14 22:27:54.820] [exthost] [error] [ms-vscode.cpptools] provider FAILED
[2020-10-14 22:27:54.820] [exthost] [error] undefined
[2020-10-14 22:28:15.512] [exthost] [error] [ms-vscode.cpptools] provider FAILED
[2020-10-14 22:28:15.512] [exthost] [error] undefined
[2020-10-14 22:29:12.408] [exthost] [error] [ms-vscode.cpptools] provider FAILED
[2020-10-14 22:29:12.408] [exthost] [error] undefined
[2020-10-14 22:29:14.554] [exthost] [error] [ms-vscode.cpptools] provider FAILED
[2020-10-14 22:29:14.554] [exthost] [error] undefined
[2020-10-14 22:29:19.179] [exthost] [error] [ms-vscode.cpptools] provider FAILED
[2020-10-14 22:29:19.179] [exthost] [error] undefined
[2020-10-14 22:29:36.573] [exthost] [error] [ms-vscode.cpptools] provider FAILED
[2020-10-14 22:29:36.573] [exthost] [error] undefined
[2020-10-14 22:29:42.764] [exthost] [error] [ms-vscode.cpptools] provider FAILED
[2020-10-14 22:29:42.764] [exthost] [error] undefined
[2020-10-14 22:30:01.784] [exthost] [error] [ms-vscode.cpptools] provider FAILED
[2020-10-14 22:30:01.784] [exthost] [error] undefined
[2020-10-14 22:30:06.095] [exthost] [error] [ms-vscode.cpptools] provider FAILED
[2020-10-14 22:30:06.095] [exthost] [error] undefined
[2020-10-14 22:30:14.091] [exthost] [warning] ms-vscode.cpptools - Code actions of kind 'quickfix 'requested but returned code action does not have a 'kind'. Code action will be dropped. Please set 'CodeAction.kind'.
[2020-10-14 22:30:14.091] [exthost] [warning] ms-vscode.cpptools - Code actions of kind 'quickfix 'requested but returned code action does not have a 'kind'. Code action will be dropped. Please set 'CodeAction.kind'.
[2020-10-14 22:30:15.809] [exthost] [error] [ms-vscode.cpptools] provider FAILED
[2020-10-14 22:30:15.809] [exthost] [error] undefined
[2020-10-14 22:30:18.730] [exthost] [error] [ms-vscode.cpptools] provider FAILED
[2020-10-14 22:30:18.730] [exthost] [error] undefined
[2020-10-14 22:30:20.796] [exthost] [error] [ms-vscode.cpptools] provider FAILED
[2020-10-14 22:30:20.796] [exthost] [error] undefined
[2020-10-14 22:36:50.252] [exthost] [error] [ms-vscode.cpptools] provider FAILED
[2020-10-14 22:36:50.252] [exthost] [error] undefined
[2020-10-14 22:37:02.744] [exthost] [error] [ms-vscode.cpptools] provider FAILED
[2020-10-14 22:37:02.744] [exthost] [error] undefined
[2020-10-14 22:37:09.363] [exthost] [error] [ms-vscode.cpptools] provider FAILED
[2020-10-14 22:37:09.363] [exthost] [error] undefined
[2020-10-14 22:37:13.522] [exthost] [error] [ms-vscode.cpptools] provider FAILED
[2020-10-14 22:37:13.522] [exthost] [error] undefined
[2020-10-14 22:37:16.395] [exthost] [error] [ms-vscode.cpptools] provider FAILED
[2020-10-14 22:37:16.395] [exthost] [error] undefined
[2020-10-14 22:37:22.597] [exthost] [error] [ms-vscode.cpptools] provider FAILED
[2020-10-14 22:37:22.597] [exthost] [error] undefined
[2020-10-14 22:37:29.226] [exthost] [error] [ms-vscode.cpptools] provider FAILED
[2020-10-14 22:37:29.226] [exthost] [error] undefined
[2020-10-14 22:37:32.083] [exthost] [error] [ms-vscode.cpptools] provider FAILED
[2020-10-14 22:37:32.083] [exthost] [error] undefined
[2020-10-14 22:37:38.208] [exthost] [error] [ms-vscode.cpptools] provider FAILED
[2020-10-14 22:37:38.208] [exthost] [error] undefined
[2020-10-14 22:37:49.437] [exthost] [error] [ms-vscode.cpptools] provider FAILED
[2020-10-14 22:37:49.437] [exthost] [error] undefined
[2020-10-14 22:37:54.045] [exthost] [error] [ms-vscode.cpptools] provider FAILED
[2020-10-14 22:37:54.045] [exthost] [error] undefined
[2020-10-14 22:37:58.218] [exthost] [error] [ms-vscode.cpptools] provider FAILED
[2020-10-14 22:37:58.218] [exthost] [error] undefined
[2020-10-14 22:38:06.778] [exthost] [error] [ms-vscode.cpptools] provider FAILED
[2020-10-14 22:38:06.778] [exthost] [error] undefined
[2020-10-14 22:38:08.883] [exthost] [error] [ms-vscode.cpptools] provider FAILED
[2020-10-14 22:38:08.883] [exthost] [error] undefined
[2020-10-14 22:38:35.507] [exthost] [error] [ms-vscode.cpptools] provider FAILED
[2020-10-14 22:38:35.507] [exthost] [error] undefined
[2020-10-14 22:38:58.719] [exthost] [error] [ms-vscode.cpptools] provider FAILED
[2020-10-14 22:38:58.719] [exthost] [error] undefined
[2020-10-14 22:39:00.830] [exthost] [error] [ms-vscode.cpptools] provider FAILED
[2020-10-14 22:39:00.830] [exthost] [error] undefined
[2020-10-14 22:39:09.783] [exthost] [error] [ms-vscode.cpptools] provider FAILED
[2020-10-14 22:39:09.783] [exthost] [error] undefined
[2020-10-14 22:39:11.878] [exthost] [error] [ms-vscode.cpptools] provider FAILED
[2020-10-14 22:39:11.878] [exthost] [error] undefined
[2020-10-14 22:39:35.168] [exthost] [error] [ms-vscode.cpptools] provider FAILED
[2020-10-14 22:39:35.168] [exthost] [error] undefined
[2020-10-14 22:39:37.295] [exthost] [error] [ms-vscode.cpptools] provider FAILED
[2020-10-14 22:39:37.295] [exthost] [error] undefined
[2020-10-14 22:39:52.078] [exthost] [error] [ms-vscode.cpptools] provider FAILED
[2020-10-14 22:39:52.078] [exthost] [error] undefined
[2020-10-14 22:40:13.258] [exthost] [error] [ms-vscode.cpptools] provider FAILED
[2020-10-14 22:40:13.258] [exthost] [error] undefined
[2020-10-14 22:40:53.395] [exthost] [error] [ms-vscode.cpptools] provider FAILED
[2020-10-14 22:40:53.395] [exthost] [error] undefined
[2020-10-14 22:41:49.429] [exthost] [error] [ms-vscode.cpptools] provider FAILED
[2020-10-14 22:41:49.429] [exthost] [error] undefined
[2020-10-14 22:44:50.105] [exthost] [info] ExtensionService#_doActivateExtension vscode.configuration-editing {"startup":false,"extensionId":{"value":"vscode.configuration-editing","_lower":"vscode.configuration-editing"},"activationEvent":"onLanguage:jsonc"}
[2020-10-14 22:44:50.105] [exthost] [info] ExtensionService#loadCommonJSModule file:///usr/share/code/resources/app/extensions/configuration-editing/dist/configurationEditingMain
[2020-10-14 22:44:50.548] [exthost] [info] ExtensionService#_doActivateExtension vscode.json-language-features {"startup":false,"extensionId":{"value":"vscode.json-language-features","_lower":"vscode.json-language-features"},"activationEvent":"onLanguage:jsonc"}
[2020-10-14 22:44:50.548] [exthost] [info] ExtensionService#loadCommonJSModule file:///usr/share/code/resources/app/extensions/json-language-features/client/dist/node/jsonClientMain
[2020-10-14 22:44:50.624] [exthost] [info] ExtensionService#_doActivateExtension vscode.typescript-language-features {"startup":false,"extensionId":{"value":"vscode.typescript-language-features","_lower":"vscode.typescript-language-features"},"activationEvent":"onLanguage:jsonc"}
[2020-10-14 22:44:50.624] [exthost] [info] ExtensionService#loadCommonJSModule file:///usr/share/code/resources/app/extensions/typescript-language-features/dist/extension
[2020-10-14 22:46:00.840] [exthost] [error] [ms-vscode.cpptools] provider FAILED
[2020-10-14 22:46:00.840] [exthost] [error] undefined
[2020-10-14 22:46:06.148] [exthost] [error] [ms-vscode.cpptools] provider FAILED
[2020-10-14 22:46:06.148] [exthost] [error] undefined
[2020-10-14 22:46:12.731] [exthost] [error] [ms-vscode.cpptools] provider FAILED
[2020-10-14 22:46:12.731] [exthost] [error] undefined
[2020-10-14 22:46:14.848] [exthost] [error] [ms-vscode.cpptools] provider FAILED
[2020-10-14 22:46:14.848] [exthost] [error] undefined
[2020-10-14 22:46:18.491] [exthost] [error] [ms-vscode.cpptools] provider FAILED
[2020-10-14 22:46:18.491] [exthost] [error] undefined
[2020-10-14 22:46:21.025] [exthost] [error] [ms-vscode.cpptools] provider FAILED
[2020-10-14 22:46:21.025] [exthost] [error] undefined
[2020-10-14 22:46:27.314] [exthost] [error] [ms-vscode.cpptools] provider FAILED
[2020-10-14 22:46:27.314] [exthost] [error] undefined
[2020-10-14 22:46:33.518] [exthost] [error] [ms-vscode.cpptools] provider FAILED
[2020-10-14 22:46:33.518] [exthost] [error] undefined
[2020-10-14 22:46:47.403] [exthost] [error] [ms-vscode.cpptools] provider FAILED
[2020-10-14 22:46:47.403] [exthost] [error] undefined
[2020-10-14 22:46:56.913] [exthost] [error] [ms-vscode.cpptools] provider FAILED
[2020-10-14 22:46:56.913] [exthost] [error] undefined
[2020-10-14 22:47:09.629] [exthost] [error] [ms-vscode.cpptools] provider FAILED
[2020-10-14 22:47:09.629] [exthost] [error] undefined
[2020-10-14 22:47:20.379] [exthost] [error] [ms-vscode.cpptools] provider FAILED
[2020-10-14 22:47:20.379] [exthost] [error] undefined
[2020-10-14 22:47:31.236] [exthost] [error] [ms-vscode.cpptools] provider FAILED
[2020-10-14 22:47:31.236] [exthost] [error] undefined
[2020-10-14 22:47:36.902] [exthost] [error] [ms-vscode.cpptools] provider FAILED
[2020-10-14 22:47:36.902] [exthost] [error] undefined
[2020-10-14 22:47:56.728] [exthost] [error] [ms-vscode.cpptools] provider FAILED
[2020-10-14 22:47:56.728] [exthost] [error] undefined
[2020-10-14 22:48:05.822] [exthost] [error] [ms-vscode.cpptools] provider FAILED
[2020-10-14 22:48:05.822] [exthost] [error] undefined
[2020-10-14 22:48:10.450] [exthost] [error] [ms-vscode.cpptools] provider FAILED
[2020-10-14 22:48:10.450] [exthost] [error] undefined
[2020-10-14 22:48:31.814] [exthost] [error] [ms-vscode.cpptools] provider FAILED
[2020-10-14 22:48:31.814] [exthost] [error] undefined
[2020-10-14 22:48:59.185] [exthost] [error] [ms-vscode.cpptools] provider FAILED
[2020-10-14 22:48:59.185] [exthost] [error] undefined
[2020-10-14 22:49:32.267] [exthost] [error] [ms-vscode.cpptools] provider FAILED
[2020-10-14 22:49:32.267] [exthost] [error] undefined
[2020-10-14 22:49:53.035] [exthost] [error] [ms-vscode.cpptools] provider FAILED
[2020-10-14 22:49:53.035] [exthost] [error] undefined
[2020-10-14 22:51:00.397] [exthost] [error] [ms-vscode.cpptools] provider FAILED
[2020-10-14 22:51:00.397] [exthost] [error] undefined
[2020-10-14 23:11:05.343] [exthost] [error] [ms-vscode.cpptools] provider FAILED
[2020-10-14 23:11:05.343] [exthost] [error] undefined
[2020-10-14 23:16:29.924] [exthost] [error] [ms-vscode.cpptools] provider FAILED
[2020-10-14 23:16:29.924] [exthost] [error] undefined
[2020-10-14 23:16:41.465] [exthost] [error] [ms-vscode.cpptools] provider FAILED
[2020-10-14 23:16:41.465] [exthost] [error] undefined
[2020-10-14 23:16:54.899] [exthost] [error] [ms-vscode.cpptools] provider FAILED
[2020-10-14 23:16:54.899] [exthost] [error] undefined
[2020-10-14 23:17:08.153] [exthost] [error] [ms-vscode.cpptools] provider FAILED
[2020-10-14 23:17:08.153] [exthost] [error] undefined
[2020-10-14 23:17:36.026] [exthost] [error] [ms-vscode.cpptools] provider FAILED
[2020-10-14 23:17:36.026] [exthost] [error] undefined
[2020-10-14 23:17:38.079] [exthost] [error] [ms-vscode.cpptools] provider FAILED
[2020-10-14 23:17:38.079] [exthost] [error] undefined
[2020-10-14 23:17:44.301] [exthost] [error] [ms-vscode.cpptools] provider FAILED
[2020-10-14 23:17:44.301] [exthost] [error] undefined
[2020-10-14 23:18:03.435] [exthost] [error] [ms-vscode.cpptools] provider FAILED
[2020-10-14 23:18:03.435] [exthost] [error] undefined
[2020-10-14 23:18:09.767] [exthost] [error] [ms-vscode.cpptools] provider FAILED
[2020-10-14 23:18:09.767] [exthost] [error] undefined
[2020-10-14 23:18:13.379] [exthost] [error] [ms-vscode.cpptools] provider FAILED
[2020-10-14 23:18:13.379] [exthost] [error] undefined
[2020-10-14 23:19:15.679] [exthost] [error] [ms-vscode.cpptools] provider FAILED
[2020-10-14 23:19:15.679] [exthost] [error] undefined
[2020-10-14 23:19:25.001] [exthost] [error] [ms-vscode.cpptools] provider FAILED
[2020-10-14 23:19:25.001] [exthost] [error] undefined
[2020-10-14 23:19:53.519] [exthost] [error] [ms-vscode.cpptools] provider FAILED
[2020-10-14 23:19:53.519] [exthost] [error] undefined
[2020-10-14 23:20:22.717] [exthost] [error] [ms-vscode.cpptools] provider FAILED
[2020-10-14 23:20:22.717] [exthost] [error] undefined
[2020-10-14 23:20:39.703] [exthost] [error] [ms-vscode.cpptools] provider FAILED
[2020-10-14 23:20:39.703] [exthost] [error] undefined
[2020-10-14 23:20:50.760] [exthost] [error] [ms-vscode.cpptools] provider FAILED
[2020-10-14 23:20:50.760] [exthost] [error] undefined
[2020-10-14 23:20:52.900] [exthost] [error] [ms-vscode.cpptools] provider FAILED
[2020-10-14 23:20:52.900] [exthost] [error] undefined
[2020-10-14 23:20:59.115] [exthost] [error] [ms-vscode.cpptools] provider FAILED
[2020-10-14 23:20:59.115] [exthost] [error] undefined
[2020-10-14 23:21:03.487] [exthost] [error] [ms-vscode.cpptools] provider FAILED
[2020-10-14 23:21:03.487] [exthost] [error] undefined
[2020-10-14 23:21:30.998] [exthost] [error] [ms-vscode.cpptools] provider FAILED
[2020-10-14 23:21:30.998] [exthost] [error] undefined
[2020-10-14 23:21:44.805] [exthost] [error] [ms-vscode.cpptools] provider FAILED
[2020-10-14 23:21:44.805] [exthost] [error] undefined
[2020-10-14 23:21:54.165] [exthost] [error] [ms-vscode.cpptools] provider FAILED
[2020-10-14 23:21:54.165] [exthost] [error] undefined
[2020-10-14 23:22:03.419] [exthost] [error] [ms-vscode.cpptools] provider FAILED
[2020-10-14 23:22:03.419] [exthost] [error] undefined
[2020-10-14 23:22:11.146] [exthost] [error] [ms-vscode.cpptools] provider FAILED
[2020-10-14 23:22:11.146] [exthost] [error] undefined
[2020-10-14 23:22:16.149] [exthost] [error] [ms-vscode.cpptools] provider FAILED
[2020-10-14 23:22:16.149] [exthost] [error] undefined
[2020-10-14 23:22:52.213] [exthost] [error] [ms-vscode.cpptools] provider FAILED
[2020-10-14 23:22:52.213] [exthost] [error] undefined
[2020-10-14 23:23:05.576] [exthost] [error] [ms-vscode.cpptools] provider FAILED
[2020-10-14 23:23:05.576] [exthost] [error] undefined
[2020-10-14 23:23:26.458] [exthost] [error] [ms-vscode.cpptools] provider FAILED
[2020-10-14 23:23:26.458] [exthost] [error] undefined
[2020-10-14 23:23:35.479] [exthost] [error] [ms-vscode.cpptools] provider FAILED
[2020-10-14 23:23:35.479] [exthost] [error] undefined
[2020-10-14 23:23:56.343] [exthost] [error] [ms-vscode.cpptools] provider FAILED
[2020-10-14 23:23:56.343] [exthost] [error] undefined
[2020-10-14 23:24:10.760] [exthost] [error] [ms-vscode.cpptools] provider FAILED
[2020-10-14 23:24:10.760] [exthost] [error] undefined
[2020-10-14 23:24:53.009] [exthost] [error] [ms-vscode.cpptools] provider FAILED
[2020-10-14 23:24:53.009] [exthost] [error] undefined
[2020-10-14 23:24:55.449] [exthost] [error] [ms-vscode.cpptools] provider FAILED
[2020-10-14 23:24:55.449] [exthost] [error] undefined
[2020-10-14 23:25:04.751] [exthost] [error] [ms-vscode.cpptools] provider FAILED
[2020-10-14 23:25:04.751] [exthost] [error] undefined
[2020-10-14 23:25:11.672] [exthost] [error] [ms-vscode.cpptools] provider FAILED
[2020-10-14 23:25:11.672] [exthost] [error] undefined
[2020-10-14 23:25:20.475] [exthost] [error] [ms-vscode.cpptools] provider FAILED
[2020-10-14 23:25:20.475] [exthost] [error] undefined
[2020-10-14 23:25:26.842] [exthost] [error] [ms-vscode.cpptools] provider FAILED
[2020-10-14 23:25:26.842] [exthost] [error] undefined
[2020-10-14 23:25:33.098] [exthost] [error] [ms-vscode.cpptools] provider FAILED
[2020-10-14 23:25:33.098] [exthost] [error] undefined
[2020-10-14 23:25:44.289] [exthost] [error] [ms-vscode.cpptools] provider FAILED
[2020-10-14 23:25:44.289] [exthost] [error] undefined
[2020-10-14 23:25:47.857] [exthost] [error] [ms-vscode.cpptools] provider FAILED
[2020-10-14 23:25:47.857] [exthost] [error] undefined
[2020-10-14 23:26:06.712] [exthost] [error] [ms-vscode.cpptools] provider FAILED
[2020-10-14 23:26:06.712] [exthost] [error] undefined
[2020-10-14 23:26:14.212] [exthost] [error] [ms-vscode.cpptools] provider FAILED
[2020-10-14 23:26:14.212] [exthost] [error] undefined
[2020-10-14 23:26:20.775] [exthost] [error] [ms-vscode.cpptools] provider FAILED
[2020-10-14 23:26:20.775] [exthost] [error] undefined
[2020-10-14 23:27:12.484] [exthost] [error] [ms-vscode.cpptools] provider FAILED
[2020-10-14 23:27:12.484] [exthost] [error] undefined
[2020-10-14 23:27:35.194] [exthost] [error] [ms-vscode.cpptools] provider FAILED
[2020-10-14 23:27:35.194] [exthost] [error] undefined
[2020-10-14 23:29:39.899] [exthost] [error] [ms-vscode.cpptools] provider FAILED
[2020-10-14 23:29:39.899] [exthost] [error] undefined
[2020-10-14 23:29:59.005] [exthost] [error] [ms-vscode.cpptools] provider FAILED
[2020-10-14 23:29:59.005] [exthost] [error] undefined
[2020-10-14 23:30:01.149] [exthost] [error] [ms-vscode.cpptools] provider FAILED
[2020-10-14 23:30:01.149] [exthost] [error] undefined
[2020-10-14 23:30:22.173] [exthost] [error] [ms-vscode.cpptools] provider FAILED
[2020-10-14 23:30:22.173] [exthost] [error] undefined
[2020-10-14 23:30:32.724] [exthost] [error] [ms-vscode.cpptools] provider FAILED
[2020-10-14 23:30:32.724] [exthost] [error] undefined
[2020-10-14 23:30:47.471] [exthost] [error] [ms-vscode.cpptools] provider FAILED
[2020-10-14 23:30:47.471] [exthost] [error] undefined
[2020-10-14 23:31:12.640] [exthost] [error] [ms-vscode.cpptools] provider FAILED
[2020-10-14 23:31:12.640] [exthost] [error] undefined
[2020-10-14 23:31:42.249] [exthost] [error] [ms-vscode.cpptools] provider FAILED
[2020-10-14 23:31:42.249] [exthost] [error] undefined
[2020-10-14 23:31:48.744] [exthost] [error] [ms-vscode.cpptools] provider FAILED
[2020-10-14 23:31:48.744] [exthost] [error] undefined
[2020-10-14 23:31:50.774] [exthost] [error] [ms-vscode.cpptools] provider FAILED
[2020-10-14 23:31:50.774] [exthost] [error] undefined
[2020-10-14 23:32:15.887] [exthost] [error] [ms-vscode.cpptools] provider FAILED
[2020-10-14 23:32:15.887] [exthost] [error] undefined
[2020-10-14 23:32:40.816] [exthost] [error] [ms-vscode.cpptools] provider FAILED
[2020-10-14 23:32:40.816] [exthost] [error] undefined
[2020-10-14 23:33:27.126] [exthost] [error] [ms-vscode.cpptools] provider FAILED
[2020-10-14 23:33:27.126] [exthost] [error] undefined
[2020-10-14 23:33:31.862] [exthost] [error] [ms-vscode.cpptools] provider FAILED
[2020-10-14 23:33:31.862] [exthost] [error] undefined
[2020-10-14 23:33:46.136] [exthost] [error] [ms-vscode.cpptools] provider FAILED
[2020-10-14 23:33:46.136] [exthost] [error] undefined
[2020-10-14 23:33:47.990] [exthost] [error] [ms-vscode.cpptools] provider FAILED
[2020-10-14 23:33:47.990] [exthost] [error] undefined
[2020-10-14 23:33:56.682] [exthost] [error] [ms-vscode.cpptools] provider FAILED
[2020-10-14 23:33:56.682] [exthost] [error] undefined
[2020-10-14 23:34:11.517] [exthost] [error] [ms-vscode.cpptools] provider FAILED
[2020-10-14 23:34:11.517] [exthost] [error] undefined
[2020-10-14 23:34:16.115] [exthost] [error] [ms-vscode.cpptools] provider FAILED
[2020-10-14 23:34:16.115] [exthost] [error] undefined
[2020-10-14 23:34:23.007] [exthost] [error] [ms-vscode.cpptools] provider FAILED
[2020-10-14 23:34:23.007] [exthost] [error] undefined
[2020-10-14 23:34:48.366] [exthost] [error] [ms-vscode.cpptools] provider FAILED
[2020-10-14 23:34:48.366] [exthost] [error] undefined
[2020-10-14 23:34:52.589] [exthost] [error] [ms-vscode.cpptools] provider FAILED
[2020-10-14 23:34:52.589] [exthost] [error] undefined
[2020-10-14 23:35:05.870] [exthost] [error] [ms-vscode.cpptools] provider FAILED
[2020-10-14 23:35:05.871] [exthost] [error] undefined
[2020-10-14 23:35:16.287] [exthost] [error] [ms-vscode.cpptools] provider FAILED
[2020-10-14 23:35:16.287] [exthost] [error] undefined
[2020-10-14 23:35:31.930] [exthost] [error] [ms-vscode.cpptools] provider FAILED
[2020-10-14 23:35:31.930] [exthost] [error] undefined
[2020-10-14 23:35:40.819] [exthost] [error] [ms-vscode.cpptools] provider FAILED
[2020-10-14 23:35:40.819] [exthost] [error] undefined
[2020-10-14 23:35:44.981] [exthost] [error] [ms-vscode.cpptools] provider FAILED
[2020-10-14 23:35:44.981] [exthost] [error] undefined
[2020-10-14 23:35:47.503] [exthost] [error] [ms-vscode.cpptools] provider FAILED
[2020-10-14 23:35:47.503] [exthost] [error] undefined
[2020-10-14 23:35:51.783] [exthost] [error] [ms-vscode.cpptools] provider FAILED
[2020-10-14 23:35:51.783] [exthost] [error] undefined
[2020-10-14 23:35:56.007] [exthost] [error] [ms-vscode.cpptools] provider FAILED
[2020-10-14 23:35:56.007] [exthost] [error] undefined
[2020-10-14 23:35:58.133] [exthost] [error] [ms-vscode.cpptools] provider FAILED
[2020-10-14 23:35:58.133] [exthost] [error] undefined
[2020-10-14 23:36:00.636] [exthost] [error] [ms-vscode.cpptools] provider FAILED
[2020-10-14 23:36:00.636] [exthost] [error] undefined
[2020-10-14 23:36:21.901] [exthost] [error] [ms-vscode.cpptools] provider FAILED
[2020-10-14 23:36:21.901] [exthost] [error] undefined
[2020-10-14 23:36:34.471] [exthost] [error] [ms-vscode.cpptools] provider FAILED
[2020-10-14 23:36:34.471] [exthost] [error] undefined
[2020-10-14 23:36:48.893] [exthost] [error] [ms-vscode.cpptools] provider FAILED
[2020-10-14 23:36:48.893] [exthost] [error] undefined
[2020-10-14 23:37:12.452] [exthost] [error] [ms-vscode.cpptools] provider FAILED
[2020-10-14 23:37:12.452] [exthost] [error] undefined
[2020-10-14 23:37:25.102] [exthost] [error] [ms-vscode.cpptools] provider FAILED
[2020-10-14 23:37:25.102] [exthost] [error] undefined
[2020-10-14 23:37:26.484] [exthost] [warning] ms-vscode.cpptools - Code actions of kind 'quickfix 'requested but returned code action does not have a 'kind'. Code action will be dropped. Please set 'CodeAction.kind'.
[2020-10-14 23:37:27.187] [exthost] [error] [ms-vscode.cpptools] provider FAILED
[2020-10-14 23:37:27.187] [exthost] [error] undefined
[2020-10-14 23:37:27.354] [exthost] [warning] ms-vscode.cpptools - Code actions of kind 'quickfix 'requested but returned code action does not have a 'kind'. Code action will be dropped. Please set 'CodeAction.kind'.
[2020-10-14 23:37:29.329] [exthost] [error] [ms-vscode.cpptools] provider FAILED
[2020-10-14 23:37:29.329] [exthost] [error] undefined
[2020-10-14 23:37:36.060] [exthost] [error] [ms-vscode.cpptools] provider FAILED
[2020-10-14 23:37:36.060] [exthost] [error] undefined
[2020-10-14 23:37:42.455] [exthost] [error] [ms-vscode.cpptools] provider FAILED
[2020-10-14 23:37:42.455] [exthost] [error] undefined
[2020-10-14 23:37:58.224] [exthost] [error] [ms-vscode.cpptools] provider FAILED
[2020-10-14 23:37:58.224] [exthost] [error] undefined
[2020-10-14 23:38:01.754] [exthost] [error] [ms-vscode.cpptools] provider FAILED
[2020-10-14 23:38:01.754] [exthost] [error] undefined
[2020-10-14 23:38:08.734] [exthost] [error] [ms-vscode.cpptools] provider FAILED
[2020-10-14 23:38:08.734] [exthost] [error] undefined
[2020-10-14 23:38:44.279] [exthost] [error] [ms-vscode.cpptools] provider FAILED
[2020-10-14 23:38:44.279] [exthost] [error] undefined
[2020-10-14 23:39:07.436] [exthost] [error] [ms-vscode.cpptools] provider FAILED
[2020-10-14 23:39:07.436] [exthost] [error] undefined
[2020-10-14 23:39:28.322] [exthost] [error] [ms-vscode.cpptools] provider FAILED
[2020-10-14 23:39:28.322] [exthost] [error] undefined
[2020-10-14 23:39:40.875] [exthost] [error] [ms-vscode.cpptools] provider FAILED
[2020-10-14 23:39:40.875] [exthost] [error] undefined
[2020-10-14 23:39:57.673] [exthost] [error] [ms-vscode.cpptools] provider FAILED
[2020-10-14 23:39:57.673] [exthost] [error] undefined
[2020-10-14 23:40:03.004] [exthost] [error] [ms-vscode.cpptools] provider FAILED
[2020-10-14 23:40:03.004] [exthost] [error] undefined
[2020-10-14 23:40:07.715] [exthost] [error] [ms-vscode.cpptools] provider FAILED
[2020-10-14 23:40:07.715] [exthost] [error] undefined
[2020-10-14 23:40:18.203] [exthost] [error] [ms-vscode.cpptools] provider FAILED
[2020-10-14 23:40:18.203] [exthost] [error] undefined
[2020-10-14 23:40:21.707] [exthost] [warning] ms-vscode.cpptools - Code actions of kind 'quickfix 'requested but returned code action does not have a 'kind'. Code action will be dropped. Please set 'CodeAction.kind'.
[2020-10-14 23:40:30.777] [exthost] [error] [ms-vscode.cpptools] provider FAILED
[2020-10-14 23:40:30.777] [exthost] [error] undefined
[2020-10-14 23:40:39.827] [exthost] [error] [ms-vscode.cpptools] provider FAILED
[2020-10-14 23:40:39.827] [exthost] [error] undefined
[2020-10-14 23:40:49.009] [exthost] [error] [ms-vscode.cpptools] provider FAILED
[2020-10-14 23:40:49.009] [exthost] [error] undefined
[2020-10-14 23:40:50.696] [exthost] [error] [ms-vscode.cpptools] provider FAILED
[2020-10-14 23:40:50.696] [exthost] [error] undefined
[2020-10-14 23:40:59.157] [exthost] [error] [ms-vscode.cpptools] provider FAILED
[2020-10-14 23:40:59.157] [exthost] [error] undefined
[2020-10-14 23:41:10.970] [exthost] [error] [ms-vscode.cpptools] provider FAILED
[2020-10-14 23:41:10.970] [exthost] [error] undefined
[2020-10-14 23:41:13.032] [exthost] [error] [ms-vscode.cpptools] provider FAILED
[2020-10-14 23:41:13.032] [exthost] [error] undefined
[2020-10-14 23:41:25.476] [exthost] [error] [ms-vscode.cpptools] provider FAILED
[2020-10-14 23:41:25.476] [exthost] [error] undefined
[2020-10-14 23:41:46.740] [exthost] [error] [ms-vscode.cpptools] provider FAILED
[2020-10-14 23:41:46.740] [exthost] [error] undefined
[2020-10-14 23:41:52.046] [exthost] [warning] ms-vscode.cpptools - Code actions of kind 'quickfix 'requested but returned code action does not have a 'kind'. Code action will be dropped. Please set 'CodeAction.kind'.
[2020-10-14 23:41:57.443] [exthost] [error] [ms-vscode.cpptools] provider FAILED
[2020-10-14 23:41:57.443] [exthost] [error] undefined
[2020-10-14 23:42:12.454] [exthost] [error] [ms-vscode.cpptools] provider FAILED
[2020-10-14 23:42:12.454] [exthost] [error] undefined
[2020-10-14 23:42:19.100] [exthost] [error] [ms-vscode.cpptools] provider FAILED
[2020-10-14 23:42:19.100] [exthost] [error] undefined
[2020-10-14 23:42:23.331] [exthost] [error] [ms-vscode.cpptools] provider FAILED
[2020-10-14 23:42:23.331] [exthost] [error] undefined
[2020-10-14 23:42:37.990] [exthost] [error] [ms-vscode.cpptools] provider FAILED
[2020-10-14 23:42:37.990] [exthost] [error] undefined
[2020-10-14 23:42:56.791] [exthost] [error] [ms-vscode.cpptools] provider FAILED
[2020-10-14 23:42:56.791] [exthost] [error] undefined
[2020-10-14 23:43:24.382] [exthost] [error] [ms-vscode.cpptools] provider FAILED
[2020-10-14 23:43:24.382] [exthost] [error] undefined
[2020-10-14 23:43:26.603] [exthost] [error] [ms-vscode.cpptools] provider FAILED
[2020-10-14 23:43:26.603] [exthost] [error] undefined
[2020-10-14 23:43:30.951] [exthost] [error] [ms-vscode.cpptools] provider FAILED
[2020-10-14 23:43:30.951] [exthost] [error] undefined
[2020-10-14 23:43:33.225] [exthost] [error] [ms-vscode.cpptools] provider FAILED
[2020-10-14 23:43:33.225] [exthost] [error] undefined
[2020-10-14 23:43:38.101] [exthost] [error] [ms-vscode.cpptools] provider FAILED
[2020-10-14 23:43:38.101] [exthost] [error] undefined
[2020-10-14 23:43:56.872] [exthost] [error] [ms-vscode.cpptools] provider FAILED
[2020-10-14 23:43:56.872] [exthost] [error] undefined
[2020-10-14 23:45:42.082] [exthost] [error] [ms-vscode.cpptools] provider FAILED
[2020-10-14 23:45:42.082] [exthost] [error] undefined
[2020-10-14 23:45:52.102] [exthost] [error] [ms-vscode.cpptools] provider FAILED
[2020-10-14 23:45:52.102] [exthost] [error] undefined
[2020-10-14 23:45:59.444] [exthost] [error] [ms-vscode.cpptools] provider FAILED
[2020-10-14 23:45:59.444] [exthost] [error] undefined
[2020-10-14 23:46:10.285] [exthost] [error] [ms-vscode.cpptools] provider FAILED
[2020-10-14 23:46:10.285] [exthost] [error] undefined
[2020-10-14 23:46:14.502] [exthost] [error] [ms-vscode.cpptools] provider FAILED
[2020-10-14 23:46:14.502] [exthost] [error] undefined
[2020-10-14 23:46:25.167] [exthost] [error] [ms-vscode.cpptools] provider FAILED
[2020-10-14 23:46:25.167] [exthost] [error] undefined
[2020-10-14 23:46:33.673] [exthost] [error] [ms-vscode.cpptools] provider FAILED
[2020-10-14 23:46:33.673] [exthost] [error] undefined
[2020-10-14 23:46:37.359] [exthost] [warning] ms-vscode.cpptools - Code actions of kind 'quickfix 'requested but returned code action does not have a 'kind'. Code action will be dropped. Please set 'CodeAction.kind'.
[2020-10-14 23:46:38.222] [exthost] [warning] ms-vscode.cpptools - Code actions of kind 'quickfix 'requested but returned code action does not have a 'kind'. Code action will be dropped. Please set 'CodeAction.kind'.
[2020-10-14 23:46:43.389] [exthost] [warning] ms-vscode.cpptools - Code actions of kind 'quickfix 'requested but returned code action does not have a 'kind'. Code action will be dropped. Please set 'CodeAction.kind'.
[2020-10-14 23:47:02.776] [exthost] [error] [ms-vscode.cpptools] provider FAILED
[2020-10-14 23:47:02.776] [exthost] [error] undefined
[2020-10-14 23:47:04.332] [exthost] [warning] ms-vscode.cpptools - Code actions of kind 'quickfix 'requested but returned code action does not have a 'kind'. Code action will be dropped. Please set 'CodeAction.kind'.
[2020-10-14 23:47:05.942] [exthost] [warning] ms-vscode.cpptools - Code actions of kind 'quickfix 'requested but returned code action does not have a 'kind'. Code action will be dropped. Please set 'CodeAction.kind'.
[2020-10-14 23:47:16.626] [exthost] [error] [ms-vscode.cpptools] provider FAILED
[2020-10-14 23:47:16.626] [exthost] [error] undefined
[2020-10-14 23:47:28.454] [exthost] [error] [ms-vscode.cpptools] provider FAILED
[2020-10-14 23:47:28.454] [exthost] [error] undefined
[2020-10-14 23:47:32.322] [exthost] [error] [ms-vscode.cpptools] provider FAILED
[2020-10-14 23:47:32.322] [exthost] [error] undefined
[2020-10-14 23:47:39.141] [exthost] [error] [ms-vscode.cpptools] provider FAILED
[2020-10-14 23:47:39.141] [exthost] [error] undefined
[2020-10-14 23:47:43.396] [exthost] [error] [ms-vscode.cpptools] provider FAILED
[2020-10-14 23:47:43.396] [exthost] [error] undefined
[2020-10-14 23:47:50.879] [exthost] [error] [ms-vscode.cpptools] provider FAILED
[2020-10-14 23:47:50.879] [exthost] [error] undefined
[2020-10-14 23:47:55.302] [exthost] [error] [ms-vscode.cpptools] provider FAILED
[2020-10-14 23:47:55.302] [exthost] [error] undefined
[2020-10-14 23:48:20.415] [exthost] [error] [ms-vscode.cpptools] provider FAILED
[2020-10-14 23:48:20.415] [exthost] [error] undefined
[2020-10-14 23:48:35.282] [exthost] [error] [ms-vscode.cpptools] provider FAILED
[2020-10-14 23:48:35.282] [exthost] [error] undefined
[2020-10-14 23:48:45.609] [exthost] [error] [ms-vscode.cpptools] provider FAILED
[2020-10-14 23:48:45.609] [exthost] [error] undefined
[2020-10-14 23:49:12.994] [exthost] [error] [ms-vscode.cpptools] provider FAILED
[2020-10-14 23:49:12.994] [exthost] [error] undefined
[2020-10-14 23:49:17.410] [exthost] [error] [ms-vscode.cpptools] provider FAILED
[2020-10-14 23:49:17.410] [exthost] [error] undefined
[2020-10-14 23:49:30.214] [exthost] [error] [ms-vscode.cpptools] provider FAILED
[2020-10-14 23:49:30.214] [exthost] [error] undefined
