[2020-10-16 19:47:50.295] [exthost] [info] extension host started
[2020-10-16 19:47:50.363] [exthost] [info] ExtensionService#_doActivateExtension vscode.microsoft-authentication {"startup":false,"extensionId":{"value":"vscode.microsoft-authentication","_lower":"vscode.microsoft-authentication"},"activationEvent":"onAuthenticationRequest:microsoft"}
[2020-10-16 19:47:50.363] [exthost] [info] ExtensionService#loadCommonJSModule file:///usr/share/code/resources/app/extensions/microsoft-authentication/dist/extension.js
[2020-10-16 19:47:50.397] [exthost] [info] ExtensionService#_doActivateExtension ms-vscode.cpptools {"startup":false,"extensionId":{"value":"ms-vscode.cpptools","_lower":"ms-vscode.cpptools"},"activationEvent":"onLanguage:c"}
[2020-10-16 19:47:50.397] [exthost] [info] ExtensionService#loadCommonJSModule file:///root/.vscode/extensions/ms-vscode.cpptools-1.0.1/dist/main
[2020-10-16 19:47:50.567] [exthost] [info] ExtensionService#_doActivateExtension ms-vscode.js-debug {"startup":false,"extensionId":{"value":"ms-vscode.js-debug","_lower":"ms-vscode.js-debug"},"activationEvent":"onDebugDynamicConfigurations"}
[2020-10-16 19:47:50.567] [exthost] [info] ExtensionService#loadCommonJSModule file:///usr/share/code/resources/app/extensions/ms-vscode.js-debug/src/extension.js
[2020-10-16 19:47:50.989] [exthost] [info] ExtensionService#_doActivateExtension vscode.debug-auto-launch {"startup":true,"extensionId":{"value":"vscode.debug-auto-launch","_lower":"vscode.debug-auto-launch"},"activationEvent":"*"}
[2020-10-16 19:47:50.989] [exthost] [info] ExtensionService#loadCommonJSModule file:///usr/share/code/resources/app/extensions/debug-auto-launch/dist/extension
[2020-10-16 19:47:51.017] [exthost] [info] ExtensionService#_doActivateExtension vscode.emmet {"startup":true,"extensionId":{"value":"vscode.emmet","_lower":"vscode.emmet"},"activationEvent":"*"}
[2020-10-16 19:47:51.017] [exthost] [info] ExtensionService#loadCommonJSModule file:///usr/share/code/resources/app/extensions/emmet/dist/node/emmetNodeMain
[2020-10-16 19:47:51.057] [exthost] [info] ExtensionService#_doActivateExtension vscode.git {"startup":true,"extensionId":{"value":"vscode.github","_lower":"vscode.github"},"activationEvent":"*"}
[2020-10-16 19:47:51.058] [exthost] [info] ExtensionService#loadCommonJSModule file:///usr/share/code/resources/app/extensions/git/dist/main
[2020-10-16 19:47:51.146] [exthost] [info] ExtensionService#_doActivateExtension vscode.merge-conflict {"startup":true,"extensionId":{"value":"vscode.merge-conflict","_lower":"vscode.merge-conflict"},"activationEvent":"*"}
[2020-10-16 19:47:51.146] [exthost] [info] ExtensionService#loadCommonJSModule file:///usr/share/code/resources/app/extensions/merge-conflict/dist/mergeConflictMain
[2020-10-16 19:47:51.169] [exthost] [info] ExtensionService#_doActivateExtension vscode.search-result {"startup":true,"extensionId":{"value":"vscode.search-result","_lower":"vscode.search-result"},"activationEvent":"*"}
[2020-10-16 19:47:51.169] [exthost] [info] ExtensionService#loadCommonJSModule file:///usr/share/code/resources/app/extensions/search-result/dist/extension.js
[2020-10-16 19:47:52.886] [exthost] [info] ExtensionService#_doActivateExtension vscode.github {"startup":true,"extensionId":{"value":"vscode.github","_lower":"vscode.github"},"activationEvent":"*"}
[2020-10-16 19:47:52.886] [exthost] [info] ExtensionService#loadCommonJSModule file:///usr/share/code/resources/app/extensions/github/dist/extension.js
[2020-10-16 19:47:53.168] [exthost] [info] eager extensions activated
[2020-10-16 19:47:53.174] [exthost] [info] ExtensionService#_doActivateExtension vscode.github-authentication {"startup":false,"extensionId":{"value":"vscode.github-authentication","_lower":"vscode.github-authentication"},"activationEvent":"onAuthenticationRequest:github"}
[2020-10-16 19:47:53.175] [exthost] [info] ExtensionService#loadCommonJSModule file:///usr/share/code/resources/app/extensions/github-authentication/dist/extension.js
[2020-10-16 19:49:11.576] [exthost] [error] [ms-vscode.cpptools] provider FAILED
[2020-10-16 19:49:11.576] [exthost] [error] undefined
[2020-10-16 19:49:25.499] [exthost] [error] [ms-vscode.cpptools] provider FAILED
[2020-10-16 19:49:25.499] [exthost] [error] undefined
[2020-10-16 19:49:59.358] [exthost] [error] [ms-vscode.cpptools] provider FAILED
[2020-10-16 19:49:59.358] [exthost] [error] undefined
[2020-10-16 19:50:13.211] [exthost] [error] [ms-vscode.cpptools] provider FAILED
[2020-10-16 19:50:13.211] [exthost] [error] undefined
[2020-10-16 19:51:32.889] [exthost] [error] [ms-vscode.cpptools] provider FAILED
[2020-10-16 19:51:32.889] [exthost] [error] undefined
[2020-10-16 19:52:56.802] [exthost] [error] [ms-vscode.cpptools] provider FAILED
[2020-10-16 19:52:56.802] [exthost] [error] undefined
[2020-10-16 19:54:21.297] [exthost] [error] [ms-vscode.cpptools] provider FAILED
[2020-10-16 19:54:21.297] [exthost] [error] undefined
[2020-10-16 19:55:56.205] [exthost] [error] [ms-vscode.cpptools] provider FAILED
[2020-10-16 19:55:56.205] [exthost] [error] undefined
[2020-10-16 19:55:56.560] [exthost] [error] [ms-vscode.cpptools] provider FAILED
[2020-10-16 19:55:56.560] [exthost] [error] undefined
[2020-10-16 19:56:10.827] [exthost] [error] [ms-vscode.cpptools] provider FAILED
[2020-10-16 19:56:10.833] [exthost] [error] Error: DisposableStore is missing...
	at U._convertCompletionItem (/usr/share/code/resources/app/out/vs/workbench/services/extensions/node/extensionHostProcess.js:745:50)
	at U.resolveCompletionItem (/usr/share/code/resources/app/out/vs/workbench/services/extensions/node/extensionHostProcess.js:744:777)
[2020-10-16 19:56:10.834] [exthost] [error] [ms-vscode.cpptools] provider FAILED
[2020-10-16 19:56:10.834] [exthost] [error] undefined
[2020-10-16 19:56:10.834] [exthost] [error] [ms-vscode.cpptools] provider FAILED
[2020-10-16 19:56:10.834] [exthost] [error] undefined
[2020-10-16 19:56:10.835] [exthost] [error] [ms-vscode.cpptools] provider FAILED
[2020-10-16 19:56:10.835] [exthost] [error] undefined
[2020-10-16 19:56:10.835] [exthost] [error] [ms-vscode.cpptools] provider FAILED
[2020-10-16 19:56:10.835] [exthost] [error] undefined
[2020-10-16 19:56:10.835] [exthost] [error] [ms-vscode.cpptools] provider FAILED
[2020-10-16 19:56:10.835] [exthost] [error] undefined
[2020-10-16 19:56:15.665] [exthost] [error] [ms-vscode.cpptools] provider FAILED
[2020-10-16 19:56:15.665] [exthost] [error] undefined
[2020-10-16 19:56:24.200] [exthost] [warning] ms-vscode.cpptools - Code actions of kind 'quickfix 'requested but returned code action does not have a 'kind'. Code action will be dropped. Please set 'CodeAction.kind'.
[2020-10-16 19:56:24.260] [exthost] [error] [ms-vscode.cpptools] provider FAILED
[2020-10-16 19:56:24.260] [exthost] [error] undefined
[2020-10-16 19:56:29.434] [exthost] [warning] ms-vscode.cpptools - Code actions of kind 'quickfix 'requested but returned code action does not have a 'kind'. Code action will be dropped. Please set 'CodeAction.kind'.
[2020-10-16 19:56:38.542] [exthost] [error] [ms-vscode.cpptools] provider FAILED
[2020-10-16 19:56:38.542] [exthost] [error] undefined
[2020-10-16 19:56:43.534] [exthost] [warning] ms-vscode.cpptools - Code actions of kind 'quickfix 'requested but returned code action does not have a 'kind'. Code action will be dropped. Please set 'CodeAction.kind'.
[2020-10-16 19:56:44.452] [exthost] [warning] ms-vscode.cpptools - Code actions of kind 'quickfix 'requested but returned code action does not have a 'kind'. Code action will be dropped. Please set 'CodeAction.kind'.
[2020-10-16 19:56:49.725] [exthost] [warning] ms-vscode.cpptools - Code actions of kind 'quickfix 'requested but returned code action does not have a 'kind'. Code action will be dropped. Please set 'CodeAction.kind'.
[2020-10-16 19:58:34.829] [exthost] [error] [ms-vscode.cpptools] provider FAILED
[2020-10-16 19:58:34.829] [exthost] [error] undefined
