[2020-10-15 20:56:12.016] [exthost] [info] extension host started
[2020-10-15 20:56:12.053] [exthost] [info] ExtensionService#_doActivateExtension vscode.microsoft-authentication {"startup":false,"extensionId":{"value":"vscode.microsoft-authentication","_lower":"vscode.microsoft-authentication"},"activationEvent":"onAuthenticationRequest:microsoft"}
[2020-10-15 20:56:12.054] [exthost] [info] ExtensionService#loadCommonJSModule file:///usr/share/code/resources/app/extensions/microsoft-authentication/dist/extension.js
[2020-10-15 20:56:12.199] [exthost] [info] ExtensionService#_doActivateExtension ms-vscode.cpptools {"startup":false,"extensionId":{"value":"ms-vscode.cpptools","_lower":"ms-vscode.cpptools"},"activationEvent":"onLanguage:c"}
[2020-10-15 20:56:12.199] [exthost] [info] ExtensionService#loadCommonJSModule file:///root/.vscode/extensions/ms-vscode.cpptools-1.0.1/dist/main
[2020-10-15 20:56:12.408] [exthost] [info] ExtensionService#_doActivateExtension ms-vscode.js-debug {"startup":false,"extensionId":{"value":"ms-vscode.js-debug","_lower":"ms-vscode.js-debug"},"activationEvent":"onDebugDynamicConfigurations"}
[2020-10-15 20:56:12.408] [exthost] [info] ExtensionService#loadCommonJSModule file:///usr/share/code/resources/app/extensions/ms-vscode.js-debug/src/extension.js
[2020-10-15 20:56:12.741] [exthost] [info] ExtensionService#_doActivateExtension vscode.debug-auto-launch {"startup":true,"extensionId":{"value":"vscode.debug-auto-launch","_lower":"vscode.debug-auto-launch"},"activationEvent":"*"}
[2020-10-15 20:56:12.741] [exthost] [info] ExtensionService#loadCommonJSModule file:///usr/share/code/resources/app/extensions/debug-auto-launch/dist/extension
[2020-10-15 20:56:12.744] [exthost] [info] ExtensionService#_doActivateExtension vscode.emmet {"startup":true,"extensionId":{"value":"vscode.emmet","_lower":"vscode.emmet"},"activationEvent":"*"}
[2020-10-15 20:56:12.744] [exthost] [info] ExtensionService#loadCommonJSModule file:///usr/share/code/resources/app/extensions/emmet/dist/node/emmetNodeMain
[2020-10-15 20:56:12.770] [exthost] [info] ExtensionService#_doActivateExtension vscode.git {"startup":true,"extensionId":{"value":"vscode.github","_lower":"vscode.github"},"activationEvent":"*"}
[2020-10-15 20:56:12.771] [exthost] [info] ExtensionService#loadCommonJSModule file:///usr/share/code/resources/app/extensions/git/dist/main
[2020-10-15 20:56:12.817] [exthost] [info] ExtensionService#_doActivateExtension vscode.merge-conflict {"startup":true,"extensionId":{"value":"vscode.merge-conflict","_lower":"vscode.merge-conflict"},"activationEvent":"*"}
[2020-10-15 20:56:12.817] [exthost] [info] ExtensionService#loadCommonJSModule file:///usr/share/code/resources/app/extensions/merge-conflict/dist/mergeConflictMain
[2020-10-15 20:56:12.900] [exthost] [info] ExtensionService#_doActivateExtension vscode.search-result {"startup":true,"extensionId":{"value":"vscode.search-result","_lower":"vscode.search-result"},"activationEvent":"*"}
[2020-10-15 20:56:12.900] [exthost] [info] ExtensionService#loadCommonJSModule file:///usr/share/code/resources/app/extensions/search-result/dist/extension.js
[2020-10-15 20:56:13.231] [exthost] [info] ExtensionService#_doActivateExtension vscode.github {"startup":true,"extensionId":{"value":"vscode.github","_lower":"vscode.github"},"activationEvent":"*"}
[2020-10-15 20:56:13.232] [exthost] [info] ExtensionService#loadCommonJSModule file:///usr/share/code/resources/app/extensions/github/dist/extension.js
[2020-10-15 20:56:13.473] [exthost] [info] eager extensions activated
[2020-10-15 20:56:13.530] [exthost] [info] ExtensionService#_doActivateExtension vscode.github-authentication {"startup":false,"extensionId":{"value":"vscode.github-authentication","_lower":"vscode.github-authentication"},"activationEvent":"onAuthenticationRequest:github"}
[2020-10-15 20:56:13.531] [exthost] [info] ExtensionService#loadCommonJSModule file:///usr/share/code/resources/app/extensions/github-authentication/dist/extension.js
[2020-10-15 20:58:21.301] [exthost] [error] [ms-vscode.cpptools] provider FAILED
[2020-10-15 20:58:21.301] [exthost] [error] undefined
[2020-10-15 20:58:21.301] [exthost] [error] [ms-vscode.cpptools] provider FAILED
[2020-10-15 20:58:21.301] [exthost] [error] undefined
[2020-10-15 20:58:21.711] [exthost] [error] [ms-vscode.cpptools] provider FAILED
[2020-10-15 20:58:21.711] [exthost] [error] undefined
[2020-10-15 20:58:28.038] [exthost] [error] [ms-vscode.cpptools] provider FAILED
[2020-10-15 20:58:28.038] [exthost] [error] undefined
[2020-10-15 20:58:36.273] [exthost] [error] [ms-vscode.cpptools] provider FAILED
[2020-10-15 20:58:36.273] [exthost] [error] undefined
[2020-10-15 20:58:43.138] [exthost] [error] [ms-vscode.cpptools] provider FAILED
[2020-10-15 20:58:43.138] [exthost] [error] undefined
[2020-10-15 20:58:45.510] [exthost] [error] [ms-vscode.cpptools] provider FAILED
[2020-10-15 20:58:45.510] [exthost] [error] undefined
[2020-10-15 20:58:52.238] [exthost] [error] [ms-vscode.cpptools] provider FAILED
[2020-10-15 20:58:52.238] [exthost] [error] undefined
