[2020-10-16 22:25:18.938] [exthost] [info] extension host started
[2020-10-16 22:25:19.002] [exthost] [info] ExtensionService#_doActivateExtension vscode.microsoft-authentication {"startup":false,"extensionId":{"value":"vscode.microsoft-authentication","_lower":"vscode.microsoft-authentication"},"activationEvent":"onAuthenticationRequest:microsoft"}
[2020-10-16 22:25:19.002] [exthost] [info] ExtensionService#loadCommonJSModule file:///usr/share/code/resources/app/extensions/microsoft-authentication/dist/extension.js
[2020-10-16 22:25:19.038] [exthost] [info] ExtensionService#_doActivateExtension ms-vscode.cpptools {"startup":false,"extensionId":{"value":"ms-vscode.cpptools","_lower":"ms-vscode.cpptools"},"activationEvent":"onLanguage:c"}
[2020-10-16 22:25:19.039] [exthost] [info] ExtensionService#loadCommonJSModule file:///root/.vscode/extensions/ms-vscode.cpptools-1.0.1/dist/main
[2020-10-16 22:25:19.119] [exthost] [info] ExtensionService#_doActivateExtension ms-vscode.js-debug {"startup":false,"extensionId":{"value":"ms-vscode.js-debug","_lower":"ms-vscode.js-debug"},"activationEvent":"onDebugDynamicConfigurations"}
[2020-10-16 22:25:19.119] [exthost] [info] ExtensionService#loadCommonJSModule file:///usr/share/code/resources/app/extensions/ms-vscode.js-debug/src/extension.js
[2020-10-16 22:25:19.460] [exthost] [info] ExtensionService#_doActivateExtension vscode.debug-auto-launch {"startup":true,"extensionId":{"value":"vscode.debug-auto-launch","_lower":"vscode.debug-auto-launch"},"activationEvent":"*"}
[2020-10-16 22:25:19.460] [exthost] [info] ExtensionService#loadCommonJSModule file:///usr/share/code/resources/app/extensions/debug-auto-launch/dist/extension
[2020-10-16 22:25:19.476] [exthost] [info] ExtensionService#_doActivateExtension vscode.emmet {"startup":true,"extensionId":{"value":"vscode.emmet","_lower":"vscode.emmet"},"activationEvent":"*"}
[2020-10-16 22:25:19.476] [exthost] [info] ExtensionService#loadCommonJSModule file:///usr/share/code/resources/app/extensions/emmet/dist/node/emmetNodeMain
[2020-10-16 22:25:19.517] [exthost] [info] ExtensionService#_doActivateExtension vscode.git {"startup":true,"extensionId":{"value":"vscode.github","_lower":"vscode.github"},"activationEvent":"*"}
[2020-10-16 22:25:19.517] [exthost] [info] ExtensionService#loadCommonJSModule file:///usr/share/code/resources/app/extensions/git/dist/main
[2020-10-16 22:25:19.594] [exthost] [info] ExtensionService#_doActivateExtension vscode.merge-conflict {"startup":true,"extensionId":{"value":"vscode.merge-conflict","_lower":"vscode.merge-conflict"},"activationEvent":"*"}
[2020-10-16 22:25:19.594] [exthost] [info] ExtensionService#loadCommonJSModule file:///usr/share/code/resources/app/extensions/merge-conflict/dist/mergeConflictMain
[2020-10-16 22:25:19.613] [exthost] [info] ExtensionService#_doActivateExtension vscode.search-result {"startup":true,"extensionId":{"value":"vscode.search-result","_lower":"vscode.search-result"},"activationEvent":"*"}
[2020-10-16 22:25:19.613] [exthost] [info] ExtensionService#loadCommonJSModule file:///usr/share/code/resources/app/extensions/search-result/dist/extension.js
[2020-10-16 22:25:19.875] [exthost] [info] ExtensionService#_doActivateExtension vscode.github-authentication {"startup":false,"extensionId":{"value":"vscode.github-authentication","_lower":"vscode.github-authentication"},"activationEvent":"onAuthenticationRequest:github"}
[2020-10-16 22:25:19.875] [exthost] [info] ExtensionService#loadCommonJSModule file:///usr/share/code/resources/app/extensions/github-authentication/dist/extension.js
[2020-10-16 22:25:20.060] [exthost] [info] ExtensionService#_doActivateExtension vscode.github {"startup":true,"extensionId":{"value":"vscode.github","_lower":"vscode.github"},"activationEvent":"*"}
[2020-10-16 22:25:20.060] [exthost] [info] ExtensionService#loadCommonJSModule file:///usr/share/code/resources/app/extensions/github/dist/extension.js
[2020-10-16 22:25:20.466] [exthost] [info] eager extensions activated
[2020-10-16 22:26:20.750] [exthost] [error] [ms-vscode.cpptools] provider FAILED
[2020-10-16 22:26:20.750] [exthost] [error] undefined
[2020-10-16 22:29:29.890] [exthost] [error] [ms-vscode.cpptools] provider FAILED
[2020-10-16 22:29:29.890] [exthost] [error] undefined
[2020-10-16 22:29:36.779] [exthost] [error] [ms-vscode.cpptools] provider FAILED
[2020-10-16 22:29:36.779] [exthost] [error] undefined
[2020-10-16 22:29:38.811] [exthost] [error] [ms-vscode.cpptools] provider FAILED
[2020-10-16 22:29:38.811] [exthost] [error] undefined
[2020-10-16 22:29:42.919] [exthost] [error] [ms-vscode.cpptools] provider FAILED
[2020-10-16 22:29:42.919] [exthost] [error] undefined
[2020-10-16 22:30:01.812] [exthost] [error] [ms-vscode.cpptools] provider FAILED
[2020-10-16 22:30:01.812] [exthost] [error] undefined
[2020-10-16 22:30:03.883] [exthost] [error] [ms-vscode.cpptools] provider FAILED
[2020-10-16 22:30:03.883] [exthost] [error] undefined
[2020-10-16 22:31:46.760] [exthost] [error] [ms-vscode.cpptools] provider FAILED
[2020-10-16 22:31:46.760] [exthost] [error] undefined
[2020-10-16 22:34:20.141] [exthost] [error] [ms-vscode.cpptools] provider FAILED
[2020-10-16 22:34:20.141] [exthost] [error] undefined
[2020-10-16 22:35:31.703] [exthost] [error] [ms-vscode.cpptools] provider FAILED
[2020-10-16 22:35:31.703] [exthost] [error] undefined
[2020-10-16 22:35:34.620] [exthost] [error] [ms-vscode.cpptools] provider FAILED
[2020-10-16 22:35:34.620] [exthost] [error] undefined
[2020-10-16 22:36:08.194] [exthost] [error] [ms-vscode.cpptools] provider FAILED
[2020-10-16 22:36:08.194] [exthost] [error] undefined
[2020-10-16 22:36:49.970] [exthost] [error] [ms-vscode.cpptools] provider FAILED
[2020-10-16 22:36:49.970] [exthost] [error] undefined
[2020-10-16 22:36:56.167] [exthost] [error] [ms-vscode.cpptools] provider FAILED
[2020-10-16 22:36:56.167] [exthost] [error] undefined
[2020-10-16 22:37:04.543] [exthost] [error] [ms-vscode.cpptools] provider FAILED
[2020-10-16 22:37:04.543] [exthost] [error] undefined
[2020-10-16 22:37:12.927] [exthost] [error] [ms-vscode.cpptools] provider FAILED
[2020-10-16 22:37:12.927] [exthost] [error] undefined
[2020-10-16 22:37:19.497] [exthost] [error] [ms-vscode.cpptools] provider FAILED
[2020-10-16 22:37:19.497] [exthost] [error] undefined
[2020-10-16 22:37:21.516] [exthost] [error] [ms-vscode.cpptools] provider FAILED
[2020-10-16 22:37:21.516] [exthost] [error] undefined
[2020-10-16 22:38:31.213] [exthost] [error] [ms-vscode.cpptools] provider FAILED
[2020-10-16 22:38:31.213] [exthost] [error] undefined
[2020-10-16 22:39:34.222] [exthost] [error] [ms-vscode.cpptools] provider FAILED
[2020-10-16 22:39:34.222] [exthost] [error] undefined
[2020-10-16 22:39:38.577] [exthost] [error] [ms-vscode.cpptools] provider FAILED
[2020-10-16 22:39:38.577] [exthost] [error] undefined
[2020-10-16 22:40:15.001] [exthost] [error] [ms-vscode.cpptools] provider FAILED
[2020-10-16 22:40:15.001] [exthost] [error] undefined
[2020-10-16 22:40:19.156] [exthost] [error] [ms-vscode.cpptools] provider FAILED
[2020-10-16 22:40:19.156] [exthost] [error] undefined
[2020-10-16 22:40:31.866] [exthost] [error] [ms-vscode.cpptools] provider FAILED
[2020-10-16 22:40:31.866] [exthost] [error] undefined
[2020-10-16 22:40:40.221] [exthost] [error] [ms-vscode.cpptools] provider FAILED
[2020-10-16 22:40:40.221] [exthost] [error] undefined
[2020-10-16 22:40:47.149] [exthost] [error] [ms-vscode.cpptools] provider FAILED
[2020-10-16 22:40:47.149] [exthost] [error] undefined
[2020-10-16 22:41:39.736] [exthost] [error] [ms-vscode.cpptools] provider FAILED
[2020-10-16 22:41:39.736] [exthost] [error] undefined
[2020-10-16 22:41:45.123] [exthost] [error] [ms-vscode.cpptools] provider FAILED
[2020-10-16 22:41:45.123] [exthost] [error] undefined
[2020-10-16 22:41:47.106] [exthost] [warning] ms-vscode.cpptools - Code actions of kind 'quickfix 'requested but returned code action does not have a 'kind'. Code action will be dropped. Please set 'CodeAction.kind'.
[2020-10-16 22:41:49.468] [exthost] [error] [ms-vscode.cpptools] provider FAILED
[2020-10-16 22:41:49.468] [exthost] [error] undefined
[2020-10-16 22:41:57.761] [exthost] [error] [ms-vscode.cpptools] provider FAILED
[2020-10-16 22:41:57.761] [exthost] [error] undefined
[2020-10-16 22:42:20.986] [exthost] [error] [ms-vscode.cpptools] provider FAILED
[2020-10-16 22:42:20.986] [exthost] [error] undefined
[2020-10-16 22:42:25.637] [exthost] [error] [ms-vscode.cpptools] provider FAILED
[2020-10-16 22:42:25.637] [exthost] [error] undefined
[2020-10-16 22:43:27.149] [exthost] [error] [ms-vscode.cpptools] provider FAILED
[2020-10-16 22:43:27.149] [exthost] [error] undefined
[2020-10-16 22:43:32.400] [exthost] [error] [ms-vscode.cpptools] provider FAILED
[2020-10-16 22:43:32.400] [exthost] [error] undefined
[2020-10-16 22:43:49.916] [exthost] [error] [ms-vscode.cpptools] provider FAILED
[2020-10-16 22:43:49.916] [exthost] [error] undefined
[2020-10-16 22:44:04.613] [exthost] [error] [ms-vscode.cpptools] provider FAILED
[2020-10-16 22:44:04.613] [exthost] [error] undefined
[2020-10-16 22:44:10.336] [exthost] [error] [ms-vscode.cpptools] provider FAILED
[2020-10-16 22:44:10.336] [exthost] [error] undefined
[2020-10-16 22:44:15.464] [exthost] [warning] ms-vscode.cpptools - Code actions of kind 'quickfix 'requested but returned code action does not have a 'kind'. Code action will be dropped. Please set 'CodeAction.kind'.
[2020-10-16 22:44:16.352] [exthost] [warning] ms-vscode.cpptools - Code actions of kind 'quickfix 'requested but returned code action does not have a 'kind'. Code action will be dropped. Please set 'CodeAction.kind'.
[2020-10-16 22:44:24.360] [exthost] [error] [ms-vscode.cpptools] provider FAILED
[2020-10-16 22:44:24.360] [exthost] [error] undefined
[2020-10-16 22:44:31.183] [exthost] [warning] ms-vscode.cpptools - Code actions of kind 'quickfix 'requested but returned code action does not have a 'kind'. Code action will be dropped. Please set 'CodeAction.kind'.
[2020-10-16 22:44:32.866] [exthost] [error] [ms-vscode.cpptools] provider FAILED
[2020-10-16 22:44:32.866] [exthost] [error] undefined
[2020-10-16 22:44:51.661] [exthost] [error] [ms-vscode.cpptools] provider FAILED
[2020-10-16 22:44:51.661] [exthost] [error] undefined
[2020-10-16 22:46:04.372] [exthost] [error] [ms-vscode.cpptools] provider FAILED
[2020-10-16 22:46:04.372] [exthost] [error] undefined
[2020-10-16 22:46:08.704] [exthost] [error] [ms-vscode.cpptools] provider FAILED
[2020-10-16 22:46:08.704] [exthost] [error] undefined
[2020-10-16 22:46:17.013] [exthost] [error] [ms-vscode.cpptools] provider FAILED
[2020-10-16 22:46:17.013] [exthost] [error] undefined
[2020-10-16 22:46:21.260] [exthost] [error] [ms-vscode.cpptools] provider FAILED
[2020-10-16 22:46:21.260] [exthost] [error] undefined
[2020-10-16 22:46:24.011] [exthost] [warning] ms-vscode.cpptools - Code actions of kind 'quickfix 'requested but returned code action does not have a 'kind'. Code action will be dropped. Please set 'CodeAction.kind'.
[2020-10-16 22:46:42.856] [exthost] [error] [ms-vscode.cpptools] provider FAILED
[2020-10-16 22:46:42.856] [exthost] [error] undefined
[2020-10-16 22:46:44.906] [exthost] [error] [ms-vscode.cpptools] provider FAILED
[2020-10-16 22:46:44.906] [exthost] [error] undefined
[2020-10-16 22:48:15.516] [exthost] [error] [ms-vscode.cpptools] provider FAILED
[2020-10-16 22:48:15.516] [exthost] [error] undefined
[2020-10-16 22:48:19.846] [exthost] [error] [ms-vscode.cpptools] provider FAILED
[2020-10-16 22:48:19.846] [exthost] [error] undefined
[2020-10-16 22:48:52.217] [exthost] [error] [ms-vscode.cpptools] provider FAILED
[2020-10-16 22:48:52.217] [exthost] [error] undefined
[2020-10-16 22:49:21.569] [exthost] [error] [ms-vscode.cpptools] provider FAILED
[2020-10-16 22:49:21.569] [exthost] [error] undefined
[2020-10-16 22:49:26.056] [exthost] [error] [ms-vscode.cpptools] provider FAILED
[2020-10-16 22:49:26.056] [exthost] [error] undefined
[2020-10-16 22:50:01.245] [exthost] [error] [ms-vscode.cpptools] provider FAILED
[2020-10-16 22:50:01.245] [exthost] [error] undefined
[2020-10-16 22:50:13.890] [exthost] [error] [ms-vscode.cpptools] provider FAILED
[2020-10-16 22:50:13.890] [exthost] [error] undefined
[2020-10-16 22:50:15.928] [exthost] [error] [ms-vscode.cpptools] provider FAILED
[2020-10-16 22:50:15.928] [exthost] [error] undefined
[2020-10-16 22:50:18.071] [exthost] [error] [ms-vscode.cpptools] provider FAILED
[2020-10-16 22:50:18.071] [exthost] [error] undefined
[2020-10-16 22:50:26.442] [exthost] [error] [ms-vscode.cpptools] provider FAILED
[2020-10-16 22:50:26.442] [exthost] [error] undefined
[2020-10-16 22:50:28.902] [exthost] [error] [ms-vscode.cpptools] provider FAILED
[2020-10-16 22:50:28.902] [exthost] [error] undefined
[2020-10-16 22:50:33.327] [exthost] [error] [ms-vscode.cpptools] provider FAILED
[2020-10-16 22:50:33.327] [exthost] [error] undefined
[2020-10-16 22:50:37.381] [exthost] [error] [ms-vscode.cpptools] provider FAILED
[2020-10-16 22:50:37.381] [exthost] [error] undefined
[2020-10-16 22:51:41.288] [exthost] [error] [ms-vscode.cpptools] provider FAILED
[2020-10-16 22:51:41.288] [exthost] [error] undefined
[2020-10-16 22:51:49.846] [exthost] [error] [ms-vscode.cpptools] provider FAILED
[2020-10-16 22:51:49.846] [exthost] [error] undefined
[2020-10-16 22:52:04.685] [exthost] [error] [ms-vscode.cpptools] provider FAILED
[2020-10-16 22:52:04.685] [exthost] [error] undefined
[2020-10-16 22:52:34.443] [exthost] [error] [ms-vscode.cpptools] provider FAILED
[2020-10-16 22:52:34.443] [exthost] [error] undefined
[2020-10-16 22:53:09.142] [exthost] [warning] ms-vscode.cpptools - Code actions of kind 'quickfix 'requested but returned code action does not have a 'kind'. Code action will be dropped. Please set 'CodeAction.kind'.
[2020-10-16 22:53:11.745] [exthost] [error] [ms-vscode.cpptools] provider FAILED
[2020-10-16 22:53:11.746] [exthost] [error] undefined
[2020-10-16 22:53:55.725] [exthost] [error] [ms-vscode.cpptools] provider FAILED
[2020-10-16 22:53:55.725] [exthost] [error] undefined
[2020-10-16 22:54:08.167] [exthost] [error] [ms-vscode.cpptools] provider FAILED
[2020-10-16 22:54:08.167] [exthost] [error] undefined
[2020-10-16 22:54:16.777] [exthost] [error] [ms-vscode.cpptools] provider FAILED
[2020-10-16 22:54:16.777] [exthost] [error] undefined
[2020-10-16 22:54:20.491] [exthost] [error] [ms-vscode.cpptools] provider FAILED
[2020-10-16 22:54:20.491] [exthost] [error] undefined
[2020-10-16 22:54:27.850] [exthost] [error] [ms-vscode.cpptools] provider FAILED
[2020-10-16 22:54:27.850] [exthost] [error] undefined
[2020-10-16 22:55:26.946] [exthost] [error] [ms-vscode.cpptools] provider FAILED
[2020-10-16 22:55:26.946] [exthost] [error] undefined
[2020-10-16 22:55:40.292] [exthost] [error] [ms-vscode.cpptools] provider FAILED
[2020-10-16 22:55:40.292] [exthost] [error] undefined
[2020-10-16 22:55:40.484] [exthost] [error] [ms-vscode.cpptools] provider FAILED
[2020-10-16 22:55:40.484] [exthost] [error] undefined
[2020-10-16 22:55:44.512] [exthost] [error] [ms-vscode.cpptools] provider FAILED
[2020-10-16 22:55:44.512] [exthost] [error] undefined
[2020-10-16 22:55:51.019] [exthost] [error] [ms-vscode.cpptools] provider FAILED
[2020-10-16 22:55:51.019] [exthost] [error] undefined
[2020-10-16 22:55:57.279] [exthost] [error] [ms-vscode.cpptools] provider FAILED
[2020-10-16 22:55:57.279] [exthost] [error] undefined
[2020-10-16 22:56:11.684] [exthost] [error] [ms-vscode.cpptools] provider FAILED
[2020-10-16 22:56:11.684] [exthost] [error] undefined
[2020-10-16 22:56:22.129] [exthost] [error] [ms-vscode.cpptools] provider FAILED
[2020-10-16 22:56:22.129] [exthost] [error] undefined
[2020-10-16 22:56:45.402] [exthost] [error] [ms-vscode.cpptools] provider FAILED
[2020-10-16 22:56:45.402] [exthost] [error] undefined
[2020-10-16 22:58:03.890] [exthost] [error] [ms-vscode.cpptools] provider FAILED
[2020-10-16 22:58:03.890] [exthost] [error] undefined
[2020-10-16 22:58:20.606] [exthost] [error] [ms-vscode.cpptools] provider FAILED
[2020-10-16 22:58:20.606] [exthost] [error] undefined
[2020-10-16 22:58:34.243] [exthost] [error] [ms-vscode.cpptools] provider FAILED
[2020-10-16 22:58:34.243] [exthost] [error] undefined
[2020-10-16 22:58:53.207] [exthost] [error] [ms-vscode.cpptools] provider FAILED
[2020-10-16 22:58:53.207] [exthost] [error] undefined
[2020-10-16 22:59:25.052] [exthost] [error] [ms-vscode.cpptools] provider FAILED
[2020-10-16 22:59:25.052] [exthost] [error] undefined
[2020-10-16 22:59:39.812] [exthost] [error] [ms-vscode.cpptools] provider FAILED
[2020-10-16 22:59:39.812] [exthost] [error] undefined
[2020-10-16 23:00:34.708] [exthost] [error] [ms-vscode.cpptools] provider FAILED
[2020-10-16 23:00:34.708] [exthost] [error] undefined
[2020-10-16 23:00:43.740] [exthost] [error] [ms-vscode.cpptools] provider FAILED
[2020-10-16 23:00:43.740] [exthost] [error] undefined
[2020-10-16 23:01:40.277] [exthost] [error] [ms-vscode.cpptools] provider FAILED
[2020-10-16 23:01:40.277] [exthost] [error] undefined
[2020-10-16 23:02:53.822] [exthost] [error] [ms-vscode.cpptools] provider FAILED
[2020-10-16 23:02:53.822] [exthost] [error] undefined
[2020-10-16 23:03:13.098] [exthost] [error] [ms-vscode.cpptools] provider FAILED
[2020-10-16 23:03:13.098] [exthost] [error] undefined
[2020-10-16 23:03:17.147] [exthost] [error] [ms-vscode.cpptools] provider FAILED
[2020-10-16 23:03:17.147] [exthost] [error] undefined
[2020-10-16 23:03:35.937] [exthost] [error] [ms-vscode.cpptools] provider FAILED
[2020-10-16 23:03:35.937] [exthost] [error] undefined
[2020-10-16 23:05:00.421] [exthost] [error] [ms-vscode.cpptools] provider FAILED
[2020-10-16 23:05:00.421] [exthost] [error] undefined
[2020-10-16 23:05:17.810] [exthost] [error] [ms-vscode.cpptools] provider FAILED
[2020-10-16 23:05:17.810] [exthost] [error] undefined
[2020-10-16 23:05:22.196] [exthost] [error] [ms-vscode.cpptools] provider FAILED
[2020-10-16 23:05:22.196] [exthost] [error] undefined
[2020-10-16 23:05:26.607] [exthost] [error] [ms-vscode.cpptools] provider FAILED
[2020-10-16 23:05:26.607] [exthost] [error] undefined
[2020-10-16 23:05:37.038] [exthost] [error] [ms-vscode.cpptools] provider FAILED
[2020-10-16 23:05:37.038] [exthost] [error] undefined
[2020-10-16 23:05:42.025] [exthost] [error] [ms-vscode.cpptools] provider FAILED
[2020-10-16 23:05:42.025] [exthost] [error] undefined
[2020-10-16 23:05:44.306] [exthost] [error] [ms-vscode.cpptools] provider FAILED
[2020-10-16 23:05:44.306] [exthost] [error] undefined
[2020-10-16 23:05:46.461] [exthost] [error] [ms-vscode.cpptools] provider FAILED
[2020-10-16 23:05:46.461] [exthost] [error] undefined
[2020-10-16 23:05:48.688] [exthost] [error] [ms-vscode.cpptools] provider FAILED
[2020-10-16 23:05:48.688] [exthost] [error] undefined
[2020-10-16 23:06:01.375] [exthost] [error] [ms-vscode.cpptools] provider FAILED
[2020-10-16 23:06:01.375] [exthost] [error] undefined
[2020-10-16 23:06:12.776] [exthost] [error] [ms-vscode.cpptools] provider FAILED
[2020-10-16 23:06:12.776] [exthost] [error] undefined
[2020-10-16 23:06:18.817] [exthost] [error] [ms-vscode.cpptools] provider FAILED
[2020-10-16 23:06:18.817] [exthost] [error] undefined
[2020-10-16 23:06:35.470] [exthost] [error] [ms-vscode.cpptools] provider FAILED
[2020-10-16 23:06:35.470] [exthost] [error] undefined
[2020-10-16 23:07:23.248] [exthost] [error] [ms-vscode.cpptools] provider FAILED
[2020-10-16 23:07:23.248] [exthost] [error] undefined
[2020-10-16 23:07:36.019] [exthost] [error] [ms-vscode.cpptools] provider FAILED
[2020-10-16 23:07:36.019] [exthost] [error] undefined
[2020-10-16 23:08:22.749] [exthost] [error] [ms-vscode.cpptools] provider FAILED
[2020-10-16 23:08:22.749] [exthost] [error] undefined
[2020-10-16 23:08:29.084] [exthost] [error] [ms-vscode.cpptools] provider FAILED
[2020-10-16 23:08:29.085] [exthost] [error] undefined
[2020-10-16 23:08:48.968] [exthost] [error] [ms-vscode.cpptools] provider FAILED
[2020-10-16 23:08:48.968] [exthost] [error] undefined
[2020-10-16 23:08:55.455] [exthost] [error] [ms-vscode.cpptools] provider FAILED
[2020-10-16 23:08:55.455] [exthost] [error] undefined
[2020-10-16 23:09:03.341] [exthost] [error] [ms-vscode.cpptools] provider FAILED
[2020-10-16 23:09:03.341] [exthost] [error] undefined
[2020-10-16 23:09:12.944] [exthost] [error] [ms-vscode.cpptools] provider FAILED
[2020-10-16 23:09:12.944] [exthost] [error] undefined
[2020-10-16 23:09:22.353] [exthost] [error] [ms-vscode.cpptools] provider FAILED
[2020-10-16 23:09:22.353] [exthost] [error] undefined
[2020-10-16 23:09:58.097] [exthost] [error] [ms-vscode.cpptools] provider FAILED
[2020-10-16 23:09:58.097] [exthost] [error] undefined
[2020-10-16 23:10:04.890] [exthost] [error] [ms-vscode.cpptools] provider FAILED
[2020-10-16 23:10:04.890] [exthost] [error] undefined
[2020-10-16 23:10:10.101] [exthost] [error] [ms-vscode.cpptools] provider FAILED
[2020-10-16 23:10:10.101] [exthost] [error] undefined
[2020-10-16 23:10:21.981] [exthost] [error] [ms-vscode.cpptools] provider FAILED
[2020-10-16 23:10:21.981] [exthost] [error] undefined
[2020-10-16 23:12:27.625] [exthost] [error] [ms-vscode.cpptools] provider FAILED
[2020-10-16 23:12:27.625] [exthost] [error] undefined
[2020-10-16 23:12:29.644] [exthost] [error] [ms-vscode.cpptools] provider FAILED
[2020-10-16 23:12:29.644] [exthost] [error] undefined
[2020-10-16 23:12:46.397] [exthost] [error] [ms-vscode.cpptools] provider FAILED
[2020-10-16 23:12:46.397] [exthost] [error] undefined
[2020-10-16 23:12:57.485] [exthost] [error] [ms-vscode.cpptools] provider FAILED
[2020-10-16 23:12:57.485] [exthost] [error] undefined
[2020-10-16 23:13:05.663] [exthost] [error] [ms-vscode.cpptools] provider FAILED
[2020-10-16 23:13:05.663] [exthost] [error] undefined
[2020-10-16 23:13:09.979] [exthost] [error] [ms-vscode.cpptools] provider FAILED
[2020-10-16 23:13:09.979] [exthost] [error] undefined
[2020-10-16 23:13:33.471] [exthost] [error] [ms-vscode.cpptools] provider FAILED
[2020-10-16 23:13:33.471] [exthost] [error] undefined
[2020-10-16 23:13:35.625] [exthost] [error] [ms-vscode.cpptools] provider FAILED
[2020-10-16 23:13:35.625] [exthost] [error] undefined
[2020-10-16 23:13:54.633] [exthost] [error] [ms-vscode.cpptools] provider FAILED
[2020-10-16 23:13:54.633] [exthost] [error] undefined
[2020-10-16 23:14:07.841] [exthost] [error] [ms-vscode.cpptools] provider FAILED
[2020-10-16 23:14:07.841] [exthost] [error] undefined
[2020-10-16 23:14:12.361] [exthost] [warning] ms-vscode.cpptools - Code actions of kind 'quickfix 'requested but returned code action does not have a 'kind'. Code action will be dropped. Please set 'CodeAction.kind'.
[2020-10-16 23:14:12.361] [exthost] [warning] ms-vscode.cpptools - Code actions of kind 'quickfix 'requested but returned code action does not have a 'kind'. Code action will be dropped. Please set 'CodeAction.kind'.
[2020-10-16 23:14:42.085] [exthost] [error] [ms-vscode.cpptools] provider FAILED
[2020-10-16 23:14:42.085] [exthost] [error] undefined
[2020-10-16 23:14:54.837] [exthost] [error] [ms-vscode.cpptools] provider FAILED
[2020-10-16 23:14:54.837] [exthost] [error] undefined
[2020-10-16 23:15:05.797] [exthost] [error] [ms-vscode.cpptools] provider FAILED
[2020-10-16 23:15:05.797] [exthost] [error] undefined
[2020-10-16 23:15:14.428] [exthost] [error] [ms-vscode.cpptools] provider FAILED
[2020-10-16 23:15:14.428] [exthost] [error] undefined
[2020-10-16 23:15:27.482] [exthost] [error] [ms-vscode.cpptools] provider FAILED
[2020-10-16 23:15:27.482] [exthost] [error] undefined
[2020-10-16 23:16:15.495] [exthost] [error] [ms-vscode.cpptools] provider FAILED
[2020-10-16 23:16:15.495] [exthost] [error] undefined
[2020-10-16 23:17:44.464] [exthost] [error] [ms-vscode.cpptools] provider FAILED
[2020-10-16 23:17:44.464] [exthost] [error] undefined
[2020-10-16 23:17:46.484] [exthost] [error] [ms-vscode.cpptools] provider FAILED
[2020-10-16 23:17:46.484] [exthost] [error] undefined
[2020-10-16 23:18:55.764] [exthost] [error] [ms-vscode.cpptools] provider FAILED
[2020-10-16 23:18:55.764] [exthost] [error] undefined
[2020-10-16 23:19:02.601] [exthost] [error] [ms-vscode.cpptools] provider FAILED
[2020-10-16 23:19:02.601] [exthost] [error] undefined
[2020-10-16 23:19:08.970] [exthost] [error] [ms-vscode.cpptools] provider FAILED
[2020-10-16 23:19:08.970] [exthost] [error] undefined
[2020-10-16 23:19:11.163] [exthost] [error] [ms-vscode.cpptools] provider FAILED
[2020-10-16 23:19:11.163] [exthost] [error] undefined
[2020-10-16 23:19:39.161] [exthost] [error] [ms-vscode.cpptools] provider FAILED
[2020-10-16 23:19:39.161] [exthost] [error] undefined
[2020-10-16 23:19:56.117] [exthost] [error] [ms-vscode.cpptools] provider FAILED
[2020-10-16 23:19:56.117] [exthost] [error] undefined
[2020-10-16 23:20:08.913] [exthost] [error] [ms-vscode.cpptools] provider FAILED
[2020-10-16 23:20:08.914] [exthost] [error] undefined
[2020-10-16 23:20:13.319] [exthost] [error] [ms-vscode.cpptools] provider FAILED
[2020-10-16 23:20:13.319] [exthost] [error] undefined
[2020-10-16 23:20:19.683] [exthost] [error] [ms-vscode.cpptools] provider FAILED
[2020-10-16 23:20:19.683] [exthost] [error] undefined
[2020-10-16 23:20:28.481] [exthost] [error] [ms-vscode.cpptools] provider FAILED
[2020-10-16 23:20:28.481] [exthost] [error] undefined
[2020-10-16 23:20:34.819] [exthost] [error] [ms-vscode.cpptools] provider FAILED
[2020-10-16 23:20:34.819] [exthost] [error] undefined
[2020-10-16 23:20:41.079] [exthost] [error] [ms-vscode.cpptools] provider FAILED
[2020-10-16 23:20:41.079] [exthost] [error] undefined
[2020-10-16 23:21:02.221] [exthost] [error] [ms-vscode.cpptools] provider FAILED
[2020-10-16 23:21:02.221] [exthost] [error] undefined
[2020-10-16 23:21:45.314] [exthost] [error] [ms-vscode.cpptools] provider FAILED
[2020-10-16 23:21:45.314] [exthost] [error] undefined
[2020-10-16 23:21:54.187] [exthost] [error] [ms-vscode.cpptools] provider FAILED
[2020-10-16 23:21:54.187] [exthost] [error] undefined
[2020-10-16 23:23:45.918] [exthost] [error] [ms-vscode.cpptools] provider FAILED
[2020-10-16 23:23:45.918] [exthost] [error] undefined
[2020-10-16 23:23:57.342] [exthost] [error] [ms-vscode.cpptools] provider FAILED
[2020-10-16 23:23:57.342] [exthost] [error] undefined
[2020-10-16 23:24:07.684] [exthost] [error] [ms-vscode.cpptools] provider FAILED
[2020-10-16 23:24:07.684] [exthost] [error] undefined
[2020-10-16 23:24:18.334] [exthost] [error] [ms-vscode.cpptools] provider FAILED
[2020-10-16 23:24:18.334] [exthost] [error] undefined
[2020-10-16 23:29:02.734] [exthost] [error] [ms-vscode.cpptools] provider FAILED
[2020-10-16 23:29:02.734] [exthost] [error] undefined
[2020-10-16 23:29:21.823] [exthost] [error] [ms-vscode.cpptools] provider FAILED
[2020-10-16 23:29:21.823] [exthost] [error] undefined
[2020-10-16 23:30:09.774] [exthost] [error] [ms-vscode.cpptools] provider FAILED
[2020-10-16 23:30:09.774] [exthost] [error] undefined
[2020-10-16 23:30:26.888] [exthost] [error] [ms-vscode.cpptools] provider FAILED
[2020-10-16 23:30:26.888] [exthost] [error] undefined
[2020-10-16 23:30:38.881] [exthost] [error] [ms-vscode.cpptools] provider FAILED
[2020-10-16 23:30:38.881] [exthost] [error] undefined
[2020-10-16 23:30:43.198] [exthost] [error] [ms-vscode.cpptools] provider FAILED
[2020-10-16 23:30:43.198] [exthost] [error] undefined
[2020-10-16 23:30:54.248] [exthost] [error] [ms-vscode.cpptools] provider FAILED
[2020-10-16 23:30:54.248] [exthost] [error] undefined
[2020-10-16 23:31:02.519] [exthost] [error] [ms-vscode.cpptools] provider FAILED
[2020-10-16 23:31:02.519] [exthost] [error] undefined
[2020-10-16 23:31:17.470] [exthost] [error] [ms-vscode.cpptools] provider FAILED
[2020-10-16 23:31:17.470] [exthost] [error] undefined
[2020-10-16 23:31:36.428] [exthost] [error] [ms-vscode.cpptools] provider FAILED
[2020-10-16 23:31:36.428] [exthost] [error] undefined
[2020-10-16 23:32:00.294] [exthost] [error] [ms-vscode.cpptools] provider FAILED
[2020-10-16 23:32:00.294] [exthost] [error] undefined
[2020-10-16 23:32:19.980] [exthost] [error] [ms-vscode.cpptools] provider FAILED
[2020-10-16 23:32:19.980] [exthost] [error] undefined
[2020-10-16 23:32:51.698] [exthost] [warning] ms-vscode.cpptools - Code actions of kind 'quickfix 'requested but returned code action does not have a 'kind'. Code action will be dropped. Please set 'CodeAction.kind'.
[2020-10-16 23:33:11.240] [exthost] [error] [ms-vscode.cpptools] provider FAILED
[2020-10-16 23:33:11.240] [exthost] [error] undefined
[2020-10-16 23:40:37.545] [exthost] [error] [ms-vscode.cpptools] provider FAILED
[2020-10-16 23:40:37.545] [exthost] [error] undefined
[2020-10-16 23:41:08.248] [exthost] [error] [ms-vscode.cpptools] provider FAILED
[2020-10-16 23:41:08.248] [exthost] [error] undefined
[2020-10-16 23:42:18.220] [exthost] [error] [ms-vscode.cpptools] provider FAILED
[2020-10-16 23:42:18.220] [exthost] [error] undefined
[2020-10-16 23:42:36.167] [exthost] [error] [ms-vscode.cpptools] provider FAILED
[2020-10-16 23:42:36.167] [exthost] [error] undefined
[2020-10-16 23:48:50.739] [exthost] [error] [ms-vscode.cpptools] provider FAILED
[2020-10-16 23:48:50.739] [exthost] [error] undefined
[2020-10-16 23:48:51.681] [exthost] [error] [ms-vscode.cpptools] provider FAILED
[2020-10-16 23:48:51.681] [exthost] [error] undefined
[2020-10-16 23:49:08.568] [exthost] [error] [ms-vscode.cpptools] provider FAILED
[2020-10-16 23:49:08.568] [exthost] [error] undefined
[2020-10-16 23:49:13.061] [exthost] [error] [ms-vscode.cpptools] provider FAILED
[2020-10-16 23:49:13.061] [exthost] [error] undefined
[2020-10-16 23:49:19.020] [exthost] [error] [ms-vscode.cpptools] provider FAILED
[2020-10-16 23:49:19.020] [exthost] [error] undefined
[2020-10-16 23:52:09.316] [exthost] [error] [ms-vscode.cpptools] provider FAILED
[2020-10-16 23:52:09.316] [exthost] [error] undefined
[2020-10-16 23:52:13.484] [exthost] [error] [ms-vscode.cpptools] provider FAILED
[2020-10-16 23:52:13.485] [exthost] [error] undefined
[2020-10-16 23:52:15.569] [exthost] [error] [ms-vscode.cpptools] provider FAILED
[2020-10-16 23:52:15.569] [exthost] [error] undefined
[2020-10-16 23:52:17.626] [exthost] [error] [ms-vscode.cpptools] provider FAILED
[2020-10-16 23:52:17.626] [exthost] [error] undefined
[2020-10-16 23:52:19.649] [exthost] [error] [ms-vscode.cpptools] provider FAILED
[2020-10-16 23:52:19.649] [exthost] [error] undefined
[2020-10-16 23:52:34.424] [exthost] [error] [ms-vscode.cpptools] provider FAILED
[2020-10-16 23:52:34.424] [exthost] [error] undefined
[2020-10-16 23:52:36.910] [exthost] [error] [ms-vscode.cpptools] provider FAILED
[2020-10-16 23:52:36.910] [exthost] [error] undefined
[2020-10-16 23:52:49.686] [exthost] [error] [ms-vscode.cpptools] provider FAILED
[2020-10-16 23:52:49.686] [exthost] [error] undefined
[2020-10-16 23:53:04.286] [exthost] [error] [ms-vscode.cpptools] provider FAILED
[2020-10-16 23:53:04.286] [exthost] [error] undefined
[2020-10-16 23:53:06.636] [exthost] [error] [ms-vscode.cpptools] provider FAILED
[2020-10-16 23:53:06.636] [exthost] [error] undefined
[2020-10-16 23:53:28.012] [exthost] [error] [ms-vscode.cpptools] provider FAILED
[2020-10-16 23:53:28.012] [exthost] [error] undefined
[2020-10-16 23:53:38.757] [exthost] [error] [ms-vscode.cpptools] provider FAILED
[2020-10-16 23:53:38.757] [exthost] [error] undefined
[2020-10-16 23:53:45.014] [exthost] [error] [ms-vscode.cpptools] provider FAILED
[2020-10-16 23:53:45.014] [exthost] [error] undefined
[2020-10-16 23:53:46.351] [exthost] [warning] ms-vscode.cpptools - Code actions of kind 'quickfix 'requested but returned code action does not have a 'kind'. Code action will be dropped. Please set 'CodeAction.kind'.
[2020-10-16 23:53:46.351] [exthost] [warning] ms-vscode.cpptools - Code actions of kind 'quickfix 'requested but returned code action does not have a 'kind'. Code action will be dropped. Please set 'CodeAction.kind'.
[2020-10-16 23:53:49.512] [exthost] [error] [ms-vscode.cpptools] provider FAILED
[2020-10-16 23:53:49.512] [exthost] [error] undefined
[2020-10-16 23:53:51.624] [exthost] [error] [ms-vscode.cpptools] provider FAILED
[2020-10-16 23:53:51.624] [exthost] [error] undefined
[2020-10-16 23:53:58.193] [exthost] [error] [ms-vscode.cpptools] provider FAILED
[2020-10-16 23:53:58.193] [exthost] [error] undefined
[2020-10-16 23:54:03.475] [exthost] [error] [ms-vscode.cpptools] provider FAILED
[2020-10-16 23:54:03.475] [exthost] [error] undefined
[2020-10-16 23:54:27.488] [exthost] [error] [ms-vscode.cpptools] provider FAILED
[2020-10-16 23:54:27.488] [exthost] [error] undefined
[2020-10-16 23:54:38.401] [exthost] [error] [ms-vscode.cpptools] provider FAILED
[2020-10-16 23:54:38.401] [exthost] [error] undefined
[2020-10-16 23:54:40.406] [exthost] [error] [ms-vscode.cpptools] provider FAILED
[2020-10-16 23:54:40.406] [exthost] [error] undefined
[2020-10-16 23:54:46.657] [exthost] [error] [ms-vscode.cpptools] provider FAILED
[2020-10-16 23:54:46.657] [exthost] [error] undefined
[2020-10-16 23:55:24.601] [exthost] [error] [ms-vscode.cpptools] provider FAILED
[2020-10-16 23:55:24.601] [exthost] [error] undefined
[2020-10-16 23:55:31.343] [exthost] [error] [ms-vscode.cpptools] provider FAILED
[2020-10-16 23:55:31.343] [exthost] [error] undefined
[2020-10-16 23:55:44.398] [exthost] [error] [ms-vscode.cpptools] provider FAILED
[2020-10-16 23:55:44.398] [exthost] [error] undefined
[2020-10-16 23:55:56.778] [exthost] [error] [ms-vscode.cpptools] provider FAILED
[2020-10-16 23:55:56.778] [exthost] [error] undefined
[2020-10-16 23:56:10.847] [exthost] [error] [ms-vscode.cpptools] provider FAILED
[2020-10-16 23:56:10.847] [exthost] [error] undefined
[2020-10-16 23:56:25.493] [exthost] [error] [ms-vscode.cpptools] provider FAILED
[2020-10-16 23:56:25.493] [exthost] [error] undefined
[2020-10-16 23:56:32.250] [exthost] [error] [ms-vscode.cpptools] provider FAILED
[2020-10-16 23:56:32.250] [exthost] [error] undefined
[2020-10-16 23:56:44.813] [exthost] [error] [ms-vscode.cpptools] provider FAILED
[2020-10-16 23:56:44.813] [exthost] [error] undefined
[2020-10-16 23:56:57.635] [exthost] [error] [ms-vscode.cpptools] provider FAILED
[2020-10-16 23:56:57.635] [exthost] [error] undefined
[2020-10-16 23:57:06.345] [exthost] [error] [ms-vscode.cpptools] provider FAILED
[2020-10-16 23:57:06.345] [exthost] [error] undefined
[2020-10-16 23:57:40.942] [exthost] [error] [ms-vscode.cpptools] provider FAILED
[2020-10-16 23:57:40.942] [exthost] [error] undefined
[2020-10-16 23:58:54.688] [exthost] [error] [ms-vscode.cpptools] provider FAILED
[2020-10-16 23:58:54.688] [exthost] [error] undefined
[2020-10-16 23:59:07.323] [exthost] [error] [ms-vscode.cpptools] provider FAILED
[2020-10-16 23:59:07.323] [exthost] [error] undefined
[2020-10-16 23:59:36.253] [exthost] [error] [ms-vscode.cpptools] provider FAILED
[2020-10-16 23:59:36.253] [exthost] [error] undefined
[2020-10-16 23:59:40.578] [exthost] [error] [ms-vscode.cpptools] provider FAILED
[2020-10-16 23:59:40.578] [exthost] [error] undefined
[2020-10-16 23:59:44.786] [exthost] [error] [ms-vscode.cpptools] provider FAILED
[2020-10-16 23:59:44.786] [exthost] [error] undefined
[2020-10-16 23:59:50.903] [exthost] [error] [ms-vscode.cpptools] provider FAILED
[2020-10-16 23:59:50.903] [exthost] [error] undefined
[2020-10-17 00:00:39.380] [exthost] [error] [ms-vscode.cpptools] provider FAILED
[2020-10-17 00:00:39.380] [exthost] [error] undefined
[2020-10-17 00:00:52.377] [exthost] [error] [ms-vscode.cpptools] provider FAILED
[2020-10-17 00:00:52.377] [exthost] [error] undefined
[2020-10-17 00:01:10.984] [exthost] [error] [ms-vscode.cpptools] provider FAILED
[2020-10-17 00:01:10.984] [exthost] [error] undefined
[2020-10-17 00:01:15.255] [exthost] [error] [ms-vscode.cpptools] provider FAILED
[2020-10-17 00:01:15.255] [exthost] [error] undefined
[2020-10-17 00:02:18.364] [exthost] [error] [ms-vscode.cpptools] provider FAILED
[2020-10-17 00:02:18.364] [exthost] [error] undefined
[2020-10-17 00:02:26.796] [exthost] [error] [ms-vscode.cpptools] provider FAILED
[2020-10-17 00:02:26.796] [exthost] [error] undefined
[2020-10-17 00:02:45.622] [exthost] [error] [ms-vscode.cpptools] provider FAILED
[2020-10-17 00:02:45.622] [exthost] [error] undefined
[2020-10-17 00:02:55.258] [exthost] [warning] ms-vscode.cpptools - Code actions of kind 'quickfix 'requested but returned code action does not have a 'kind'. Code action will be dropped. Please set 'CodeAction.kind'.
[2020-10-17 00:02:55.258] [exthost] [warning] ms-vscode.cpptools - Code actions of kind 'quickfix 'requested but returned code action does not have a 'kind'. Code action will be dropped. Please set 'CodeAction.kind'.
[2020-10-17 00:02:56.131] [exthost] [warning] ms-vscode.cpptools - Code actions of kind 'quickfix 'requested but returned code action does not have a 'kind'. Code action will be dropped. Please set 'CodeAction.kind'.
[2020-10-17 00:02:56.131] [exthost] [warning] ms-vscode.cpptools - Code actions of kind 'quickfix 'requested but returned code action does not have a 'kind'. Code action will be dropped. Please set 'CodeAction.kind'.
[2020-10-17 00:02:56.224] [exthost] [error] [ms-vscode.cpptools] provider FAILED
[2020-10-17 00:02:56.224] [exthost] [error] undefined
[2020-10-17 00:03:00.059] [exthost] [info] ExtensionService#_doActivateExtension vscode.configuration-editing {"startup":false,"extensionId":{"value":"vscode.configuration-editing","_lower":"vscode.configuration-editing"},"activationEvent":"onLanguage:jsonc"}
[2020-10-17 00:03:00.060] [exthost] [info] ExtensionService#loadCommonJSModule file:///usr/share/code/resources/app/extensions/configuration-editing/dist/configurationEditingMain
[2020-10-17 00:03:00.154] [exthost] [info] ExtensionService#_doActivateExtension vscode.json-language-features {"startup":false,"extensionId":{"value":"vscode.json-language-features","_lower":"vscode.json-language-features"},"activationEvent":"onLanguage:jsonc"}
[2020-10-17 00:03:00.154] [exthost] [info] ExtensionService#loadCommonJSModule file:///usr/share/code/resources/app/extensions/json-language-features/client/dist/node/jsonClientMain
[2020-10-17 00:03:00.213] [exthost] [info] ExtensionService#_doActivateExtension vscode.typescript-language-features {"startup":false,"extensionId":{"value":"vscode.typescript-language-features","_lower":"vscode.typescript-language-features"},"activationEvent":"onLanguage:jsonc"}
[2020-10-17 00:03:00.213] [exthost] [info] ExtensionService#loadCommonJSModule file:///usr/share/code/resources/app/extensions/typescript-language-features/dist/extension
[2020-10-17 00:03:00.321] [exthost] [error] [ms-vscode.cpptools] provider FAILED
[2020-10-17 00:03:00.322] [exthost] [error] undefined
[2020-10-17 00:03:06.866] [exthost] [error] [ms-vscode.cpptools] provider FAILED
[2020-10-17 00:03:06.866] [exthost] [error] undefined
[2020-10-17 00:03:19.031] [exthost] [error] [ms-vscode.cpptools] provider FAILED
[2020-10-17 00:03:19.031] [exthost] [error] undefined
[2020-10-17 00:03:23.589] [exthost] [error] [ms-vscode.cpptools] provider FAILED
[2020-10-17 00:03:23.589] [exthost] [error] undefined
[2020-10-17 00:03:33.934] [exthost] [error] [ms-vscode.cpptools] provider FAILED
[2020-10-17 00:03:33.934] [exthost] [error] undefined
[2020-10-17 00:03:40.737] [exthost] [error] [ms-vscode.cpptools] provider FAILED
[2020-10-17 00:03:40.737] [exthost] [error] undefined
[2020-10-17 00:03:51.318] [exthost] [error] [ms-vscode.cpptools] provider FAILED
[2020-10-17 00:03:51.318] [exthost] [error] undefined
[2020-10-17 00:03:55.382] [exthost] [error] [ms-vscode.cpptools] provider FAILED
[2020-10-17 00:03:55.382] [exthost] [error] undefined
[2020-10-17 00:04:23.562] [exthost] [error] [ms-vscode.cpptools] provider FAILED
[2020-10-17 00:04:23.562] [exthost] [error] undefined
[2020-10-17 00:13:13.833] [exthost] [error] [ms-vscode.cpptools] provider FAILED
[2020-10-17 00:13:13.833] [exthost] [error] undefined
[2020-10-17 00:13:27.464] [exthost] [error] [ms-vscode.cpptools] provider FAILED
[2020-10-17 00:13:27.464] [exthost] [error] undefined
[2020-10-17 00:13:35.815] [exthost] [error] [ms-vscode.cpptools] provider FAILED
[2020-10-17 00:13:35.815] [exthost] [error] undefined
[2020-10-17 00:13:39.755] [exthost] [error] [ms-vscode.cpptools] provider FAILED
[2020-10-17 00:13:39.755] [exthost] [error] undefined
[2020-10-17 00:14:24.762] [exthost] [error] [ms-vscode.cpptools] provider FAILED
[2020-10-17 00:14:24.762] [exthost] [error] undefined
[2020-10-17 00:14:35.487] [exthost] [error] [ms-vscode.cpptools] provider FAILED
[2020-10-17 00:14:35.487] [exthost] [error] undefined
[2020-10-17 00:14:50.273] [exthost] [error] [ms-vscode.cpptools] provider FAILED
[2020-10-17 00:14:50.273] [exthost] [error] undefined
[2020-10-17 00:14:56.257] [exthost] [warning] ms-vscode.cpptools - Code actions of kind 'quickfix 'requested but returned code action does not have a 'kind'. Code action will be dropped. Please set 'CodeAction.kind'.
[2020-10-17 00:14:57.914] [exthost] [warning] ms-vscode.cpptools - Code actions of kind 'quickfix 'requested but returned code action does not have a 'kind'. Code action will be dropped. Please set 'CodeAction.kind'.
[2020-10-17 00:15:08.670] [exthost] [warning] ms-vscode.cpptools - Code actions of kind 'quickfix 'requested but returned code action does not have a 'kind'. Code action will be dropped. Please set 'CodeAction.kind'.
[2020-10-17 00:15:12.043] [exthost] [warning] ms-vscode.cpptools - Code actions of kind 'quickfix 'requested but returned code action does not have a 'kind'. Code action will be dropped. Please set 'CodeAction.kind'.
[2020-10-17 00:15:26.784] [exthost] [warning] ms-vscode.cpptools - Code actions of kind 'quickfix 'requested but returned code action does not have a 'kind'. Code action will be dropped. Please set 'CodeAction.kind'.
[2020-10-17 00:15:32.895] [exthost] [warning] ms-vscode.cpptools - Code actions of kind 'quickfix 'requested but returned code action does not have a 'kind'. Code action will be dropped. Please set 'CodeAction.kind'.
[2020-10-17 00:15:42.969] [exthost] [warning] ms-vscode.cpptools - Code actions of kind 'quickfix 'requested but returned code action does not have a 'kind'. Code action will be dropped. Please set 'CodeAction.kind'.
[2020-10-17 00:15:43.726] [exthost] [warning] ms-vscode.cpptools - Code actions of kind 'quickfix 'requested but returned code action does not have a 'kind'. Code action will be dropped. Please set 'CodeAction.kind'.
[2020-10-17 00:15:47.596] [exthost] [warning] ms-vscode.cpptools - Code actions of kind 'quickfix 'requested but returned code action does not have a 'kind'. Code action will be dropped. Please set 'CodeAction.kind'.
[2020-10-17 00:15:48.006] [exthost] [error] [ms-vscode.cpptools] provider FAILED
[2020-10-17 00:15:48.006] [exthost] [error] undefined
[2020-10-17 00:15:52.263] [exthost] [error] [ms-vscode.cpptools] provider FAILED
[2020-10-17 00:15:52.263] [exthost] [error] undefined
[2020-10-17 00:16:00.292] [exthost] [warning] ms-vscode.cpptools - Code actions of kind 'quickfix 'requested but returned code action does not have a 'kind'. Code action will be dropped. Please set 'CodeAction.kind'.
[2020-10-17 00:16:07.049] [exthost] [error] [ms-vscode.cpptools] provider FAILED
[2020-10-17 00:16:07.049] [exthost] [error] undefined
[2020-10-17 00:16:26.812] [exthost] [error] [ms-vscode.cpptools] provider FAILED
[2020-10-17 00:16:26.812] [exthost] [error] undefined
[2020-10-17 00:16:30.790] [exthost] [error] [ms-vscode.cpptools] provider FAILED
[2020-10-17 00:16:30.790] [exthost] [error] undefined
[2020-10-17 00:16:39.361] [exthost] [error] [ms-vscode.cpptools] provider FAILED
[2020-10-17 00:16:39.361] [exthost] [error] undefined
[2020-10-17 00:16:55.069] [exthost] [error] [ms-vscode.cpptools] provider FAILED
[2020-10-17 00:16:55.069] [exthost] [error] undefined
[2020-10-17 00:17:13.451] [exthost] [error] [ms-vscode.cpptools] provider FAILED
[2020-10-17 00:17:13.451] [exthost] [error] undefined
[2020-10-17 00:17:22.218] [exthost] [error] [ms-vscode.cpptools] provider FAILED
[2020-10-17 00:17:22.218] [exthost] [error] undefined
[2020-10-17 00:17:30.891] [exthost] [error] [ms-vscode.cpptools] provider FAILED
[2020-10-17 00:17:30.891] [exthost] [error] undefined
[2020-10-17 00:17:33.396] [exthost] [error] [ms-vscode.cpptools] provider FAILED
[2020-10-17 00:17:33.396] [exthost] [error] undefined
[2020-10-17 00:17:38.884] [exthost] [warning] ms-vscode.cpptools - Code actions of kind 'quickfix 'requested but returned code action does not have a 'kind'. Code action will be dropped. Please set 'CodeAction.kind'.
[2020-10-17 00:17:39.879] [exthost] [error] [ms-vscode.cpptools] provider FAILED
[2020-10-17 00:17:39.879] [exthost] [error] undefined
[2020-10-17 00:17:42.559] [exthost] [warning] ms-vscode.cpptools - Code actions of kind 'quickfix 'requested but returned code action does not have a 'kind'. Code action will be dropped. Please set 'CodeAction.kind'.
[2020-10-17 00:17:44.042] [exthost] [error] [ms-vscode.cpptools] provider FAILED
[2020-10-17 00:17:44.042] [exthost] [error] undefined
[2020-10-17 00:17:46.088] [exthost] [error] [ms-vscode.cpptools] provider FAILED
[2020-10-17 00:17:46.088] [exthost] [error] undefined
[2020-10-17 00:17:49.917] [exthost] [warning] ms-vscode.cpptools - Code actions of kind 'quickfix 'requested but returned code action does not have a 'kind'. Code action will be dropped. Please set 'CodeAction.kind'.
[2020-10-17 00:17:56.381] [exthost] [error] [ms-vscode.cpptools] provider FAILED
[2020-10-17 00:17:56.381] [exthost] [error] undefined
[2020-10-17 00:18:09.541] [exthost] [error] [ms-vscode.cpptools] provider FAILED
[2020-10-17 00:18:09.541] [exthost] [error] undefined
[2020-10-17 00:18:13.230] [exthost] [error] [ms-vscode.cpptools] provider FAILED
[2020-10-17 00:18:13.230] [exthost] [error] undefined
[2020-10-17 00:18:38.389] [exthost] [error] [ms-vscode.cpptools] provider FAILED
[2020-10-17 00:18:38.389] [exthost] [error] undefined
[2020-10-17 00:19:09.058] [exthost] [error] [ms-vscode.cpptools] provider FAILED
[2020-10-17 00:19:09.058] [exthost] [error] undefined
[2020-10-17 00:19:29.911] [exthost] [error] [ms-vscode.cpptools] provider FAILED
[2020-10-17 00:19:29.911] [exthost] [error] undefined
[2020-10-17 00:19:44.438] [exthost] [error] [ms-vscode.cpptools] provider FAILED
[2020-10-17 00:19:44.438] [exthost] [error] undefined
[2020-10-17 00:20:06.049] [exthost] [error] [ms-vscode.cpptools] provider FAILED
[2020-10-17 00:20:06.049] [exthost] [error] undefined
[2020-10-17 00:20:10.277] [exthost] [error] [ms-vscode.cpptools] provider FAILED
[2020-10-17 00:20:10.277] [exthost] [error] undefined
[2020-10-17 00:20:14.450] [exthost] [error] [ms-vscode.cpptools] provider FAILED
[2020-10-17 00:20:14.450] [exthost] [error] undefined
[2020-10-17 00:20:21.472] [exthost] [error] [ms-vscode.cpptools] provider FAILED
[2020-10-17 00:20:21.472] [exthost] [error] undefined
[2020-10-17 00:20:28.642] [exthost] [error] [ms-vscode.cpptools] provider FAILED
[2020-10-17 00:20:28.642] [exthost] [error] undefined
[2020-10-17 00:20:29.948] [exthost] [error] [ms-vscode.cpptools] provider FAILED
[2020-10-17 00:20:29.948] [exthost] [error] undefined
[2020-10-17 00:21:45.741] [exthost] [error] [ms-vscode.cpptools] provider FAILED
[2020-10-17 00:21:45.741] [exthost] [error] undefined
[2020-10-17 00:21:49.902] [exthost] [error] [ms-vscode.cpptools] provider FAILED
[2020-10-17 00:21:49.902] [exthost] [error] undefined
[2020-10-17 00:21:56.037] [exthost] [error] [ms-vscode.cpptools] provider FAILED
[2020-10-17 00:21:56.037] [exthost] [error] undefined
[2020-10-17 00:21:58.152] [exthost] [error] [ms-vscode.cpptools] provider FAILED
[2020-10-17 00:21:58.152] [exthost] [error] undefined
[2020-10-17 00:22:29.898] [exthost] [error] [ms-vscode.cpptools] provider FAILED
[2020-10-17 00:22:29.898] [exthost] [error] undefined
[2020-10-17 00:22:55.230] [exthost] [error] [ms-vscode.cpptools] provider FAILED
[2020-10-17 00:22:55.230] [exthost] [error] undefined
[2020-10-17 00:23:16.201] [exthost] [error] [ms-vscode.cpptools] provider FAILED
[2020-10-17 00:23:16.201] [exthost] [error] undefined
[2020-10-17 00:23:22.559] [exthost] [error] [ms-vscode.cpptools] provider FAILED
[2020-10-17 00:23:22.559] [exthost] [error] undefined
[2020-10-17 00:23:26.966] [exthost] [error] [ms-vscode.cpptools] provider FAILED
[2020-10-17 00:23:26.966] [exthost] [error] undefined
[2020-10-17 00:23:31.092] [exthost] [error] [ms-vscode.cpptools] provider FAILED
[2020-10-17 00:23:31.092] [exthost] [error] undefined
[2020-10-17 00:23:53.941] [exthost] [error] [ms-vscode.cpptools] provider FAILED
[2020-10-17 00:23:53.941] [exthost] [error] undefined
[2020-10-17 00:23:56.090] [exthost] [error] [ms-vscode.cpptools] provider FAILED
[2020-10-17 00:23:56.090] [exthost] [error] undefined
[2020-10-17 00:23:58.190] [exthost] [error] [ms-vscode.cpptools] provider FAILED
[2020-10-17 00:23:58.190] [exthost] [error] undefined
[2020-10-17 00:25:17.725] [exthost] [error] [ms-vscode.cpptools] provider FAILED
[2020-10-17 00:25:17.725] [exthost] [error] undefined
[2020-10-17 00:25:28.193] [exthost] [error] [ms-vscode.cpptools] provider FAILED
[2020-10-17 00:25:28.193] [exthost] [error] undefined
[2020-10-17 00:27:04.754] [exthost] [error] [ms-vscode.cpptools] provider FAILED
[2020-10-17 00:27:04.755] [exthost] [error] undefined
[2020-10-17 00:29:50.985] [exthost] [error] [ms-vscode.cpptools] provider FAILED
[2020-10-17 00:29:50.985] [exthost] [error] undefined
[2020-10-17 00:30:03.318] [exthost] [error] [ms-vscode.cpptools] provider FAILED
[2020-10-17 00:30:03.318] [exthost] [error] undefined
[2020-10-17 00:30:10.342] [exthost] [error] [ms-vscode.cpptools] provider FAILED
[2020-10-17 00:30:10.342] [exthost] [error] undefined
[2020-10-17 00:30:22.764] [exthost] [error] [ms-vscode.cpptools] provider FAILED
[2020-10-17 00:30:22.764] [exthost] [error] undefined
[2020-10-17 00:31:13.195] [exthost] [error] [ms-vscode.cpptools] provider FAILED
[2020-10-17 00:31:13.195] [exthost] [error] undefined
[2020-10-17 00:31:36.478] [exthost] [error] [ms-vscode.cpptools] provider FAILED
[2020-10-17 00:31:36.478] [exthost] [error] undefined
[2020-10-17 00:31:38.485] [exthost] [error] [ms-vscode.cpptools] provider FAILED
[2020-10-17 00:31:38.485] [exthost] [error] undefined
[2020-10-17 00:31:42.648] [exthost] [error] [ms-vscode.cpptools] provider FAILED
[2020-10-17 00:31:42.648] [exthost] [error] undefined
[2020-10-17 00:31:51.091] [exthost] [error] [ms-vscode.cpptools] provider FAILED
[2020-10-17 00:31:51.091] [exthost] [error] undefined
[2020-10-17 00:31:56.182] [exthost] [error] [ms-vscode.cpptools] provider FAILED
[2020-10-17 00:31:56.182] [exthost] [error] undefined
[2020-10-17 00:32:13.937] [exthost] [warning] ms-vscode.cpptools - Code actions of kind 'quickfix 'requested but returned code action does not have a 'kind'. Code action will be dropped. Please set 'CodeAction.kind'.
[2020-10-17 00:32:13.958] [exthost] [warning] ms-vscode.cpptools - Code actions of kind 'quickfix 'requested but returned code action does not have a 'kind'. Code action will be dropped. Please set 'CodeAction.kind'.
[2020-10-17 00:32:14.266] [exthost] [warning] ms-vscode.cpptools - Code actions of kind 'quickfix 'requested but returned code action does not have a 'kind'. Code action will be dropped. Please set 'CodeAction.kind'.
[2020-10-17 00:32:25.399] [exthost] [error] [ms-vscode.cpptools] provider FAILED
[2020-10-17 00:32:25.399] [exthost] [error] undefined
[2020-10-17 00:32:29.590] [exthost] [error] [ms-vscode.cpptools] provider FAILED
[2020-10-17 00:32:29.590] [exthost] [error] undefined
[2020-10-17 00:33:55.598] [exthost] [error] [ms-vscode.cpptools] provider FAILED
[2020-10-17 00:33:55.598] [exthost] [error] undefined
[2020-10-17 00:34:04.259] [exthost] [error] [ms-vscode.cpptools] provider FAILED
[2020-10-17 00:34:04.259] [exthost] [error] undefined
[2020-10-17 00:34:08.497] [exthost] [error] [ms-vscode.cpptools] provider FAILED
[2020-10-17 00:34:08.497] [exthost] [error] undefined
[2020-10-17 00:34:10.493] [exthost] [error] [ms-vscode.cpptools] provider FAILED
[2020-10-17 00:34:10.493] [exthost] [error] undefined
[2020-10-17 00:34:59.121] [exthost] [error] [ms-vscode.cpptools] provider FAILED
[2020-10-17 00:34:59.121] [exthost] [error] undefined
[2020-10-17 00:35:03.791] [exthost] [error] [ms-vscode.cpptools] provider FAILED
[2020-10-17 00:35:03.791] [exthost] [error] undefined
[2020-10-17 00:35:05.929] [exthost] [error] [ms-vscode.cpptools] provider FAILED
[2020-10-17 00:35:05.929] [exthost] [error] undefined
[2020-10-17 00:35:12.332] [exthost] [error] [ms-vscode.cpptools] provider FAILED
[2020-10-17 00:35:12.332] [exthost] [error] undefined
[2020-10-17 00:35:37.584] [exthost] [warning] ms-vscode.cpptools - Code actions of kind 'quickfix 'requested but returned code action does not have a 'kind'. Code action will be dropped. Please set 'CodeAction.kind'.
[2020-10-17 00:35:37.951] [exthost] [warning] ms-vscode.cpptools - Code actions of kind 'quickfix 'requested but returned code action does not have a 'kind'. Code action will be dropped. Please set 'CodeAction.kind'.
[2020-10-17 00:35:39.042] [exthost] [warning] ms-vscode.cpptools - Code actions of kind 'quickfix 'requested but returned code action does not have a 'kind'. Code action will be dropped. Please set 'CodeAction.kind'.
[2020-10-17 00:35:42.002] [exthost] [error] [ms-vscode.cpptools] provider FAILED
[2020-10-17 00:35:42.002] [exthost] [error] undefined
[2020-10-17 00:37:33.677] [exthost] [error] [ms-vscode.cpptools] provider FAILED
[2020-10-17 00:37:33.677] [exthost] [error] undefined
[2020-10-17 00:37:35.752] [exthost] [error] [ms-vscode.cpptools] provider FAILED
[2020-10-17 00:37:35.752] [exthost] [error] undefined
[2020-10-17 00:38:00.921] [exthost] [error] [ms-vscode.cpptools] provider FAILED
[2020-10-17 00:38:00.921] [exthost] [error] undefined
[2020-10-17 00:38:09.333] [exthost] [error] [ms-vscode.cpptools] provider FAILED
[2020-10-17 00:38:09.333] [exthost] [error] undefined
[2020-10-17 00:38:18.230] [exthost] [error] [ms-vscode.cpptools] provider FAILED
[2020-10-17 00:38:18.230] [exthost] [error] undefined
[2020-10-17 00:41:56.812] [exthost] [error] [ms-vscode.cpptools] provider FAILED
[2020-10-17 00:41:56.812] [exthost] [error] undefined
[2020-10-17 00:43:44.048] [exthost] [error] [ms-vscode.cpptools] provider FAILED
[2020-10-17 00:43:44.048] [exthost] [error] undefined
[2020-10-17 00:43:50.210] [exthost] [error] [ms-vscode.cpptools] provider FAILED
[2020-10-17 00:43:50.210] [exthost] [error] undefined
[2020-10-17 00:44:00.717] [exthost] [error] [ms-vscode.cpptools] provider FAILED
[2020-10-17 00:44:00.717] [exthost] [error] undefined
[2020-10-17 00:44:02.819] [exthost] [error] [ms-vscode.cpptools] provider FAILED
[2020-10-17 00:44:02.819] [exthost] [error] undefined
[2020-10-17 00:44:23.598] [exthost] [error] [ms-vscode.cpptools] provider FAILED
[2020-10-17 00:44:23.598] [exthost] [error] undefined
[2020-10-17 00:44:50.651] [exthost] [error] [ms-vscode.cpptools] provider FAILED
[2020-10-17 00:44:50.651] [exthost] [error] undefined
[2020-10-17 00:44:54.844] [exthost] [error] [ms-vscode.cpptools] provider FAILED
[2020-10-17 00:44:54.844] [exthost] [error] undefined
[2020-10-17 00:45:01.118] [exthost] [error] [ms-vscode.cpptools] provider FAILED
[2020-10-17 00:45:01.118] [exthost] [error] undefined
[2020-10-17 00:45:38.929] [exthost] [error] [ms-vscode.cpptools] provider FAILED
[2020-10-17 00:45:38.929] [exthost] [error] undefined
[2020-10-17 00:51:33.487] [exthost] [error] [ms-vscode.cpptools] provider FAILED
[2020-10-17 00:51:33.487] [exthost] [error] undefined
[2020-10-17 00:51:36.300] [exthost] [error] [ms-vscode.cpptools] provider FAILED
[2020-10-17 00:51:36.300] [exthost] [error] undefined
[2020-10-17 00:51:46.575] [exthost] [error] [ms-vscode.cpptools] provider FAILED
[2020-10-17 00:51:46.575] [exthost] [error] undefined
[2020-10-17 00:51:48.657] [exthost] [error] [ms-vscode.cpptools] provider FAILED
[2020-10-17 00:51:48.657] [exthost] [error] undefined
[2020-10-17 00:51:52.740] [exthost] [error] [ms-vscode.cpptools] provider FAILED
[2020-10-17 00:51:52.740] [exthost] [error] undefined
[2020-10-17 00:53:09.273] [exthost] [error] [ms-vscode.cpptools] provider FAILED
[2020-10-17 00:53:09.273] [exthost] [error] undefined
[2020-10-17 00:53:15.760] [exthost] [error] [ms-vscode.cpptools] provider FAILED
[2020-10-17 00:53:15.760] [exthost] [error] undefined
[2020-10-17 00:53:41.730] [exthost] [error] [ms-vscode.cpptools] provider FAILED
[2020-10-17 00:53:41.731] [exthost] [error] undefined
[2020-10-17 00:53:43.812] [exthost] [error] [ms-vscode.cpptools] provider FAILED
[2020-10-17 00:53:43.812] [exthost] [error] undefined
[2020-10-17 00:53:48.271] [exthost] [error] [ms-vscode.cpptools] provider FAILED
[2020-10-17 00:53:48.271] [exthost] [error] undefined
[2020-10-17 00:53:55.637] [exthost] [error] [ms-vscode.cpptools] provider FAILED
[2020-10-17 00:53:55.637] [exthost] [error] undefined
[2020-10-17 00:54:02.742] [exthost] [error] [ms-vscode.cpptools] provider FAILED
[2020-10-17 00:54:02.742] [exthost] [error] undefined
[2020-10-17 00:54:06.909] [exthost] [error] [ms-vscode.cpptools] provider FAILED
[2020-10-17 00:54:06.909] [exthost] [error] undefined
[2020-10-17 00:54:20.306] [exthost] [error] [ms-vscode.cpptools] provider FAILED
[2020-10-17 00:54:20.306] [exthost] [error] undefined
[2020-10-17 00:54:26.412] [exthost] [error] [ms-vscode.cpptools] provider FAILED
[2020-10-17 00:54:26.412] [exthost] [error] undefined
[2020-10-17 00:54:30.722] [exthost] [error] [ms-vscode.cpptools] provider FAILED
[2020-10-17 00:54:30.722] [exthost] [error] undefined
[2020-10-17 00:57:12.911] [exthost] [error] [ms-vscode.cpptools] provider FAILED
[2020-10-17 00:57:12.911] [exthost] [error] undefined
[2020-10-17 00:57:19.148] [exthost] [error] [ms-vscode.cpptools] provider FAILED
[2020-10-17 00:57:19.148] [exthost] [error] undefined
[2020-10-17 00:57:25.381] [exthost] [error] [ms-vscode.cpptools] provider FAILED
[2020-10-17 00:57:25.381] [exthost] [error] undefined
[2020-10-17 00:57:32.192] [exthost] [error] [ms-vscode.cpptools] provider FAILED
[2020-10-17 00:57:32.192] [exthost] [error] undefined
[2020-10-17 00:57:44.063] [exthost] [error] [ms-vscode.cpptools] provider FAILED
[2020-10-17 00:57:44.063] [exthost] [error] undefined
[2020-10-17 00:57:46.327] [exthost] [error] [ms-vscode.cpptools] provider FAILED
[2020-10-17 00:57:46.327] [exthost] [error] undefined
[2020-10-17 00:57:48.341] [exthost] [error] [ms-vscode.cpptools] provider FAILED
[2020-10-17 00:57:48.341] [exthost] [error] undefined
[2020-10-17 00:57:56.961] [exthost] [error] [ms-vscode.cpptools] provider FAILED
[2020-10-17 00:57:56.961] [exthost] [error] undefined
[2020-10-17 00:58:06.144] [exthost] [error] [ms-vscode.cpptools] provider FAILED
[2020-10-17 00:58:06.144] [exthost] [error] undefined
[2020-10-17 00:58:40.312] [exthost] [error] [ms-vscode.cpptools] provider FAILED
[2020-10-17 00:58:40.312] [exthost] [error] undefined
[2020-10-17 00:58:53.247] [exthost] [error] [ms-vscode.cpptools] provider FAILED
[2020-10-17 00:58:53.247] [exthost] [error] undefined
[2020-10-17 00:59:22.604] [exthost] [error] [ms-vscode.cpptools] provider FAILED
[2020-10-17 00:59:22.604] [exthost] [error] undefined
[2020-10-17 00:59:48.182] [exthost] [error] [ms-vscode.cpptools] provider FAILED
[2020-10-17 00:59:48.182] [exthost] [error] undefined
[2020-10-17 01:00:09.930] [exthost] [error] [ms-vscode.cpptools] provider FAILED
[2020-10-17 01:00:09.930] [exthost] [error] undefined
[2020-10-17 01:00:17.990] [exthost] [error] [ms-vscode.cpptools] provider FAILED
[2020-10-17 01:00:17.990] [exthost] [error] undefined
[2020-10-17 01:00:45.672] [exthost] [error] [ms-vscode.cpptools] provider FAILED
[2020-10-17 01:00:45.672] [exthost] [error] undefined
[2020-10-17 01:01:04.723] [exthost] [error] [ms-vscode.cpptools] provider FAILED
[2020-10-17 01:01:04.723] [exthost] [error] undefined
[2020-10-17 01:01:21.556] [exthost] [error] [ms-vscode.cpptools] provider FAILED
[2020-10-17 01:01:21.556] [exthost] [error] undefined
[2020-10-17 01:01:27.869] [exthost] [error] [ms-vscode.cpptools] provider FAILED
[2020-10-17 01:01:27.869] [exthost] [error] undefined
[2020-10-17 01:01:36.223] [exthost] [error] [ms-vscode.cpptools] provider FAILED
[2020-10-17 01:01:36.223] [exthost] [error] undefined
[2020-10-17 01:01:47.227] [exthost] [error] [ms-vscode.cpptools] provider FAILED
[2020-10-17 01:01:47.227] [exthost] [error] undefined
[2020-10-17 01:01:49.227] [exthost] [error] [ms-vscode.cpptools] provider FAILED
[2020-10-17 01:01:49.227] [exthost] [error] undefined
[2020-10-17 01:01:56.138] [exthost] [error] [ms-vscode.cpptools] provider FAILED
[2020-10-17 01:01:56.138] [exthost] [error] undefined
[2020-10-17 01:02:00.299] [exthost] [error] [ms-vscode.cpptools] provider FAILED
[2020-10-17 01:02:00.299] [exthost] [error] undefined
[2020-10-17 01:03:32.380] [exthost] [error] [ms-vscode.cpptools] provider FAILED
[2020-10-17 01:03:32.380] [exthost] [error] undefined
[2020-10-17 01:04:00.285] [exthost] [error] [ms-vscode.cpptools] provider FAILED
[2020-10-17 01:04:00.285] [exthost] [error] undefined
[2020-10-17 01:04:07.887] [exthost] [error] [ms-vscode.cpptools] provider FAILED
[2020-10-17 01:04:07.887] [exthost] [error] undefined
[2020-10-17 01:04:14.341] [exthost] [error] [ms-vscode.cpptools] provider FAILED
[2020-10-17 01:04:14.341] [exthost] [error] undefined
[2020-10-17 01:04:18.922] [exthost] [error] [ms-vscode.cpptools] provider FAILED
[2020-10-17 01:04:18.922] [exthost] [error] undefined
[2020-10-17 01:06:06.379] [exthost] [error] [ms-vscode.cpptools] provider FAILED
[2020-10-17 01:06:06.379] [exthost] [error] undefined
[2020-10-17 01:06:29.425] [exthost] [error] [ms-vscode.cpptools] provider FAILED
[2020-10-17 01:06:29.425] [exthost] [error] undefined
[2020-10-17 01:06:35.676] [exthost] [error] [ms-vscode.cpptools] provider FAILED
[2020-10-17 01:06:35.676] [exthost] [error] undefined
[2020-10-17 01:07:11.394] [exthost] [error] [ms-vscode.cpptools] provider FAILED
[2020-10-17 01:07:11.394] [exthost] [error] undefined
[2020-10-17 01:07:23.983] [exthost] [error] [ms-vscode.cpptools] provider FAILED
[2020-10-17 01:07:23.983] [exthost] [error] undefined
[2020-10-17 01:07:36.535] [exthost] [error] [ms-vscode.cpptools] provider FAILED
[2020-10-17 01:07:36.535] [exthost] [error] undefined
[2020-10-17 01:09:26.032] [exthost] [error] [ms-vscode.cpptools] provider FAILED
[2020-10-17 01:09:26.032] [exthost] [error] undefined
[2020-10-17 01:09:33.191] [exthost] [error] [ms-vscode.cpptools] provider FAILED
[2020-10-17 01:09:33.191] [exthost] [error] undefined
[2020-10-17 01:09:53.411] [exthost] [error] [ms-vscode.cpptools] provider FAILED
[2020-10-17 01:09:53.411] [exthost] [error] undefined
[2020-10-17 01:09:57.861] [exthost] [error] [ms-vscode.cpptools] provider FAILED
[2020-10-17 01:09:57.861] [exthost] [error] undefined
[2020-10-17 01:10:18.817] [exthost] [error] [ms-vscode.cpptools] provider FAILED
[2020-10-17 01:10:18.817] [exthost] [error] undefined
[2020-10-17 01:11:13.633] [exthost] [error] [ms-vscode.cpptools] provider FAILED
[2020-10-17 01:11:13.633] [exthost] [error] undefined
[2020-10-17 01:11:23.973] [exthost] [error] [ms-vscode.cpptools] provider FAILED
[2020-10-17 01:11:23.973] [exthost] [error] undefined
[2020-10-17 01:11:28.535] [exthost] [error] [ms-vscode.cpptools] provider FAILED
[2020-10-17 01:11:28.535] [exthost] [error] undefined
[2020-10-17 01:11:30.643] [exthost] [error] [ms-vscode.cpptools] provider FAILED
[2020-10-17 01:11:30.643] [exthost] [error] undefined
[2020-10-17 01:11:32.655] [exthost] [error] [ms-vscode.cpptools] provider FAILED
[2020-10-17 01:11:32.655] [exthost] [error] undefined
[2020-10-17 01:11:33.304] [exthost] [warning] ms-vscode.cpptools - Code actions of kind 'quickfix 'requested but returned code action does not have a 'kind'. Code action will be dropped. Please set 'CodeAction.kind'.
[2020-10-17 01:11:41.050] [exthost] [error] [ms-vscode.cpptools] provider FAILED
[2020-10-17 01:11:41.050] [exthost] [error] undefined
[2020-10-17 01:12:06.700] [exthost] [error] [ms-vscode.cpptools] provider FAILED
[2020-10-17 01:12:06.700] [exthost] [error] undefined
[2020-10-17 01:12:39.628] [exthost] [error] [ms-vscode.cpptools] provider FAILED
[2020-10-17 01:12:39.628] [exthost] [error] undefined
[2020-10-17 01:12:53.216] [exthost] [error] [ms-vscode.cpptools] provider FAILED
[2020-10-17 01:12:53.216] [exthost] [error] undefined
[2020-10-17 01:12:58.923] [exthost] [error] [ms-vscode.cpptools] provider FAILED
[2020-10-17 01:12:58.923] [exthost] [error] undefined
[2020-10-17 01:13:03.816] [exthost] [error] [ms-vscode.cpptools] provider FAILED
[2020-10-17 01:13:03.816] [exthost] [error] undefined
[2020-10-17 01:13:10.154] [exthost] [error] [ms-vscode.cpptools] provider FAILED
[2020-10-17 01:13:10.154] [exthost] [error] undefined
[2020-10-17 01:13:16.481] [exthost] [error] [ms-vscode.cpptools] provider FAILED
[2020-10-17 01:13:16.481] [exthost] [error] undefined
[2020-10-17 01:13:23.491] [exthost] [error] [ms-vscode.cpptools] provider FAILED
[2020-10-17 01:13:23.491] [exthost] [error] undefined
[2020-10-17 01:13:40.164] [exthost] [warning] ms-vscode.cpptools - Code actions of kind 'quickfix 'requested but returned code action does not have a 'kind'. Code action will be dropped. Please set 'CodeAction.kind'.
[2020-10-17 01:13:51.009] [exthost] [error] [ms-vscode.cpptools] provider FAILED
[2020-10-17 01:13:51.009] [exthost] [error] undefined
[2020-10-17 01:14:12.161] [exthost] [error] [ms-vscode.cpptools] provider FAILED
[2020-10-17 01:14:12.161] [exthost] [error] undefined
[2020-10-17 01:14:13.953] [exthost] [error] [ms-vscode.cpptools] provider FAILED
[2020-10-17 01:14:13.953] [exthost] [error] undefined
[2020-10-17 01:18:21.741] [exthost] [error] [ms-vscode.cpptools] provider FAILED
[2020-10-17 01:18:21.741] [exthost] [error] undefined
[2020-10-17 01:18:38.957] [exthost] [error] [ms-vscode.cpptools] provider FAILED
[2020-10-17 01:18:38.957] [exthost] [error] undefined
[2020-10-17 01:19:01.195] [exthost] [error] [ms-vscode.cpptools] provider FAILED
[2020-10-17 01:19:01.195] [exthost] [error] undefined
[2020-10-17 01:21:41.223] [exthost] [error] [ms-vscode.cpptools] provider FAILED
[2020-10-17 01:21:41.223] [exthost] [error] undefined
[2020-10-17 01:22:09.696] [exthost] [error] [ms-vscode.cpptools] provider FAILED
[2020-10-17 01:22:09.696] [exthost] [error] undefined
[2020-10-17 01:22:49.755] [exthost] [error] [ms-vscode.cpptools] provider FAILED
[2020-10-17 01:22:49.755] [exthost] [error] undefined
[2020-10-17 01:23:06.676] [exthost] [error] [ms-vscode.cpptools] provider FAILED
[2020-10-17 01:23:06.676] [exthost] [error] undefined
[2020-10-17 01:23:13.711] [exthost] [error] [ms-vscode.cpptools] provider FAILED
[2020-10-17 01:23:13.711] [exthost] [error] undefined
[2020-10-17 01:23:17.244] [exthost] [error] [ms-vscode.cpptools] provider FAILED
[2020-10-17 01:23:17.244] [exthost] [error] undefined
[2020-10-17 01:23:19.135] [exthost] [warning] ms-vscode.cpptools - Code actions of kind 'quickfix 'requested but returned code action does not have a 'kind'. Code action will be dropped. Please set 'CodeAction.kind'.
[2020-10-17 01:23:25.777] [exthost] [error] [ms-vscode.cpptools] provider FAILED
[2020-10-17 01:23:25.777] [exthost] [error] undefined
[2020-10-17 01:23:46.124] [exthost] [error] [ms-vscode.cpptools] provider FAILED
[2020-10-17 01:23:46.124] [exthost] [error] undefined
[2020-10-17 01:23:48.906] [exthost] [error] [ms-vscode.cpptools] provider FAILED
[2020-10-17 01:23:48.906] [exthost] [error] undefined
[2020-10-17 01:26:39.161] [exthost] [error] [ms-vscode.cpptools] provider FAILED
[2020-10-17 01:26:39.161] [exthost] [error] undefined
[2020-10-17 01:26:58.272] [exthost] [error] [ms-vscode.cpptools] provider FAILED
[2020-10-17 01:26:58.272] [exthost] [error] undefined
[2020-10-17 01:29:49.244] [exthost] [error] [ms-vscode.cpptools] provider FAILED
[2020-10-17 01:29:49.244] [exthost] [error] undefined
[2020-10-17 01:30:15.513] [exthost] [error] [ms-vscode.cpptools] provider FAILED
[2020-10-17 01:30:15.513] [exthost] [error] undefined
[2020-10-17 01:31:22.913] [exthost] [error] [ms-vscode.cpptools] provider FAILED
[2020-10-17 01:31:22.913] [exthost] [error] undefined
[2020-10-17 01:31:26.987] [exthost] [error] [ms-vscode.cpptools] provider FAILED
[2020-10-17 01:31:26.987] [exthost] [error] undefined
[2020-10-17 01:32:23.789] [exthost] [error] [ms-vscode.cpptools] provider FAILED
[2020-10-17 01:32:23.789] [exthost] [error] undefined
[2020-10-17 01:32:36.238] [exthost] [error] [ms-vscode.cpptools] provider FAILED
[2020-10-17 01:32:36.238] [exthost] [error] undefined
[2020-10-17 01:33:11.870] [exthost] [error] [ms-vscode.cpptools] provider FAILED
[2020-10-17 01:33:11.870] [exthost] [error] undefined
[2020-10-17 01:33:22.475] [exthost] [error] [ms-vscode.cpptools] provider FAILED
[2020-10-17 01:33:22.475] [exthost] [error] undefined
[2020-10-17 01:33:53.936] [exthost] [error] [ms-vscode.cpptools] provider FAILED
[2020-10-17 01:33:53.937] [exthost] [error] undefined
[2020-10-17 01:33:54.513] [exthost] [warning] ms-vscode.cpptools - Code actions of kind 'quickfix 'requested but returned code action does not have a 'kind'. Code action will be dropped. Please set 'CodeAction.kind'.
[2020-10-17 01:34:00.317] [exthost] [error] [ms-vscode.cpptools] provider FAILED
[2020-10-17 01:34:00.317] [exthost] [error] undefined
[2020-10-17 01:34:21.933] [exthost] [error] [ms-vscode.cpptools] provider FAILED
[2020-10-17 01:34:21.933] [exthost] [error] undefined
[2020-10-17 01:34:28.416] [exthost] [error] [ms-vscode.cpptools] provider FAILED
[2020-10-17 01:34:28.416] [exthost] [error] undefined
[2020-10-17 01:34:43.487] [exthost] [error] [ms-vscode.cpptools] provider FAILED
[2020-10-17 01:34:43.487] [exthost] [error] undefined
[2020-10-17 01:35:26.726] [exthost] [error] [ms-vscode.cpptools] provider FAILED
[2020-10-17 01:35:26.726] [exthost] [error] undefined
[2020-10-17 01:35:30.951] [exthost] [error] [ms-vscode.cpptools] provider FAILED
[2020-10-17 01:35:30.951] [exthost] [error] undefined
[2020-10-17 01:36:10.003] [exthost] [error] [ms-vscode.cpptools] provider FAILED
[2020-10-17 01:36:10.003] [exthost] [error] undefined
[2020-10-17 01:36:15.141] [exthost] [error] [ms-vscode.cpptools] provider FAILED
[2020-10-17 01:36:15.141] [exthost] [error] undefined
[2020-10-17 01:36:21.587] [exthost] [error] [ms-vscode.cpptools] provider FAILED
[2020-10-17 01:36:21.587] [exthost] [error] undefined
[2020-10-17 01:36:28.588] [exthost] [error] [ms-vscode.cpptools] provider FAILED
[2020-10-17 01:36:28.588] [exthost] [error] undefined
[2020-10-17 01:36:33.276] [exthost] [error] [ms-vscode.cpptools] provider FAILED
[2020-10-17 01:36:33.276] [exthost] [error] undefined
[2020-10-17 01:36:38.084] [exthost] [error] [ms-vscode.cpptools] provider FAILED
[2020-10-17 01:36:38.084] [exthost] [error] undefined
[2020-10-17 01:36:40.317] [exthost] [error] [ms-vscode.cpptools] provider FAILED
[2020-10-17 01:36:40.317] [exthost] [error] undefined
[2020-10-17 01:36:44.554] [exthost] [error] [ms-vscode.cpptools] provider FAILED
[2020-10-17 01:36:44.555] [exthost] [error] undefined
[2020-10-17 01:36:53.719] [exthost] [error] [ms-vscode.cpptools] provider FAILED
[2020-10-17 01:36:53.719] [exthost] [error] undefined
[2020-10-17 01:36:55.851] [exthost] [error] [ms-vscode.cpptools] provider FAILED
[2020-10-17 01:36:55.851] [exthost] [error] undefined
[2020-10-17 01:37:00.114] [exthost] [error] [ms-vscode.cpptools] provider FAILED
[2020-10-17 01:37:00.114] [exthost] [error] undefined
[2020-10-17 01:37:02.258] [exthost] [warning] ms-vscode.cpptools - Code actions of kind 'quickfix 'requested but returned code action does not have a 'kind'. Code action will be dropped. Please set 'CodeAction.kind'.
[2020-10-17 01:37:04.440] [exthost] [error] [ms-vscode.cpptools] provider FAILED
[2020-10-17 01:37:04.440] [exthost] [error] undefined
[2020-10-17 01:37:12.983] [exthost] [error] [ms-vscode.cpptools] provider FAILED
[2020-10-17 01:37:12.983] [exthost] [error] undefined
[2020-10-17 01:37:16.720] [exthost] [error] [ms-vscode.cpptools] provider FAILED
[2020-10-17 01:37:16.720] [exthost] [error] undefined
[2020-10-17 01:37:19.630] [exthost] [error] [ms-vscode.cpptools] provider FAILED
[2020-10-17 01:37:19.630] [exthost] [error] undefined
[2020-10-17 01:37:25.898] [exthost] [error] [ms-vscode.cpptools] provider FAILED
[2020-10-17 01:37:25.898] [exthost] [error] undefined
[2020-10-17 01:37:38.330] [exthost] [error] [ms-vscode.cpptools] provider FAILED
[2020-10-17 01:37:38.330] [exthost] [error] undefined
[2020-10-17 01:38:18.782] [exthost] [warning] ms-vscode.cpptools - Code actions of kind 'quickfix 'requested but returned code action does not have a 'kind'. Code action will be dropped. Please set 'CodeAction.kind'.
[2020-10-17 01:38:50.224] [exthost] [error] [ms-vscode.cpptools] provider FAILED
[2020-10-17 01:38:50.224] [exthost] [error] undefined
[2020-10-17 01:38:53.891] [exthost] [error] [ms-vscode.cpptools] provider FAILED
[2020-10-17 01:38:53.891] [exthost] [error] undefined
[2020-10-17 01:39:00.333] [exthost] [error] [ms-vscode.cpptools] provider FAILED
[2020-10-17 01:39:00.333] [exthost] [error] undefined
[2020-10-17 01:39:02.664] [exthost] [error] [ms-vscode.cpptools] provider FAILED
[2020-10-17 01:39:02.664] [exthost] [error] undefined
[2020-10-17 01:39:06.861] [exthost] [error] [ms-vscode.cpptools] provider FAILED
[2020-10-17 01:39:06.861] [exthost] [error] undefined
[2020-10-17 01:39:15.298] [exthost] [error] [ms-vscode.cpptools] provider FAILED
[2020-10-17 01:39:15.298] [exthost] [error] undefined
[2020-10-17 01:39:59.399] [exthost] [error] [ms-vscode.cpptools] provider FAILED
[2020-10-17 01:39:59.399] [exthost] [error] undefined
[2020-10-17 01:40:09.388] [exthost] [error] [ms-vscode.cpptools] provider FAILED
[2020-10-17 01:40:09.388] [exthost] [error] undefined
[2020-10-17 01:40:10.538] [exthost] [error] [ms-vscode.cpptools] provider FAILED
[2020-10-17 01:40:10.538] [exthost] [error] undefined
[2020-10-17 01:40:12.635] [exthost] [error] [ms-vscode.cpptools] provider FAILED
[2020-10-17 01:40:12.635] [exthost] [error] undefined
[2020-10-17 01:40:33.417] [exthost] [error] [ms-vscode.cpptools] provider FAILED
[2020-10-17 01:40:33.417] [exthost] [error] undefined
[2020-10-17 01:40:53.223] [exthost] [error] [ms-vscode.cpptools] provider FAILED
[2020-10-17 01:40:53.223] [exthost] [error] undefined
[2020-10-17 01:40:57.879] [exthost] [error] [ms-vscode.cpptools] provider FAILED
[2020-10-17 01:40:57.879] [exthost] [error] undefined
[2020-10-17 01:41:02.371] [exthost] [error] [ms-vscode.cpptools] provider FAILED
[2020-10-17 01:41:02.371] [exthost] [error] undefined
[2020-10-17 01:41:12.854] [exthost] [error] [ms-vscode.cpptools] provider FAILED
[2020-10-17 01:41:12.854] [exthost] [error] undefined
[2020-10-17 01:41:21.887] [exthost] [error] [ms-vscode.cpptools] provider FAILED
[2020-10-17 01:41:21.887] [exthost] [error] undefined
[2020-10-17 01:41:30.497] [exthost] [error] [ms-vscode.cpptools] provider FAILED
[2020-10-17 01:41:30.497] [exthost] [error] undefined
[2020-10-17 01:41:40.824] [exthost] [error] [ms-vscode.cpptools] provider FAILED
[2020-10-17 01:41:40.824] [exthost] [error] undefined
[2020-10-17 01:42:10.167] [exthost] [error] [ms-vscode.cpptools] provider FAILED
[2020-10-17 01:42:10.167] [exthost] [error] undefined
[2020-10-17 01:42:18.433] [exthost] [error] [ms-vscode.cpptools] provider FAILED
[2020-10-17 01:42:18.433] [exthost] [error] undefined
[2020-10-17 01:42:33.149] [exthost] [error] [ms-vscode.cpptools] provider FAILED
[2020-10-17 01:42:33.149] [exthost] [error] undefined
[2020-10-17 01:42:56.448] [exthost] [error] [ms-vscode.cpptools] provider FAILED
[2020-10-17 01:42:56.448] [exthost] [error] undefined
[2020-10-17 01:43:45.667] [exthost] [error] [ms-vscode.cpptools] provider FAILED
[2020-10-17 01:43:45.667] [exthost] [error] undefined
[2020-10-17 01:43:49.712] [exthost] [error] [ms-vscode.cpptools] provider FAILED
[2020-10-17 01:43:49.712] [exthost] [error] undefined
[2020-10-17 01:43:50.628] [exthost] [error] [ms-vscode.cpptools] provider FAILED
[2020-10-17 01:43:50.628] [exthost] [error] undefined
[2020-10-17 01:43:55.222] [exthost] [error] [ms-vscode.cpptools] provider FAILED
[2020-10-17 01:43:55.222] [exthost] [error] undefined
[2020-10-17 01:43:58.534] [exthost] [error] [ms-vscode.cpptools] provider FAILED
[2020-10-17 01:43:58.534] [exthost] [error] undefined
[2020-10-17 01:44:02.307] [exthost] [warning] ms-vscode.cpptools - Code actions of kind 'quickfix 'requested but returned code action does not have a 'kind'. Code action will be dropped. Please set 'CodeAction.kind'.
[2020-10-17 01:44:04.374] [exthost] [error] [ms-vscode.cpptools] provider FAILED
[2020-10-17 01:44:04.374] [exthost] [error] undefined
[2020-10-17 01:44:13.073] [exthost] [error] [ms-vscode.cpptools] provider FAILED
[2020-10-17 01:44:13.073] [exthost] [error] undefined
[2020-10-17 01:44:19.011] [exthost] [warning] ms-vscode.cpptools - Code actions of kind 'quickfix 'requested but returned code action does not have a 'kind'. Code action will be dropped. Please set 'CodeAction.kind'.
[2020-10-17 01:44:19.642] [exthost] [error] [ms-vscode.cpptools] provider FAILED
[2020-10-17 01:44:19.642] [exthost] [error] undefined
[2020-10-17 01:44:19.954] [exthost] [warning] ms-vscode.cpptools - Code actions of kind 'quickfix 'requested but returned code action does not have a 'kind'. Code action will be dropped. Please set 'CodeAction.kind'.
[2020-10-17 01:44:23.079] [exthost] [warning] ms-vscode.cpptools - Code actions of kind 'quickfix 'requested but returned code action does not have a 'kind'. Code action will be dropped. Please set 'CodeAction.kind'.
[2020-10-17 01:44:53.611] [exthost] [error] [ms-vscode.cpptools] provider FAILED
[2020-10-17 01:44:53.611] [exthost] [error] undefined
[2020-10-17 01:45:02.452] [exthost] [error] [ms-vscode.cpptools] provider FAILED
[2020-10-17 01:45:02.452] [exthost] [error] undefined
[2020-10-17 01:53:28.099] [exthost] [error] [ms-vscode.cpptools] provider FAILED
[2020-10-17 01:53:28.099] [exthost] [error] undefined
[2020-10-17 01:53:42.207] [exthost] [error] [ms-vscode.cpptools] provider FAILED
[2020-10-17 01:53:42.207] [exthost] [error] undefined
[2020-10-17 01:53:43.820] [exthost] [error] [ms-vscode.cpptools] provider FAILED
[2020-10-17 01:53:43.820] [exthost] [error] undefined
[2020-10-17 01:53:46.074] [exthost] [error] [ms-vscode.cpptools] provider FAILED
[2020-10-17 01:53:46.074] [exthost] [error] undefined
[2020-10-17 01:54:00.627] [exthost] [error] [ms-vscode.cpptools] provider FAILED
[2020-10-17 01:54:00.627] [exthost] [error] undefined
[2020-10-17 01:54:28.042] [exthost] [error] [ms-vscode.cpptools] provider FAILED
[2020-10-17 01:54:28.042] [exthost] [error] undefined
[2020-10-17 01:55:08.035] [exthost] [error] [ms-vscode.cpptools] provider FAILED
[2020-10-17 01:55:08.035] [exthost] [error] undefined
[2020-10-17 01:55:31.100] [exthost] [error] [ms-vscode.cpptools] provider FAILED
[2020-10-17 01:55:31.100] [exthost] [error] undefined
[2020-10-17 01:55:33.250] [exthost] [error] [ms-vscode.cpptools] provider FAILED
[2020-10-17 01:55:33.250] [exthost] [error] undefined
[2020-10-17 01:55:45.815] [exthost] [error] [ms-vscode.cpptools] provider FAILED
[2020-10-17 01:55:45.815] [exthost] [error] undefined
[2020-10-17 01:55:52.553] [exthost] [error] [ms-vscode.cpptools] provider FAILED
[2020-10-17 01:55:52.553] [exthost] [error] undefined
[2020-10-17 01:56:02.672] [exthost] [error] [ms-vscode.cpptools] provider FAILED
[2020-10-17 01:56:02.672] [exthost] [error] undefined
[2020-10-17 01:56:59.564] [exthost] [error] [ms-vscode.cpptools] provider FAILED
[2020-10-17 01:56:59.564] [exthost] [error] undefined
[2020-10-17 01:57:26.707] [exthost] [error] [ms-vscode.cpptools] provider FAILED
[2020-10-17 01:57:26.707] [exthost] [error] undefined
[2020-10-17 01:57:28.830] [exthost] [error] [ms-vscode.cpptools] provider FAILED
[2020-10-17 01:57:28.831] [exthost] [error] undefined
[2020-10-17 01:57:37.342] [exthost] [error] [ms-vscode.cpptools] provider FAILED
[2020-10-17 01:57:37.342] [exthost] [error] undefined
[2020-10-17 01:57:46.229] [exthost] [error] [ms-vscode.cpptools] provider FAILED
[2020-10-17 01:57:46.229] [exthost] [error] undefined
[2020-10-17 01:57:54.521] [exthost] [error] [ms-vscode.cpptools] provider FAILED
[2020-10-17 01:57:54.521] [exthost] [error] undefined
[2020-10-17 01:57:56.625] [exthost] [error] [ms-vscode.cpptools] provider FAILED
[2020-10-17 01:57:56.625] [exthost] [error] undefined
[2020-10-17 01:59:33.901] [exthost] [error] [ms-vscode.cpptools] provider FAILED
[2020-10-17 01:59:33.901] [exthost] [error] undefined
[2020-10-17 01:59:36.060] [exthost] [error] [ms-vscode.cpptools] provider FAILED
[2020-10-17 01:59:36.060] [exthost] [error] undefined
[2020-10-17 02:02:34.547] [exthost] [error] [ms-vscode.cpptools] provider FAILED
[2020-10-17 02:02:34.548] [exthost] [error] undefined
