[2020-10-18 22:10:16.185] [exthost] [info] extension host started
[2020-10-18 22:10:16.332] [exthost] [info] ExtensionService#_doActivateExtension vscode.microsoft-authentication {"startup":false,"extensionId":{"value":"vscode.microsoft-authentication","_lower":"vscode.microsoft-authentication"},"activationEvent":"onAuthenticationRequest:microsoft"}
[2020-10-18 22:10:16.332] [exthost] [info] ExtensionService#loadCommonJSModule file:///usr/share/code/resources/app/extensions/microsoft-authentication/dist/extension.js
[2020-10-18 22:10:16.339] [exthost] [info] ExtensionService#_doActivateExtension ms-vscode.cpptools {"startup":false,"extensionId":{"value":"ms-vscode.cpptools","_lower":"ms-vscode.cpptools"},"activationEvent":"onLanguage:c"}
[2020-10-18 22:10:16.339] [exthost] [info] ExtensionService#loadCommonJSModule file:///root/.vscode/extensions/ms-vscode.cpptools-1.0.1/dist/main
[2020-10-18 22:10:16.371] [exthost] [info] ExtensionService#_doActivateExtension vscode.debug-auto-launch {"startup":true,"extensionId":{"value":"vscode.debug-auto-launch","_lower":"vscode.debug-auto-launch"},"activationEvent":"*"}
[2020-10-18 22:10:16.371] [exthost] [info] ExtensionService#loadCommonJSModule file:///usr/share/code/resources/app/extensions/debug-auto-launch/dist/extension
[2020-10-18 22:10:16.375] [exthost] [info] ExtensionService#_doActivateExtension vscode.emmet {"startup":true,"extensionId":{"value":"vscode.emmet","_lower":"vscode.emmet"},"activationEvent":"*"}
[2020-10-18 22:10:16.375] [exthost] [info] ExtensionService#loadCommonJSModule file:///usr/share/code/resources/app/extensions/emmet/dist/node/emmetNodeMain
[2020-10-18 22:10:16.384] [exthost] [info] ExtensionService#_doActivateExtension vscode.git {"startup":true,"extensionId":{"value":"vscode.github","_lower":"vscode.github"},"activationEvent":"*"}
[2020-10-18 22:10:16.384] [exthost] [info] ExtensionService#loadCommonJSModule file:///usr/share/code/resources/app/extensions/git/dist/main
[2020-10-18 22:10:16.400] [exthost] [info] ExtensionService#_doActivateExtension vscode.merge-conflict {"startup":true,"extensionId":{"value":"vscode.merge-conflict","_lower":"vscode.merge-conflict"},"activationEvent":"*"}
[2020-10-18 22:10:16.400] [exthost] [info] ExtensionService#loadCommonJSModule file:///usr/share/code/resources/app/extensions/merge-conflict/dist/mergeConflictMain
[2020-10-18 22:10:16.403] [exthost] [info] ExtensionService#_doActivateExtension vscode.search-result {"startup":true,"extensionId":{"value":"vscode.search-result","_lower":"vscode.search-result"},"activationEvent":"*"}
[2020-10-18 22:10:16.403] [exthost] [info] ExtensionService#loadCommonJSModule file:///usr/share/code/resources/app/extensions/search-result/dist/extension.js
[2020-10-18 22:10:16.564] [exthost] [info] ExtensionService#_doActivateExtension vscode.github {"startup":true,"extensionId":{"value":"vscode.github","_lower":"vscode.github"},"activationEvent":"*"}
[2020-10-18 22:10:16.564] [exthost] [info] ExtensionService#loadCommonJSModule file:///usr/share/code/resources/app/extensions/github/dist/extension.js
[2020-10-18 22:10:16.641] [exthost] [info] ExtensionService#_doActivateExtension ms-vscode.js-debug {"startup":false,"extensionId":{"value":"ms-vscode.js-debug","_lower":"ms-vscode.js-debug"},"activationEvent":"onCommand:extension.js-debug.clearAutoAttachVariables"}
[2020-10-18 22:10:16.642] [exthost] [info] ExtensionService#loadCommonJSModule file:///usr/share/code/resources/app/extensions/ms-vscode.js-debug/src/extension.js
[2020-10-18 22:10:16.767] [exthost] [info] eager extensions activated
[2020-10-18 22:10:16.815] [exthost] [info] ExtensionService#_doActivateExtension vscode.github-authentication {"startup":false,"extensionId":{"value":"vscode.github-authentication","_lower":"vscode.github-authentication"},"activationEvent":"onAuthenticationRequest:github"}
[2020-10-18 22:10:16.815] [exthost] [info] ExtensionService#loadCommonJSModule file:///usr/share/code/resources/app/extensions/github-authentication/dist/extension.js
[2020-10-18 22:10:24.256] [exthost] [error] [ms-vscode.cpptools] provider FAILED
[2020-10-18 22:10:24.256] [exthost] [error] undefined
[2020-10-18 22:11:31.349] [exthost] [error] [ms-vscode.cpptools] provider FAILED
[2020-10-18 22:11:31.349] [exthost] [error] undefined
[2020-10-18 22:11:37.612] [exthost] [error] [ms-vscode.cpptools] provider FAILED
[2020-10-18 22:11:37.612] [exthost] [error] undefined
[2020-10-18 22:11:46.828] [exthost] [error] [ms-vscode.cpptools] provider FAILED
[2020-10-18 22:11:46.828] [exthost] [error] undefined
[2020-10-18 22:12:47.685] [exthost] [error] [ms-vscode.cpptools] provider FAILED
[2020-10-18 22:12:47.685] [exthost] [error] undefined
[2020-10-18 22:13:15.273] [exthost] [error] [ms-vscode.cpptools] provider FAILED
[2020-10-18 22:13:15.273] [exthost] [error] undefined
[2020-10-18 22:13:17.409] [exthost] [error] [ms-vscode.cpptools] provider FAILED
[2020-10-18 22:13:17.409] [exthost] [error] undefined
[2020-10-18 22:13:19.504] [exthost] [error] [ms-vscode.cpptools] provider FAILED
[2020-10-18 22:13:19.504] [exthost] [error] undefined
[2020-10-18 22:16:26.797] [exthost] [error] [ms-vscode.cpptools] provider FAILED
[2020-10-18 22:16:26.797] [exthost] [error] undefined
[2020-10-18 22:16:54.181] [exthost] [error] [ms-vscode.cpptools] provider FAILED
[2020-10-18 22:16:54.181] [exthost] [error] undefined
[2020-10-19 01:50:40.532] [exthost] [error] [ms-vscode.cpptools] provider FAILED
[2020-10-19 01:50:40.532] [exthost] [error] undefined
