[2020-10-16 18:32:54.762] [exthost] [info] extension host started
[2020-10-16 18:32:54.943] [exthost] [info] ExtensionService#_doActivateExtension vscode.microsoft-authentication {"startup":false,"extensionId":{"value":"vscode.microsoft-authentication","_lower":"vscode.microsoft-authentication"},"activationEvent":"onAuthenticationRequest:microsoft"}
[2020-10-16 18:32:54.943] [exthost] [info] ExtensionService#loadCommonJSModule file:///usr/share/code/resources/app/extensions/microsoft-authentication/dist/extension.js
[2020-10-16 18:32:55.106] [exthost] [info] ExtensionService#_doActivateExtension ms-vscode.cpptools {"startup":false,"extensionId":{"value":"ms-vscode.cpptools","_lower":"ms-vscode.cpptools"},"activationEvent":"onLanguage:c"}
[2020-10-16 18:32:55.106] [exthost] [info] ExtensionService#loadCommonJSModule file:///root/.vscode/extensions/ms-vscode.cpptools-1.0.1/dist/main
[2020-10-16 18:32:55.405] [exthost] [info] ExtensionService#_doActivateExtension ms-vscode.js-debug {"startup":false,"extensionId":{"value":"ms-vscode.js-debug","_lower":"ms-vscode.js-debug"},"activationEvent":"onDebugDynamicConfigurations"}
[2020-10-16 18:32:55.406] [exthost] [info] ExtensionService#loadCommonJSModule file:///usr/share/code/resources/app/extensions/ms-vscode.js-debug/src/extension.js
[2020-10-16 18:32:55.680] [exthost] [info] ExtensionService#_doActivateExtension vscode.debug-auto-launch {"startup":true,"extensionId":{"value":"vscode.debug-auto-launch","_lower":"vscode.debug-auto-launch"},"activationEvent":"*"}
[2020-10-16 18:32:55.681] [exthost] [info] ExtensionService#loadCommonJSModule file:///usr/share/code/resources/app/extensions/debug-auto-launch/dist/extension
[2020-10-16 18:32:55.710] [exthost] [info] ExtensionService#_doActivateExtension vscode.emmet {"startup":true,"extensionId":{"value":"vscode.emmet","_lower":"vscode.emmet"},"activationEvent":"*"}
[2020-10-16 18:32:55.710] [exthost] [info] ExtensionService#loadCommonJSModule file:///usr/share/code/resources/app/extensions/emmet/dist/node/emmetNodeMain
[2020-10-16 18:32:55.759] [exthost] [info] ExtensionService#_doActivateExtension vscode.git {"startup":true,"extensionId":{"value":"vscode.github","_lower":"vscode.github"},"activationEvent":"*"}
[2020-10-16 18:32:55.759] [exthost] [info] ExtensionService#loadCommonJSModule file:///usr/share/code/resources/app/extensions/git/dist/main
[2020-10-16 18:32:55.833] [exthost] [info] ExtensionService#_doActivateExtension vscode.merge-conflict {"startup":true,"extensionId":{"value":"vscode.merge-conflict","_lower":"vscode.merge-conflict"},"activationEvent":"*"}
[2020-10-16 18:32:55.833] [exthost] [info] ExtensionService#loadCommonJSModule file:///usr/share/code/resources/app/extensions/merge-conflict/dist/mergeConflictMain
[2020-10-16 18:32:55.850] [exthost] [info] ExtensionService#_doActivateExtension vscode.search-result {"startup":true,"extensionId":{"value":"vscode.search-result","_lower":"vscode.search-result"},"activationEvent":"*"}
[2020-10-16 18:32:55.850] [exthost] [info] ExtensionService#loadCommonJSModule file:///usr/share/code/resources/app/extensions/search-result/dist/extension.js
[2020-10-16 18:32:56.257] [exthost] [info] ExtensionService#_doActivateExtension vscode.github {"startup":true,"extensionId":{"value":"vscode.github","_lower":"vscode.github"},"activationEvent":"*"}
[2020-10-16 18:32:56.257] [exthost] [info] ExtensionService#loadCommonJSModule file:///usr/share/code/resources/app/extensions/github/dist/extension.js
[2020-10-16 18:32:56.323] [exthost] [info] eager extensions activated
[2020-10-16 18:32:56.334] [exthost] [info] ExtensionService#_doActivateExtension vscode.github-authentication {"startup":false,"extensionId":{"value":"vscode.github-authentication","_lower":"vscode.github-authentication"},"activationEvent":"onAuthenticationRequest:github"}
[2020-10-16 18:32:56.334] [exthost] [info] ExtensionService#loadCommonJSModule file:///usr/share/code/resources/app/extensions/github-authentication/dist/extension.js
[2020-10-16 18:33:16.788] [exthost] [error] [ms-vscode.cpptools] provider FAILED
[2020-10-16 18:33:16.788] [exthost] [error] undefined
[2020-10-16 18:33:16.788] [exthost] [error] [ms-vscode.cpptools] provider FAILED
[2020-10-16 18:33:16.788] [exthost] [error] undefined
[2020-10-16 18:33:16.788] [exthost] [error] [ms-vscode.cpptools] provider FAILED
[2020-10-16 18:33:16.788] [exthost] [error] undefined
[2020-10-16 18:33:16.788] [exthost] [error] [ms-vscode.cpptools] provider FAILED
[2020-10-16 18:33:16.789] [exthost] [error] undefined
[2020-10-16 18:33:16.789] [exthost] [error] [ms-vscode.cpptools] provider FAILED
[2020-10-16 18:33:16.789] [exthost] [error] undefined
[2020-10-16 18:33:16.789] [exthost] [error] [ms-vscode.cpptools] provider FAILED
[2020-10-16 18:33:16.789] [exthost] [error] undefined
[2020-10-16 18:33:16.789] [exthost] [error] [ms-vscode.cpptools] provider FAILED
[2020-10-16 18:33:16.789] [exthost] [error] undefined
[2020-10-16 18:33:16.789] [exthost] [error] [ms-vscode.cpptools] provider FAILED
[2020-10-16 18:33:16.789] [exthost] [error] undefined
[2020-10-16 18:33:16.789] [exthost] [error] [ms-vscode.cpptools] provider FAILED
[2020-10-16 18:33:16.789] [exthost] [error] undefined
[2020-10-16 18:33:17.635] [exthost] [error] [ms-vscode.cpptools] provider FAILED
[2020-10-16 18:33:17.635] [exthost] [error] undefined
[2020-10-16 18:33:20.030] [exthost] [error] [ms-vscode.cpptools] provider FAILED
[2020-10-16 18:33:20.030] [exthost] [error] undefined
[2020-10-16 18:34:52.915] [exthost] [error] [ms-vscode.cpptools] provider FAILED
[2020-10-16 18:34:52.915] [exthost] [error] undefined
[2020-10-16 18:35:12.799] [exthost] [error] [ms-vscode.cpptools] provider FAILED
[2020-10-16 18:35:12.799] [exthost] [error] undefined
[2020-10-16 18:35:40.052] [exthost] [error] [ms-vscode.cpptools] provider FAILED
[2020-10-16 18:35:40.052] [exthost] [error] undefined
[2020-10-16 18:35:44.000] [exthost] [error] [ms-vscode.cpptools] provider FAILED
[2020-10-16 18:35:44.000] [exthost] [error] undefined
[2020-10-16 18:35:54.794] [exthost] [error] [ms-vscode.cpptools] provider FAILED
[2020-10-16 18:35:54.794] [exthost] [error] undefined
[2020-10-16 18:36:07.546] [exthost] [error] [ms-vscode.cpptools] provider FAILED
[2020-10-16 18:36:07.546] [exthost] [error] undefined
[2020-10-16 18:37:19.488] [exthost] [error] [ms-vscode.cpptools] provider FAILED
[2020-10-16 18:37:19.488] [exthost] [error] undefined
[2020-10-16 18:37:26.338] [exthost] [error] [ms-vscode.cpptools] provider FAILED
[2020-10-16 18:37:26.338] [exthost] [error] undefined
[2020-10-16 18:37:42.770] [exthost] [error] [ms-vscode.cpptools] provider FAILED
[2020-10-16 18:37:42.770] [exthost] [error] undefined
[2020-10-16 18:37:57.746] [exthost] [error] [ms-vscode.cpptools] provider FAILED
[2020-10-16 18:37:57.747] [exthost] [error] undefined
[2020-10-16 18:38:21.683] [exthost] [error] [ms-vscode.cpptools] provider FAILED
[2020-10-16 18:38:21.683] [exthost] [error] undefined
[2020-10-16 18:38:31.833] [exthost] [error] [ms-vscode.cpptools] provider FAILED
[2020-10-16 18:38:31.833] [exthost] [error] undefined
[2020-10-16 18:38:42.421] [exthost] [error] [ms-vscode.cpptools] provider FAILED
[2020-10-16 18:38:42.421] [exthost] [error] undefined
[2020-10-16 18:38:45.746] [exthost] [error] [ms-vscode.cpptools] provider FAILED
[2020-10-16 18:38:45.746] [exthost] [error] undefined
[2020-10-16 18:39:35.976] [exthost] [error] [ms-vscode.cpptools] provider FAILED
[2020-10-16 18:39:35.976] [exthost] [error] undefined
[2020-10-16 18:41:13.339] [exthost] [error] [ms-vscode.cpptools] provider FAILED
[2020-10-16 18:41:13.339] [exthost] [error] undefined
[2020-10-16 18:43:23.237] [exthost] [error] [ms-vscode.cpptools] provider FAILED
[2020-10-16 18:43:23.237] [exthost] [error] undefined
[2020-10-16 18:45:03.203] [exthost] [error] [ms-vscode.cpptools] provider FAILED
[2020-10-16 18:45:03.203] [exthost] [error] undefined
[2020-10-16 18:45:42.827] [exthost] [error] [ms-vscode.cpptools] provider FAILED
[2020-10-16 18:45:42.827] [exthost] [error] undefined
[2020-10-16 18:48:44.022] [exthost] [error] [ms-vscode.cpptools] provider FAILED
[2020-10-16 18:48:44.022] [exthost] [error] undefined
[2020-10-16 18:48:58.650] [exthost] [error] [ms-vscode.cpptools] provider FAILED
[2020-10-16 18:48:58.650] [exthost] [error] undefined
[2020-10-16 18:49:09.382] [exthost] [error] [ms-vscode.cpptools] provider FAILED
[2020-10-16 18:49:09.382] [exthost] [error] undefined
[2020-10-16 18:49:19.982] [exthost] [error] [ms-vscode.cpptools] provider FAILED
[2020-10-16 18:49:19.982] [exthost] [error] undefined
[2020-10-16 18:50:18.713] [exthost] [error] [ms-vscode.cpptools] provider FAILED
[2020-10-16 18:50:18.713] [exthost] [error] undefined
[2020-10-16 18:52:32.809] [exthost] [error] [ms-vscode.cpptools] provider FAILED
[2020-10-16 18:52:32.809] [exthost] [error] undefined
[2020-10-16 18:55:06.192] [exthost] [error] [ms-vscode.cpptools] provider FAILED
[2020-10-16 18:55:06.192] [exthost] [error] undefined
[2020-10-16 18:55:17.804] [exthost] [error] [ms-vscode.cpptools] provider FAILED
[2020-10-16 18:55:17.804] [exthost] [error] undefined
[2020-10-16 18:55:25.572] [exthost] [error] [ms-vscode.cpptools] provider FAILED
[2020-10-16 18:55:25.572] [exthost] [error] undefined
[2020-10-16 18:55:31.019] [exthost] [error] [ms-vscode.cpptools] provider FAILED
[2020-10-16 18:55:31.019] [exthost] [error] undefined
[2020-10-16 18:55:31.264] [exthost] [warning] ms-vscode.cpptools - Code actions of kind 'quickfix 'requested but returned code action does not have a 'kind'. Code action will be dropped. Please set 'CodeAction.kind'.
[2020-10-16 18:56:36.568] [exthost] [error] [ms-vscode.cpptools] provider FAILED
[2020-10-16 18:56:36.568] [exthost] [error] undefined
[2020-10-16 18:56:38.712] [exthost] [error] [ms-vscode.cpptools] provider FAILED
[2020-10-16 18:56:38.712] [exthost] [error] undefined
[2020-10-16 18:56:47.169] [exthost] [error] [ms-vscode.cpptools] provider FAILED
[2020-10-16 18:56:47.169] [exthost] [error] undefined
[2020-10-16 18:56:57.834] [exthost] [error] [ms-vscode.cpptools] provider FAILED
[2020-10-16 18:56:57.834] [exthost] [error] undefined
[2020-10-16 18:57:12.695] [exthost] [error] [ms-vscode.cpptools] provider FAILED
[2020-10-16 18:57:12.695] [exthost] [error] undefined
[2020-10-16 18:57:25.361] [exthost] [error] [ms-vscode.cpptools] provider FAILED
[2020-10-16 18:57:25.361] [exthost] [error] undefined
[2020-10-16 18:57:42.730] [exthost] [error] [ms-vscode.cpptools] provider FAILED
[2020-10-16 18:57:42.730] [exthost] [error] undefined
[2020-10-16 18:58:30.105] [exthost] [error] [ms-vscode.cpptools] provider FAILED
[2020-10-16 18:58:30.105] [exthost] [error] undefined
[2020-10-16 18:58:47.300] [exthost] [error] [ms-vscode.cpptools] provider FAILED
[2020-10-16 18:58:47.300] [exthost] [error] undefined
[2020-10-16 18:59:05.897] [exthost] [error] [ms-vscode.cpptools] provider FAILED
[2020-10-16 18:59:05.897] [exthost] [error] undefined
[2020-10-16 19:04:09.417] [exthost] [error] [ms-vscode.cpptools] provider FAILED
[2020-10-16 19:04:09.417] [exthost] [error] undefined
[2020-10-16 19:04:53.562] [exthost] [error] [ms-vscode.cpptools] provider FAILED
[2020-10-16 19:04:53.562] [exthost] [error] undefined
[2020-10-16 19:06:17.528] [exthost] [error] [ms-vscode.cpptools] provider FAILED
[2020-10-16 19:06:17.528] [exthost] [error] undefined
[2020-10-16 19:07:14.619] [exthost] [error] [ms-vscode.cpptools] provider FAILED
[2020-10-16 19:07:14.619] [exthost] [error] undefined
[2020-10-16 19:07:48.108] [exthost] [error] [ms-vscode.cpptools] provider FAILED
[2020-10-16 19:07:48.108] [exthost] [error] undefined
[2020-10-16 19:09:44.113] [exthost] [error] [ms-vscode.cpptools] provider FAILED
[2020-10-16 19:09:44.113] [exthost] [error] undefined
[2020-10-16 19:10:03.406] [exthost] [error] [ms-vscode.cpptools] provider FAILED
[2020-10-16 19:10:03.406] [exthost] [error] undefined
[2020-10-16 19:10:07.530] [exthost] [warning] ms-vscode.cpptools - Code actions of kind 'quickfix 'requested but returned code action does not have a 'kind'. Code action will be dropped. Please set 'CodeAction.kind'.
[2020-10-16 19:10:34.856] [exthost] [error] [ms-vscode.cpptools] provider FAILED
[2020-10-16 19:10:34.856] [exthost] [error] undefined
[2020-10-16 19:10:53.560] [exthost] [error] [ms-vscode.cpptools] provider FAILED
[2020-10-16 19:10:53.561] [exthost] [error] undefined
[2020-10-16 19:10:55.667] [exthost] [error] [ms-vscode.cpptools] provider FAILED
[2020-10-16 19:10:55.667] [exthost] [error] undefined
[2020-10-16 19:11:04.103] [exthost] [error] [ms-vscode.cpptools] provider FAILED
[2020-10-16 19:11:04.103] [exthost] [error] undefined
[2020-10-16 19:11:10.677] [exthost] [error] [ms-vscode.cpptools] provider FAILED
[2020-10-16 19:11:10.677] [exthost] [error] undefined
[2020-10-16 19:11:35.322] [exthost] [error] [ms-vscode.cpptools] provider FAILED
[2020-10-16 19:11:35.322] [exthost] [error] undefined
[2020-10-16 19:11:40.457] [exthost] [error] [ms-vscode.cpptools] provider FAILED
[2020-10-16 19:11:40.457] [exthost] [error] undefined
[2020-10-16 19:13:00.281] [exthost] [error] [ms-vscode.cpptools] provider FAILED
[2020-10-16 19:13:00.281] [exthost] [error] undefined
[2020-10-16 19:13:06.905] [exthost] [error] [ms-vscode.cpptools] provider FAILED
[2020-10-16 19:13:06.905] [exthost] [error] undefined
[2020-10-16 19:13:11.823] [exthost] [error] [ms-vscode.cpptools] provider FAILED
[2020-10-16 19:13:11.823] [exthost] [error] undefined
[2020-10-16 19:13:24.877] [exthost] [error] [ms-vscode.cpptools] provider FAILED
[2020-10-16 19:13:24.877] [exthost] [error] undefined
[2020-10-16 19:13:26.926] [exthost] [error] [ms-vscode.cpptools] provider FAILED
[2020-10-16 19:13:26.926] [exthost] [error] undefined
[2020-10-16 19:14:58.060] [exthost] [error] [ms-vscode.cpptools] provider FAILED
[2020-10-16 19:14:58.060] [exthost] [error] undefined
[2020-10-16 19:15:46.291] [exthost] [error] [ms-vscode.cpptools] provider FAILED
[2020-10-16 19:15:46.291] [exthost] [error] undefined
[2020-10-16 19:16:01.367] [exthost] [error] [ms-vscode.cpptools] provider FAILED
[2020-10-16 19:16:01.367] [exthost] [error] undefined
[2020-10-16 19:17:27.061] [exthost] [error] [ms-vscode.cpptools] provider FAILED
[2020-10-16 19:17:27.061] [exthost] [error] undefined
[2020-10-16 19:18:08.870] [exthost] [error] [ms-vscode.cpptools] provider FAILED
[2020-10-16 19:18:08.870] [exthost] [error] undefined
[2020-10-16 19:18:09.115] [exthost] [warning] ms-vscode.cpptools - Code actions of kind 'quickfix 'requested but returned code action does not have a 'kind'. Code action will be dropped. Please set 'CodeAction.kind'.
[2020-10-16 19:18:10.643] [exthost] [warning] ms-vscode.cpptools - Code actions of kind 'quickfix 'requested but returned code action does not have a 'kind'. Code action will be dropped. Please set 'CodeAction.kind'.
[2020-10-16 19:18:18.083] [exthost] [error] [ms-vscode.cpptools] provider FAILED
[2020-10-16 19:18:18.083] [exthost] [error] undefined
[2020-10-16 19:18:25.702] [exthost] [error] [ms-vscode.cpptools] provider FAILED
[2020-10-16 19:18:25.702] [exthost] [error] undefined
[2020-10-16 19:18:27.227] [exthost] [error] [ms-vscode.cpptools] provider FAILED
[2020-10-16 19:18:27.227] [exthost] [error] undefined
[2020-10-16 19:18:37.341] [exthost] [error] [ms-vscode.cpptools] provider FAILED
[2020-10-16 19:18:37.341] [exthost] [error] undefined
[2020-10-16 19:18:39.489] [exthost] [error] [ms-vscode.cpptools] provider FAILED
[2020-10-16 19:18:39.489] [exthost] [error] undefined
[2020-10-16 19:18:47.845] [exthost] [error] [ms-vscode.cpptools] provider FAILED
[2020-10-16 19:18:47.845] [exthost] [error] undefined
[2020-10-16 19:18:48.139] [exthost] [warning] ms-vscode.cpptools - Code actions of kind 'quickfix 'requested but returned code action does not have a 'kind'. Code action will be dropped. Please set 'CodeAction.kind'.
[2020-10-16 19:18:52.736] [exthost] [error] [ms-vscode.cpptools] provider FAILED
[2020-10-16 19:18:52.736] [exthost] [error] undefined
[2020-10-16 19:19:01.111] [exthost] [error] [ms-vscode.cpptools] provider FAILED
[2020-10-16 19:19:01.111] [exthost] [error] undefined
[2020-10-16 19:19:55.370] [exthost] [error] [ms-vscode.cpptools] provider FAILED
[2020-10-16 19:19:55.370] [exthost] [error] undefined
[2020-10-16 19:20:44.939] [exthost] [error] [ms-vscode.cpptools] provider FAILED
[2020-10-16 19:20:44.939] [exthost] [error] undefined
[2020-10-16 19:21:39.288] [exthost] [error] [ms-vscode.cpptools] provider FAILED
[2020-10-16 19:21:39.288] [exthost] [error] undefined
[2020-10-16 19:22:48.590] [exthost] [error] [ms-vscode.cpptools] provider FAILED
[2020-10-16 19:22:48.590] [exthost] [error] undefined
[2020-10-16 19:23:07.411] [exthost] [error] [ms-vscode.cpptools] provider FAILED
[2020-10-16 19:23:07.411] [exthost] [error] undefined
[2020-10-16 19:23:18.298] [exthost] [error] [ms-vscode.cpptools] provider FAILED
[2020-10-16 19:23:18.298] [exthost] [error] undefined
[2020-10-16 19:23:31.123] [exthost] [error] [ms-vscode.cpptools] provider FAILED
[2020-10-16 19:23:31.123] [exthost] [error] undefined
[2020-10-16 19:24:15.019] [exthost] [error] [ms-vscode.cpptools] provider FAILED
[2020-10-16 19:24:15.019] [exthost] [error] undefined
[2020-10-16 19:24:23.482] [exthost] [error] [ms-vscode.cpptools] provider FAILED
[2020-10-16 19:24:23.482] [exthost] [error] undefined
[2020-10-16 19:24:36.997] [exthost] [error] [ms-vscode.cpptools] provider FAILED
[2020-10-16 19:24:36.997] [exthost] [error] undefined
[2020-10-16 19:25:13.411] [exthost] [error] [ms-vscode.cpptools] provider FAILED
[2020-10-16 19:25:13.411] [exthost] [error] undefined
[2020-10-16 19:25:20.009] [exthost] [error] [ms-vscode.cpptools] provider FAILED
[2020-10-16 19:25:20.009] [exthost] [error] undefined
[2020-10-16 19:25:34.685] [exthost] [error] [ms-vscode.cpptools] provider FAILED
[2020-10-16 19:25:34.685] [exthost] [error] undefined
[2020-10-16 19:25:38.985] [exthost] [error] [ms-vscode.cpptools] provider FAILED
[2020-10-16 19:25:38.985] [exthost] [error] undefined
[2020-10-16 19:25:41.221] [exthost] [error] [ms-vscode.cpptools] provider FAILED
[2020-10-16 19:25:41.221] [exthost] [error] undefined
[2020-10-16 19:26:10.853] [exthost] [error] [ms-vscode.cpptools] provider FAILED
[2020-10-16 19:26:10.853] [exthost] [error] undefined
[2020-10-16 19:26:13.671] [exthost] [error] [ms-vscode.cpptools] provider FAILED
[2020-10-16 19:26:13.671] [exthost] [error] undefined
[2020-10-16 19:26:21.998] [exthost] [error] [ms-vscode.cpptools] provider FAILED
[2020-10-16 19:26:21.998] [exthost] [error] undefined
[2020-10-16 19:26:28.087] [exthost] [error] [ms-vscode.cpptools] provider FAILED
[2020-10-16 19:26:28.087] [exthost] [error] undefined
[2020-10-16 19:27:00.244] [exthost] [error] [ms-vscode.cpptools] provider FAILED
[2020-10-16 19:27:00.244] [exthost] [error] undefined
[2020-10-16 19:27:20.953] [exthost] [error] [ms-vscode.cpptools] provider FAILED
[2020-10-16 19:27:20.953] [exthost] [error] undefined
[2020-10-16 19:27:25.121] [exthost] [error] [ms-vscode.cpptools] provider FAILED
[2020-10-16 19:27:25.121] [exthost] [error] undefined
[2020-10-16 19:27:31.586] [exthost] [error] [ms-vscode.cpptools] provider FAILED
[2020-10-16 19:27:31.586] [exthost] [error] undefined
[2020-10-16 19:27:37.891] [exthost] [error] [ms-vscode.cpptools] provider FAILED
[2020-10-16 19:27:37.891] [exthost] [error] undefined
[2020-10-16 19:27:42.007] [exthost] [error] [ms-vscode.cpptools] provider FAILED
[2020-10-16 19:27:42.007] [exthost] [error] undefined
[2020-10-16 19:27:50.979] [exthost] [error] [ms-vscode.cpptools] provider FAILED
[2020-10-16 19:27:50.979] [exthost] [error] undefined
[2020-10-16 19:27:57.380] [exthost] [error] [ms-vscode.cpptools] provider FAILED
[2020-10-16 19:27:57.380] [exthost] [error] undefined
[2020-10-16 19:28:16.114] [exthost] [error] [ms-vscode.cpptools] provider FAILED
[2020-10-16 19:28:16.114] [exthost] [error] undefined
[2020-10-16 19:29:12.530] [exthost] [error] [ms-vscode.cpptools] provider FAILED
[2020-10-16 19:29:12.530] [exthost] [error] undefined
[2020-10-16 19:29:16.872] [exthost] [error] [ms-vscode.cpptools] provider FAILED
[2020-10-16 19:29:16.872] [exthost] [error] undefined
[2020-10-16 19:29:42.066] [exthost] [error] [ms-vscode.cpptools] provider FAILED
[2020-10-16 19:29:42.066] [exthost] [error] undefined
[2020-10-16 19:29:52.741] [exthost] [error] [ms-vscode.cpptools] provider FAILED
[2020-10-16 19:29:52.741] [exthost] [error] undefined
[2020-10-16 19:30:02.908] [exthost] [warning] ms-vscode.cpptools - Code actions of kind 'quickfix 'requested but returned code action does not have a 'kind'. Code action will be dropped. Please set 'CodeAction.kind'.
[2020-10-16 19:30:10.751] [exthost] [error] [ms-vscode.cpptools] provider FAILED
[2020-10-16 19:30:10.751] [exthost] [error] undefined
[2020-10-16 19:30:12.558] [exthost] [error] [ms-vscode.cpptools] provider FAILED
[2020-10-16 19:30:12.558] [exthost] [error] undefined
[2020-10-16 19:30:16.621] [exthost] [error] [ms-vscode.cpptools] provider FAILED
[2020-10-16 19:30:16.621] [exthost] [error] undefined
[2020-10-16 19:30:18.876] [exthost] [error] [ms-vscode.cpptools] provider FAILED
[2020-10-16 19:30:18.876] [exthost] [error] undefined
[2020-10-16 19:30:25.710] [exthost] [error] [ms-vscode.cpptools] provider FAILED
[2020-10-16 19:30:25.710] [exthost] [error] undefined
[2020-10-16 19:30:27.955] [exthost] [error] [ms-vscode.cpptools] provider FAILED
[2020-10-16 19:30:27.955] [exthost] [error] undefined
[2020-10-16 19:30:30.524] [exthost] [error] [ms-vscode.cpptools] provider FAILED
[2020-10-16 19:30:30.524] [exthost] [error] undefined
[2020-10-16 19:30:56.429] [exthost] [error] [ms-vscode.cpptools] provider FAILED
[2020-10-16 19:30:56.429] [exthost] [error] undefined
[2020-10-16 19:31:56.255] [exthost] [warning] ms-vscode.cpptools - Code actions of kind 'quickfix 'requested but returned code action does not have a 'kind'. Code action will be dropped. Please set 'CodeAction.kind'.
[2020-10-16 19:32:01.585] [exthost] [warning] ms-vscode.cpptools - Code actions of kind 'quickfix 'requested but returned code action does not have a 'kind'. Code action will be dropped. Please set 'CodeAction.kind'.
[2020-10-16 19:32:01.943] [exthost] [warning] ms-vscode.cpptools - Code actions of kind 'quickfix 'requested but returned code action does not have a 'kind'. Code action will be dropped. Please set 'CodeAction.kind'.
[2020-10-16 19:32:14.272] [exthost] [error] [ms-vscode.cpptools] provider FAILED
[2020-10-16 19:32:14.272] [exthost] [error] undefined
[2020-10-16 19:32:26.992] [exthost] [error] [ms-vscode.cpptools] provider FAILED
[2020-10-16 19:32:26.992] [exthost] [error] undefined
[2020-10-16 19:32:32.097] [exthost] [warning] ms-vscode.cpptools - Code actions of kind 'quickfix 'requested but returned code action does not have a 'kind'. Code action will be dropped. Please set 'CodeAction.kind'.
[2020-10-16 19:32:41.437] [exthost] [warning] ms-vscode.cpptools - Code actions of kind 'quickfix 'requested but returned code action does not have a 'kind'. Code action will be dropped. Please set 'CodeAction.kind'.
[2020-10-16 19:32:41.981] [exthost] [warning] ms-vscode.cpptools - Code actions of kind 'quickfix 'requested but returned code action does not have a 'kind'. Code action will be dropped. Please set 'CodeAction.kind'.
[2020-10-16 19:32:53.525] [exthost] [warning] ms-vscode.cpptools - Code actions of kind 'quickfix 'requested but returned code action does not have a 'kind'. Code action will be dropped. Please set 'CodeAction.kind'.
[2020-10-16 19:33:25.385] [exthost] [error] [ms-vscode.cpptools] provider FAILED
[2020-10-16 19:33:25.385] [exthost] [error] undefined
[2020-10-16 19:33:42.152] [exthost] [warning] ms-vscode.cpptools - Code actions of kind 'quickfix 'requested but returned code action does not have a 'kind'. Code action will be dropped. Please set 'CodeAction.kind'.
[2020-10-16 19:34:03.225] [exthost] [error] [ms-vscode.cpptools] provider FAILED
[2020-10-16 19:34:03.225] [exthost] [error] undefined
[2020-10-16 19:34:15.737] [exthost] [error] [ms-vscode.cpptools] provider FAILED
[2020-10-16 19:34:15.737] [exthost] [error] undefined
[2020-10-16 19:34:47.262] [exthost] [error] [ms-vscode.cpptools] provider FAILED
[2020-10-16 19:34:47.262] [exthost] [error] undefined
[2020-10-16 19:35:02.373] [exthost] [error] [ms-vscode.cpptools] provider FAILED
[2020-10-16 19:35:02.373] [exthost] [error] undefined
[2020-10-16 19:36:05.471] [exthost] [error] [ms-vscode.cpptools] provider FAILED
[2020-10-16 19:36:05.471] [exthost] [error] undefined
[2020-10-16 19:36:14.086] [exthost] [error] [ms-vscode.cpptools] provider FAILED
[2020-10-16 19:36:14.086] [exthost] [error] undefined
[2020-10-16 19:36:41.767] [exthost] [error] [ms-vscode.cpptools] provider FAILED
[2020-10-16 19:36:41.767] [exthost] [error] undefined
[2020-10-16 19:36:44.055] [exthost] [error] [ms-vscode.cpptools] provider FAILED
[2020-10-16 19:36:44.055] [exthost] [error] undefined
[2020-10-16 19:36:54.377] [exthost] [error] [ms-vscode.cpptools] provider FAILED
[2020-10-16 19:36:54.377] [exthost] [error] undefined
[2020-10-16 19:37:00.672] [exthost] [error] [ms-vscode.cpptools] provider FAILED
[2020-10-16 19:37:00.672] [exthost] [error] undefined
[2020-10-16 19:37:09.341] [exthost] [error] [ms-vscode.cpptools] provider FAILED
[2020-10-16 19:37:09.341] [exthost] [error] undefined
[2020-10-16 19:37:16.052] [exthost] [error] [ms-vscode.cpptools] provider FAILED
[2020-10-16 19:37:16.052] [exthost] [error] undefined
[2020-10-16 19:37:27.110] [exthost] [error] [ms-vscode.cpptools] provider FAILED
[2020-10-16 19:37:27.110] [exthost] [error] undefined
[2020-10-16 19:37:44.134] [exthost] [error] [ms-vscode.cpptools] provider FAILED
[2020-10-16 19:37:44.134] [exthost] [error] undefined
[2020-10-16 19:38:13.583] [exthost] [error] [ms-vscode.cpptools] provider FAILED
[2020-10-16 19:38:13.583] [exthost] [error] undefined
[2020-10-16 19:38:20.349] [exthost] [error] [ms-vscode.cpptools] provider FAILED
[2020-10-16 19:38:20.349] [exthost] [error] undefined
[2020-10-16 19:38:26.650] [exthost] [error] [ms-vscode.cpptools] provider FAILED
[2020-10-16 19:38:26.650] [exthost] [error] undefined
[2020-10-16 19:38:39.534] [exthost] [error] [ms-vscode.cpptools] provider FAILED
[2020-10-16 19:38:39.534] [exthost] [error] undefined
[2020-10-16 19:39:33.565] [exthost] [error] [ms-vscode.cpptools] provider FAILED
[2020-10-16 19:39:33.565] [exthost] [error] undefined
[2020-10-16 19:40:09.766] [exthost] [error] [ms-vscode.cpptools] provider FAILED
[2020-10-16 19:40:09.766] [exthost] [error] undefined
[2020-10-16 19:40:16.278] [exthost] [error] [ms-vscode.cpptools] provider FAILED
[2020-10-16 19:40:16.278] [exthost] [error] undefined
[2020-10-16 19:40:56.199] [exthost] [error] [ms-vscode.cpptools] provider FAILED
[2020-10-16 19:40:56.199] [exthost] [error] undefined
[2020-10-16 19:41:05.250] [exthost] [error] [ms-vscode.cpptools] provider FAILED
[2020-10-16 19:41:05.250] [exthost] [error] undefined
[2020-10-16 19:41:09.424] [exthost] [error] [ms-vscode.cpptools] provider FAILED
[2020-10-16 19:41:09.424] [exthost] [error] undefined
[2020-10-16 19:41:11.555] [exthost] [error] [ms-vscode.cpptools] provider FAILED
[2020-10-16 19:41:11.555] [exthost] [error] undefined
[2020-10-16 19:41:33.640] [exthost] [error] [ms-vscode.cpptools] provider FAILED
[2020-10-16 19:41:33.640] [exthost] [error] undefined
[2020-10-16 19:41:36.309] [exthost] [error] [ms-vscode.cpptools] provider FAILED
[2020-10-16 19:41:36.309] [exthost] [error] undefined
[2020-10-16 19:41:45.032] [exthost] [error] [ms-vscode.cpptools] provider FAILED
[2020-10-16 19:41:45.032] [exthost] [error] undefined
[2020-10-16 19:41:57.555] [exthost] [error] [ms-vscode.cpptools] provider FAILED
[2020-10-16 19:41:57.555] [exthost] [error] undefined
[2020-10-16 19:42:01.875] [exthost] [error] [ms-vscode.cpptools] provider FAILED
[2020-10-16 19:42:01.875] [exthost] [error] undefined
[2020-10-16 19:42:10.142] [exthost] [error] [ms-vscode.cpptools] provider FAILED
[2020-10-16 19:42:10.142] [exthost] [error] undefined
[2020-10-16 19:42:30.221] [exthost] [error] [ms-vscode.cpptools] provider FAILED
[2020-10-16 19:42:30.221] [exthost] [error] undefined
[2020-10-16 19:42:49.115] [exthost] [error] [ms-vscode.cpptools] provider FAILED
[2020-10-16 19:42:49.115] [exthost] [error] undefined
[2020-10-16 19:42:51.304] [exthost] [error] [ms-vscode.cpptools] provider FAILED
[2020-10-16 19:42:51.305] [exthost] [error] undefined
[2020-10-16 19:42:58.648] [exthost] [error] [ms-vscode.cpptools] provider FAILED
[2020-10-16 19:42:58.648] [exthost] [error] undefined
[2020-10-16 19:43:28.190] [exthost] [error] [ms-vscode.cpptools] provider FAILED
[2020-10-16 19:43:28.190] [exthost] [error] undefined
[2020-10-16 19:43:32.520] [exthost] [error] [ms-vscode.cpptools] provider FAILED
[2020-10-16 19:43:32.520] [exthost] [error] undefined
[2020-10-16 19:44:14.531] [exthost] [error] [ms-vscode.cpptools] provider FAILED
[2020-10-16 19:44:14.531] [exthost] [error] undefined
