[2020-10-16 20:06:02.057] [exthost] [info] extension host started
[2020-10-16 20:06:02.104] [exthost] [info] ExtensionService#_doActivateExtension vscode.microsoft-authentication {"startup":false,"extensionId":{"value":"vscode.microsoft-authentication","_lower":"vscode.microsoft-authentication"},"activationEvent":"onAuthenticationRequest:microsoft"}
[2020-10-16 20:06:02.104] [exthost] [info] ExtensionService#loadCommonJSModule file:///usr/share/code/resources/app/extensions/microsoft-authentication/dist/extension.js
[2020-10-16 20:06:02.140] [exthost] [info] ExtensionService#_doActivateExtension ms-vscode.cpptools {"startup":false,"extensionId":{"value":"ms-vscode.cpptools","_lower":"ms-vscode.cpptools"},"activationEvent":"onLanguage:c"}
[2020-10-16 20:06:02.140] [exthost] [info] ExtensionService#loadCommonJSModule file:///root/.vscode/extensions/ms-vscode.cpptools-1.0.1/dist/main
[2020-10-16 20:06:02.336] [exthost] [info] ExtensionService#_doActivateExtension ms-vscode.js-debug {"startup":false,"extensionId":{"value":"ms-vscode.js-debug","_lower":"ms-vscode.js-debug"},"activationEvent":"onDebugDynamicConfigurations"}
[2020-10-16 20:06:02.337] [exthost] [info] ExtensionService#loadCommonJSModule file:///usr/share/code/resources/app/extensions/ms-vscode.js-debug/src/extension.js
[2020-10-16 20:06:02.807] [exthost] [info] ExtensionService#_doActivateExtension vscode.debug-auto-launch {"startup":true,"extensionId":{"value":"vscode.debug-auto-launch","_lower":"vscode.debug-auto-launch"},"activationEvent":"*"}
[2020-10-16 20:06:02.808] [exthost] [info] ExtensionService#loadCommonJSModule file:///usr/share/code/resources/app/extensions/debug-auto-launch/dist/extension
[2020-10-16 20:06:02.811] [exthost] [info] ExtensionService#_doActivateExtension vscode.emmet {"startup":true,"extensionId":{"value":"vscode.emmet","_lower":"vscode.emmet"},"activationEvent":"*"}
[2020-10-16 20:06:02.811] [exthost] [info] ExtensionService#loadCommonJSModule file:///usr/share/code/resources/app/extensions/emmet/dist/node/emmetNodeMain
[2020-10-16 20:06:02.857] [exthost] [info] ExtensionService#_doActivateExtension vscode.git {"startup":true,"extensionId":{"value":"vscode.github","_lower":"vscode.github"},"activationEvent":"*"}
[2020-10-16 20:06:02.857] [exthost] [info] ExtensionService#loadCommonJSModule file:///usr/share/code/resources/app/extensions/git/dist/main
[2020-10-16 20:06:02.986] [exthost] [info] ExtensionService#_doActivateExtension vscode.merge-conflict {"startup":true,"extensionId":{"value":"vscode.merge-conflict","_lower":"vscode.merge-conflict"},"activationEvent":"*"}
[2020-10-16 20:06:02.986] [exthost] [info] ExtensionService#loadCommonJSModule file:///usr/share/code/resources/app/extensions/merge-conflict/dist/mergeConflictMain
[2020-10-16 20:06:03.073] [exthost] [info] ExtensionService#_doActivateExtension vscode.search-result {"startup":true,"extensionId":{"value":"vscode.search-result","_lower":"vscode.search-result"},"activationEvent":"*"}
[2020-10-16 20:06:03.073] [exthost] [info] ExtensionService#loadCommonJSModule file:///usr/share/code/resources/app/extensions/search-result/dist/extension.js
[2020-10-16 20:06:03.433] [exthost] [info] ExtensionService#_doActivateExtension vscode.github {"startup":true,"extensionId":{"value":"vscode.github","_lower":"vscode.github"},"activationEvent":"*"}
[2020-10-16 20:06:03.434] [exthost] [info] ExtensionService#loadCommonJSModule file:///usr/share/code/resources/app/extensions/github/dist/extension.js
[2020-10-16 20:06:03.813] [exthost] [info] eager extensions activated
[2020-10-16 20:06:03.826] [exthost] [info] ExtensionService#_doActivateExtension vscode.github-authentication {"startup":false,"extensionId":{"value":"vscode.github-authentication","_lower":"vscode.github-authentication"},"activationEvent":"onAuthenticationRequest:github"}
[2020-10-16 20:06:03.826] [exthost] [info] ExtensionService#loadCommonJSModule file:///usr/share/code/resources/app/extensions/github-authentication/dist/extension.js
[2020-10-16 20:06:55.828] [exthost] [error] [ms-vscode.cpptools] provider FAILED
[2020-10-16 20:06:55.828] [exthost] [error] undefined
[2020-10-16 20:06:55.922] [exthost] [error] [ms-vscode.cpptools] provider FAILED
[2020-10-16 20:06:55.922] [exthost] [error] undefined
[2020-10-16 20:06:58.599] [exthost] [error] [ms-vscode.cpptools] provider FAILED
[2020-10-16 20:06:58.599] [exthost] [error] undefined
[2020-10-16 20:07:02.816] [exthost] [error] [ms-vscode.cpptools] provider FAILED
[2020-10-16 20:07:02.816] [exthost] [error] undefined
[2020-10-16 20:07:30.189] [exthost] [warning] ms-vscode.cpptools - Code actions of kind 'quickfix 'requested but returned code action does not have a 'kind'. Code action will be dropped. Please set 'CodeAction.kind'.
[2020-10-16 20:07:33.517] [exthost] [warning] ms-vscode.cpptools - Code actions of kind 'quickfix 'requested but returned code action does not have a 'kind'. Code action will be dropped. Please set 'CodeAction.kind'.
[2020-10-16 20:07:40.915] [exthost] [error] [ms-vscode.cpptools] provider FAILED
[2020-10-16 20:07:40.915] [exthost] [error] undefined
[2020-10-16 20:07:54.839] [exthost] [warning] ms-vscode.cpptools - Code actions of kind 'quickfix 'requested but returned code action does not have a 'kind'. Code action will be dropped. Please set 'CodeAction.kind'.
[2020-10-16 20:08:22.914] [exthost] [error] [ms-vscode.cpptools] provider FAILED
[2020-10-16 20:08:22.914] [exthost] [error] undefined
[2020-10-16 20:08:53.762] [exthost] [error] [ms-vscode.cpptools] provider FAILED
[2020-10-16 20:08:53.762] [exthost] [error] undefined
[2020-10-16 20:09:43.966] [exthost] [error] [ms-vscode.cpptools] provider FAILED
[2020-10-16 20:09:43.967] [exthost] [error] undefined
[2020-10-16 20:09:46.569] [exthost] [error] [ms-vscode.cpptools] provider FAILED
[2020-10-16 20:09:46.569] [exthost] [error] undefined
[2020-10-16 20:10:11.989] [exthost] [error] [ms-vscode.cpptools] provider FAILED
[2020-10-16 20:10:11.989] [exthost] [error] undefined
[2020-10-16 20:10:40.550] [exthost] [error] [ms-vscode.cpptools] provider FAILED
[2020-10-16 20:10:40.550] [exthost] [error] undefined
[2020-10-16 20:10:52.842] [exthost] [error] [ms-vscode.cpptools] provider FAILED
[2020-10-16 20:10:52.842] [exthost] [error] undefined
[2020-10-16 20:10:53.972] [exthost] [warning] ms-vscode.cpptools - Code actions of kind 'quickfix 'requested but returned code action does not have a 'kind'. Code action will be dropped. Please set 'CodeAction.kind'.
[2020-10-16 20:10:54.993] [exthost] [warning] ms-vscode.cpptools - Code actions of kind 'quickfix 'requested but returned code action does not have a 'kind'. Code action will be dropped. Please set 'CodeAction.kind'.
[2020-10-16 20:11:17.136] [exthost] [warning] ms-vscode.cpptools - Code actions of kind 'quickfix 'requested but returned code action does not have a 'kind'. Code action will be dropped. Please set 'CodeAction.kind'.
[2020-10-16 20:12:54.730] [exthost] [error] [ms-vscode.cpptools] provider FAILED
[2020-10-16 20:12:54.730] [exthost] [error] undefined
[2020-10-16 20:13:57.689] [exthost] [error] [ms-vscode.cpptools] provider FAILED
[2020-10-16 20:13:57.689] [exthost] [error] undefined
[2020-10-16 20:14:14.767] [exthost] [error] [ms-vscode.cpptools] provider FAILED
[2020-10-16 20:14:14.767] [exthost] [error] undefined
[2020-10-16 20:14:17.451] [exthost] [error] [ms-vscode.cpptools] provider FAILED
[2020-10-16 20:14:17.451] [exthost] [error] undefined
[2020-10-16 20:14:21.219] [exthost] [error] [ms-vscode.cpptools] provider FAILED
[2020-10-16 20:14:21.219] [exthost] [error] undefined
[2020-10-16 20:14:28.120] [exthost] [error] [ms-vscode.cpptools] provider FAILED
[2020-10-16 20:14:28.120] [exthost] [error] undefined
[2020-10-16 20:14:34.146] [exthost] [error] [ms-vscode.cpptools] provider FAILED
[2020-10-16 20:14:34.146] [exthost] [error] undefined
[2020-10-16 20:14:44.177] [exthost] [error] [ms-vscode.cpptools] provider FAILED
[2020-10-16 20:14:44.177] [exthost] [error] undefined
[2020-10-16 20:14:51.190] [exthost] [error] [ms-vscode.cpptools] provider FAILED
[2020-10-16 20:14:51.190] [exthost] [error] undefined
[2020-10-16 20:15:22.337] [exthost] [error] [ms-vscode.cpptools] provider FAILED
[2020-10-16 20:15:22.337] [exthost] [error] undefined
[2020-10-16 20:15:47.610] [exthost] [error] [ms-vscode.cpptools] provider FAILED
[2020-10-16 20:15:47.610] [exthost] [error] undefined
