[2020-10-14 15:38:58.765] [exthost] [info] extension host started
[2020-10-14 15:38:58.778] [exthost] [info] ExtensionService#_doActivateExtension vscode.microsoft-authentication {"startup":false,"extensionId":{"value":"vscode.microsoft-authentication","_lower":"vscode.microsoft-authentication"},"activationEvent":"onAuthenticationRequest:microsoft"}
[2020-10-14 15:38:58.779] [exthost] [info] ExtensionService#loadCommonJSModule file:///usr/share/code/resources/app/extensions/microsoft-authentication/dist/extension.js
[2020-10-14 15:38:58.793] [exthost] [info] ExtensionService#_doActivateExtension vscode.github-authentication {"startup":false,"extensionId":{"value":"vscode.github-authentication","_lower":"vscode.github-authentication"},"activationEvent":"onAuthenticationRequest:github"}
[2020-10-14 15:38:58.793] [exthost] [info] ExtensionService#loadCommonJSModule file:///usr/share/code/resources/app/extensions/github-authentication/dist/extension.js
[2020-10-14 15:38:58.803] [exthost] [info] ExtensionService#_doActivateExtension vscode.debug-auto-launch {"startup":true,"extensionId":{"value":"vscode.debug-auto-launch","_lower":"vscode.debug-auto-launch"},"activationEvent":"*"}
[2020-10-14 15:38:58.803] [exthost] [info] ExtensionService#loadCommonJSModule file:///usr/share/code/resources/app/extensions/debug-auto-launch/dist/extension
[2020-10-14 15:38:58.805] [exthost] [info] ExtensionService#_doActivateExtension vscode.emmet {"startup":true,"extensionId":{"value":"vscode.emmet","_lower":"vscode.emmet"},"activationEvent":"*"}
[2020-10-14 15:38:58.805] [exthost] [info] ExtensionService#loadCommonJSModule file:///usr/share/code/resources/app/extensions/emmet/dist/node/emmetNodeMain
[2020-10-14 15:38:58.821] [exthost] [info] ExtensionService#_doActivateExtension vscode.git {"startup":true,"extensionId":{"value":"vscode.github","_lower":"vscode.github"},"activationEvent":"*"}
[2020-10-14 15:38:58.821] [exthost] [info] ExtensionService#loadCommonJSModule file:///usr/share/code/resources/app/extensions/git/dist/main
[2020-10-14 15:38:58.854] [exthost] [info] ExtensionService#_doActivateExtension vscode.merge-conflict {"startup":true,"extensionId":{"value":"vscode.merge-conflict","_lower":"vscode.merge-conflict"},"activationEvent":"*"}
[2020-10-14 15:38:58.854] [exthost] [info] ExtensionService#loadCommonJSModule file:///usr/share/code/resources/app/extensions/merge-conflict/dist/mergeConflictMain
[2020-10-14 15:38:58.856] [exthost] [info] ExtensionService#_doActivateExtension vscode.search-result {"startup":true,"extensionId":{"value":"vscode.search-result","_lower":"vscode.search-result"},"activationEvent":"*"}
[2020-10-14 15:38:58.856] [exthost] [info] ExtensionService#loadCommonJSModule file:///usr/share/code/resources/app/extensions/search-result/dist/extension.js
[2020-10-14 15:38:58.888] [exthost] [info] ExtensionService#_doActivateExtension vscode.github {"startup":true,"extensionId":{"value":"vscode.github","_lower":"vscode.github"},"activationEvent":"*"}
[2020-10-14 15:38:58.888] [exthost] [info] ExtensionService#loadCommonJSModule file:///usr/share/code/resources/app/extensions/github/dist/extension.js
[2020-10-14 15:38:58.902] [exthost] [info] eager extensions activated
[2020-10-14 15:39:07.608] [exthost] [info] extension host started
[2020-10-14 15:39:07.616] [exthost] [info] ExtensionService#_doActivateExtension vscode.microsoft-authentication {"startup":false,"extensionId":{"value":"vscode.microsoft-authentication","_lower":"vscode.microsoft-authentication"},"activationEvent":"onAuthenticationRequest:microsoft"}
[2020-10-14 15:39:07.616] [exthost] [info] ExtensionService#loadCommonJSModule file:///usr/share/code/resources/app/extensions/microsoft-authentication/dist/extension.js
[2020-10-14 15:39:07.634] [exthost] [info] ExtensionService#_doActivateExtension vscode.github-authentication {"startup":false,"extensionId":{"value":"vscode.github-authentication","_lower":"vscode.github-authentication"},"activationEvent":"onAuthenticationRequest:github"}
[2020-10-14 15:39:07.634] [exthost] [info] ExtensionService#loadCommonJSModule file:///usr/share/code/resources/app/extensions/github-authentication/dist/extension.js
[2020-10-14 15:39:07.644] [exthost] [info] ExtensionService#_doActivateExtension vscode.debug-auto-launch {"startup":true,"extensionId":{"value":"vscode.debug-auto-launch","_lower":"vscode.debug-auto-launch"},"activationEvent":"*"}
[2020-10-14 15:39:07.644] [exthost] [info] ExtensionService#loadCommonJSModule file:///usr/share/code/resources/app/extensions/debug-auto-launch/dist/extension
[2020-10-14 15:39:07.645] [exthost] [info] ExtensionService#_doActivateExtension vscode.emmet {"startup":true,"extensionId":{"value":"vscode.emmet","_lower":"vscode.emmet"},"activationEvent":"*"}
[2020-10-14 15:39:07.645] [exthost] [info] ExtensionService#loadCommonJSModule file:///usr/share/code/resources/app/extensions/emmet/dist/node/emmetNodeMain
[2020-10-14 15:39:07.652] [exthost] [info] ExtensionService#_doActivateExtension vscode.git {"startup":true,"extensionId":{"value":"vscode.github","_lower":"vscode.github"},"activationEvent":"*"}
[2020-10-14 15:39:07.652] [exthost] [info] ExtensionService#loadCommonJSModule file:///usr/share/code/resources/app/extensions/git/dist/main
[2020-10-14 15:39:07.686] [exthost] [info] ExtensionService#_doActivateExtension vscode.merge-conflict {"startup":true,"extensionId":{"value":"vscode.merge-conflict","_lower":"vscode.merge-conflict"},"activationEvent":"*"}
[2020-10-14 15:39:07.686] [exthost] [info] ExtensionService#loadCommonJSModule file:///usr/share/code/resources/app/extensions/merge-conflict/dist/mergeConflictMain
[2020-10-14 15:39:07.688] [exthost] [info] ExtensionService#_doActivateExtension vscode.search-result {"startup":true,"extensionId":{"value":"vscode.search-result","_lower":"vscode.search-result"},"activationEvent":"*"}
[2020-10-14 15:39:07.688] [exthost] [info] ExtensionService#loadCommonJSModule file:///usr/share/code/resources/app/extensions/search-result/dist/extension.js
[2020-10-14 15:39:07.726] [exthost] [info] ExtensionService#_doActivateExtension vscode.github {"startup":true,"extensionId":{"value":"vscode.github","_lower":"vscode.github"},"activationEvent":"*"}
[2020-10-14 15:39:07.726] [exthost] [info] ExtensionService#loadCommonJSModule file:///usr/share/code/resources/app/extensions/github/dist/extension.js
[2020-10-14 15:39:07.745] [exthost] [info] eager extensions activated
[2020-10-14 15:39:09.088] [exthost] [info] ExtensionService#_doActivateExtension ms-vscode.cpptools {"startup":false,"extensionId":{"value":"ms-vscode.cpptools","_lower":"ms-vscode.cpptools"},"activationEvent":"onLanguage:c"}
[2020-10-14 15:39:09.088] [exthost] [info] ExtensionService#loadCommonJSModule file:///root/.vscode/extensions/ms-vscode.cpptools-1.0.1/dist/main
[2020-10-14 15:39:15.740] [exthost] [error] [ms-vscode.cpptools] provider FAILED
[2020-10-14 15:39:15.740] [exthost] [error] undefined
[2020-10-14 15:39:15.742] [exthost] [error] [ms-vscode.cpptools] provider FAILED
[2020-10-14 15:39:15.742] [exthost] [error] undefined
[2020-10-14 15:39:41.130] [exthost] [error] [ms-vscode.cpptools] provider FAILED
[2020-10-14 15:39:41.130] [exthost] [error] undefined
[2020-10-14 15:39:41.876] [exthost] [error] [ms-vscode.cpptools] provider FAILED
[2020-10-14 15:39:41.876] [exthost] [error] undefined
[2020-10-14 15:39:45.985] [exthost] [error] [ms-vscode.cpptools] provider FAILED
[2020-10-14 15:39:45.985] [exthost] [error] undefined
[2020-10-14 15:39:47.332] [exthost] [warning] ms-vscode.cpptools - Code actions of kind 'quickfix 'requested but returned code action does not have a 'kind'. Code action will be dropped. Please set 'CodeAction.kind'.
[2020-10-14 15:39:47.332] [exthost] [warning] ms-vscode.cpptools - Code actions of kind 'quickfix 'requested but returned code action does not have a 'kind'. Code action will be dropped. Please set 'CodeAction.kind'.
[2020-10-14 15:39:47.332] [exthost] [warning] ms-vscode.cpptools - Code actions of kind 'quickfix 'requested but returned code action does not have a 'kind'. Code action will be dropped. Please set 'CodeAction.kind'.
[2020-10-14 15:39:48.351] [exthost] [warning] ms-vscode.cpptools - Code actions of kind 'quickfix 'requested but returned code action does not have a 'kind'. Code action will be dropped. Please set 'CodeAction.kind'.
[2020-10-14 15:39:48.351] [exthost] [warning] ms-vscode.cpptools - Code actions of kind 'quickfix 'requested but returned code action does not have a 'kind'. Code action will be dropped. Please set 'CodeAction.kind'.
[2020-10-14 15:39:48.351] [exthost] [warning] ms-vscode.cpptools - Code actions of kind 'quickfix 'requested but returned code action does not have a 'kind'. Code action will be dropped. Please set 'CodeAction.kind'.
[2020-10-14 15:39:49.133] [exthost] [warning] ms-vscode.cpptools - Code actions of kind 'quickfix 'requested but returned code action does not have a 'kind'. Code action will be dropped. Please set 'CodeAction.kind'.
[2020-10-14 15:39:49.133] [exthost] [warning] ms-vscode.cpptools - Code actions of kind 'quickfix 'requested but returned code action does not have a 'kind'. Code action will be dropped. Please set 'CodeAction.kind'.
[2020-10-14 15:39:49.133] [exthost] [warning] ms-vscode.cpptools - Code actions of kind 'quickfix 'requested but returned code action does not have a 'kind'. Code action will be dropped. Please set 'CodeAction.kind'.
[2020-10-14 15:44:18.984] [exthost] [warning] ms-vscode.cpptools - Code actions of kind 'quickfix 'requested but returned code action does not have a 'kind'. Code action will be dropped. Please set 'CodeAction.kind'.
[2020-10-14 15:44:18.984] [exthost] [warning] ms-vscode.cpptools - Code actions of kind 'quickfix 'requested but returned code action does not have a 'kind'. Code action will be dropped. Please set 'CodeAction.kind'.
[2020-10-14 15:44:18.984] [exthost] [warning] ms-vscode.cpptools - Code actions of kind 'quickfix 'requested but returned code action does not have a 'kind'. Code action will be dropped. Please set 'CodeAction.kind'.
[2020-10-14 15:44:19.045] [exthost] [warning] ms-vscode.cpptools - Code actions of kind 'quickfix 'requested but returned code action does not have a 'kind'. Code action will be dropped. Please set 'CodeAction.kind'.
[2020-10-14 15:44:19.045] [exthost] [warning] ms-vscode.cpptools - Code actions of kind 'quickfix 'requested but returned code action does not have a 'kind'. Code action will be dropped. Please set 'CodeAction.kind'.
[2020-10-14 15:44:19.045] [exthost] [warning] ms-vscode.cpptools - Code actions of kind 'quickfix 'requested but returned code action does not have a 'kind'. Code action will be dropped. Please set 'CodeAction.kind'.
[2020-10-14 15:44:19.351] [exthost] [warning] ms-vscode.cpptools - Code actions of kind 'quickfix 'requested but returned code action does not have a 'kind'. Code action will be dropped. Please set 'CodeAction.kind'.
[2020-10-14 15:44:19.351] [exthost] [warning] ms-vscode.cpptools - Code actions of kind 'quickfix 'requested but returned code action does not have a 'kind'. Code action will be dropped. Please set 'CodeAction.kind'.
[2020-10-14 15:44:19.351] [exthost] [warning] ms-vscode.cpptools - Code actions of kind 'quickfix 'requested but returned code action does not have a 'kind'. Code action will be dropped. Please set 'CodeAction.kind'.
[2020-10-14 15:48:15.420] [exthost] [warning] ms-vscode.cpptools - Code actions of kind 'quickfix 'requested but returned code action does not have a 'kind'. Code action will be dropped. Please set 'CodeAction.kind'.
[2020-10-14 15:48:15.420] [exthost] [warning] ms-vscode.cpptools - Code actions of kind 'quickfix 'requested but returned code action does not have a 'kind'. Code action will be dropped. Please set 'CodeAction.kind'.
[2020-10-14 15:48:15.420] [exthost] [warning] ms-vscode.cpptools - Code actions of kind 'quickfix 'requested but returned code action does not have a 'kind'. Code action will be dropped. Please set 'CodeAction.kind'.
[2020-10-14 18:01:59.169] [exthost] [warning] ms-vscode.cpptools - Code actions of kind 'quickfix 'requested but returned code action does not have a 'kind'. Code action will be dropped. Please set 'CodeAction.kind'.
[2020-10-14 18:01:59.169] [exthost] [warning] ms-vscode.cpptools - Code actions of kind 'quickfix 'requested but returned code action does not have a 'kind'. Code action will be dropped. Please set 'CodeAction.kind'.
[2020-10-14 18:01:59.169] [exthost] [warning] ms-vscode.cpptools - Code actions of kind 'quickfix 'requested but returned code action does not have a 'kind'. Code action will be dropped. Please set 'CodeAction.kind'.
[2020-10-14 18:01:59.914] [exthost] [warning] ms-vscode.cpptools - Code actions of kind 'quickfix 'requested but returned code action does not have a 'kind'. Code action will be dropped. Please set 'CodeAction.kind'.
[2020-10-14 18:01:59.914] [exthost] [warning] ms-vscode.cpptools - Code actions of kind 'quickfix 'requested but returned code action does not have a 'kind'. Code action will be dropped. Please set 'CodeAction.kind'.
[2020-10-14 18:01:59.914] [exthost] [warning] ms-vscode.cpptools - Code actions of kind 'quickfix 'requested but returned code action does not have a 'kind'. Code action will be dropped. Please set 'CodeAction.kind'.
[2020-10-14 18:02:00.016] [exthost] [warning] ms-vscode.cpptools - Code actions of kind 'quickfix 'requested but returned code action does not have a 'kind'. Code action will be dropped. Please set 'CodeAction.kind'.
[2020-10-14 18:02:00.016] [exthost] [warning] ms-vscode.cpptools - Code actions of kind 'quickfix 'requested but returned code action does not have a 'kind'. Code action will be dropped. Please set 'CodeAction.kind'.
[2020-10-14 18:02:00.016] [exthost] [warning] ms-vscode.cpptools - Code actions of kind 'quickfix 'requested but returned code action does not have a 'kind'. Code action will be dropped. Please set 'CodeAction.kind'.
[2020-10-14 18:02:07.478] [exthost] [warning] ms-vscode.cpptools - Code actions of kind 'quickfix 'requested but returned code action does not have a 'kind'. Code action will be dropped. Please set 'CodeAction.kind'.
[2020-10-14 18:02:07.478] [exthost] [warning] ms-vscode.cpptools - Code actions of kind 'quickfix 'requested but returned code action does not have a 'kind'. Code action will be dropped. Please set 'CodeAction.kind'.
[2020-10-14 18:02:07.478] [exthost] [warning] ms-vscode.cpptools - Code actions of kind 'quickfix 'requested but returned code action does not have a 'kind'. Code action will be dropped. Please set 'CodeAction.kind'.
[2020-10-14 18:03:31.826] [exthost] [error] [ms-vscode.cpptools] provider FAILED
[2020-10-14 18:03:31.826] [exthost] [error] undefined
[2020-10-14 18:03:44.488] [exthost] [error] [ms-vscode.cpptools] provider FAILED
[2020-10-14 18:03:44.488] [exthost] [error] undefined
[2020-10-14 18:05:03.934] [exthost] [error] [ms-vscode.cpptools] provider FAILED
[2020-10-14 18:05:03.934] [exthost] [error] undefined
[2020-10-14 18:06:21.015] [exthost] [error] [ms-vscode.cpptools] provider FAILED
[2020-10-14 18:06:21.015] [exthost] [error] undefined
[2020-10-14 18:06:41.491] [exthost] [error] [ms-vscode.cpptools] provider FAILED
[2020-10-14 18:06:41.491] [exthost] [error] undefined
[2020-10-14 18:07:56.655] [exthost] [error] [ms-vscode.cpptools] provider FAILED
[2020-10-14 18:07:56.655] [exthost] [error] undefined
[2020-10-14 18:08:07.448] [exthost] [error] [ms-vscode.cpptools] provider FAILED
[2020-10-14 18:08:07.448] [exthost] [error] undefined
[2020-10-14 18:08:09.210] [exthost] [error] [ms-vscode.cpptools] provider FAILED
[2020-10-14 18:08:09.210] [exthost] [error] undefined
[2020-10-14 18:08:12.662] [exthost] [warning] ms-vscode.cpptools - Code actions of kind 'quickfix 'requested but returned code action does not have a 'kind'. Code action will be dropped. Please set 'CodeAction.kind'.
[2020-10-14 18:08:13.017] [exthost] [warning] ms-vscode.cpptools - Code actions of kind 'quickfix 'requested but returned code action does not have a 'kind'. Code action will be dropped. Please set 'CodeAction.kind'.
[2020-10-14 18:08:16.230] [exthost] [warning] ms-vscode.cpptools - Code actions of kind 'quickfix 'requested but returned code action does not have a 'kind'. Code action will be dropped. Please set 'CodeAction.kind'.
[2020-10-14 18:08:20.095] [exthost] [error] [ms-vscode.cpptools] provider FAILED
[2020-10-14 18:08:20.095] [exthost] [error] undefined
[2020-10-14 18:08:27.809] [exthost] [error] [ms-vscode.cpptools] provider FAILED
[2020-10-14 18:08:27.809] [exthost] [error] undefined
[2020-10-14 18:09:08.715] [exthost] [error] [ms-vscode.cpptools] provider FAILED
[2020-10-14 18:09:08.715] [exthost] [error] undefined
[2020-10-14 18:12:47.772] [exthost] [error] [ms-vscode.cpptools] provider FAILED
[2020-10-14 18:12:47.772] [exthost] [error] undefined
[2020-10-14 18:12:58.570] [exthost] [error] [ms-vscode.cpptools] provider FAILED
[2020-10-14 18:12:58.570] [exthost] [error] undefined
[2020-10-14 18:13:02.456] [exthost] [error] [ms-vscode.cpptools] provider FAILED
[2020-10-14 18:13:02.456] [exthost] [error] undefined
[2020-10-14 18:24:54.053] [exthost] [error] [ms-vscode.cpptools] provider FAILED
[2020-10-14 18:24:54.053] [exthost] [error] undefined
[2020-10-14 18:25:02.098] [exthost] [error] [ms-vscode.cpptools] provider FAILED
[2020-10-14 18:25:02.098] [exthost] [error] undefined
[2020-10-14 18:25:08.400] [exthost] [error] [ms-vscode.cpptools] provider FAILED
[2020-10-14 18:25:08.400] [exthost] [error] undefined
[2020-10-14 18:25:10.653] [exthost] [error] [ms-vscode.cpptools] provider FAILED
[2020-10-14 18:25:10.653] [exthost] [error] undefined
[2020-10-14 18:25:23.772] [exthost] [error] [ms-vscode.cpptools] provider FAILED
[2020-10-14 18:25:23.772] [exthost] [error] undefined
[2020-10-14 18:25:28.095] [exthost] [error] [ms-vscode.cpptools] provider FAILED
[2020-10-14 18:25:28.095] [exthost] [error] undefined
[2020-10-14 18:25:36.931] [exthost] [error] [ms-vscode.cpptools] provider FAILED
[2020-10-14 18:25:36.931] [exthost] [error] undefined
[2020-10-14 18:25:38.967] [exthost] [error] [ms-vscode.cpptools] provider FAILED
[2020-10-14 18:25:38.967] [exthost] [error] undefined
[2020-10-14 18:25:57.755] [exthost] [error] [ms-vscode.cpptools] provider FAILED
[2020-10-14 18:25:57.755] [exthost] [error] undefined
[2020-10-14 18:25:59.787] [exthost] [error] [ms-vscode.cpptools] provider FAILED
[2020-10-14 18:25:59.787] [exthost] [error] undefined
[2020-10-14 18:26:01.899] [exthost] [error] [ms-vscode.cpptools] provider FAILED
[2020-10-14 18:26:01.899] [exthost] [error] undefined
[2020-10-14 18:26:04.018] [exthost] [error] [ms-vscode.cpptools] provider FAILED
[2020-10-14 18:26:04.018] [exthost] [error] undefined
[2020-10-14 18:26:05.667] [exthost] [warning] ms-vscode.cpptools - Code actions of kind 'quickfix 'requested but returned code action does not have a 'kind'. Code action will be dropped. Please set 'CodeAction.kind'.
[2020-10-14 18:26:05.668] [exthost] [warning] ms-vscode.cpptools - Code actions of kind 'quickfix 'requested but returned code action does not have a 'kind'. Code action will be dropped. Please set 'CodeAction.kind'.
[2020-10-14 18:26:06.389] [exthost] [warning] ms-vscode.cpptools - Code actions of kind 'quickfix 'requested but returned code action does not have a 'kind'. Code action will be dropped. Please set 'CodeAction.kind'.
[2020-10-14 18:26:06.389] [exthost] [warning] ms-vscode.cpptools - Code actions of kind 'quickfix 'requested but returned code action does not have a 'kind'. Code action will be dropped. Please set 'CodeAction.kind'.
[2020-10-14 18:26:07.181] [exthost] [warning] ms-vscode.cpptools - Code actions of kind 'quickfix 'requested but returned code action does not have a 'kind'. Code action will be dropped. Please set 'CodeAction.kind'.
[2020-10-14 18:26:07.181] [exthost] [warning] ms-vscode.cpptools - Code actions of kind 'quickfix 'requested but returned code action does not have a 'kind'. Code action will be dropped. Please set 'CodeAction.kind'.
[2020-10-14 18:26:12.285] [exthost] [error] [ms-vscode.cpptools] provider FAILED
[2020-10-14 18:26:12.285] [exthost] [error] undefined
[2020-10-14 18:26:19.553] [exthost] [error] [ms-vscode.cpptools] provider FAILED
[2020-10-14 18:26:19.553] [exthost] [error] undefined
[2020-10-14 18:26:25.476] [exthost] [error] [ms-vscode.cpptools] provider FAILED
[2020-10-14 18:26:25.476] [exthost] [error] undefined
[2020-10-14 18:28:31.091] [exthost] [error] [ms-vscode.cpptools] provider FAILED
[2020-10-14 18:28:31.091] [exthost] [error] undefined
[2020-10-14 18:28:35.205] [exthost] [error] [ms-vscode.cpptools] provider FAILED
[2020-10-14 18:28:35.205] [exthost] [error] undefined
[2020-10-14 18:28:37.211] [exthost] [error] [ms-vscode.cpptools] provider FAILED
[2020-10-14 18:28:37.211] [exthost] [error] undefined
[2020-10-14 18:29:19.274] [exthost] [error] [ms-vscode.cpptools] provider FAILED
[2020-10-14 18:29:19.274] [exthost] [error] undefined
[2020-10-14 18:29:36.085] [exthost] [error] [ms-vscode.cpptools] provider FAILED
[2020-10-14 18:29:36.085] [exthost] [error] undefined
[2020-10-14 18:29:59.388] [exthost] [error] [ms-vscode.cpptools] provider FAILED
[2020-10-14 18:29:59.388] [exthost] [error] undefined
[2020-10-14 18:30:21.072] [exthost] [error] [ms-vscode.cpptools] provider FAILED
[2020-10-14 18:30:21.072] [exthost] [error] undefined
[2020-10-14 18:30:38.644] [exthost] [error] [ms-vscode.cpptools] provider FAILED
[2020-10-14 18:30:38.644] [exthost] [error] undefined
[2020-10-14 18:31:01.540] [exthost] [error] [ms-vscode.cpptools] provider FAILED
[2020-10-14 18:31:01.540] [exthost] [error] undefined
[2020-10-14 18:31:56.422] [exthost] [error] [ms-vscode.cpptools] provider FAILED
[2020-10-14 18:31:56.422] [exthost] [error] undefined
[2020-10-14 18:32:06.786] [exthost] [error] [ms-vscode.cpptools] provider FAILED
[2020-10-14 18:32:06.786] [exthost] [error] undefined
[2020-10-14 18:34:47.148] [exthost] [error] [ms-vscode.cpptools] provider FAILED
[2020-10-14 18:34:47.148] [exthost] [error] undefined
[2020-10-14 18:35:48.028] [exthost] [error] [ms-vscode.cpptools] provider FAILED
[2020-10-14 18:35:48.028] [exthost] [error] undefined
[2020-10-14 18:35:53.901] [exthost] [error] [ms-vscode.cpptools] provider FAILED
[2020-10-14 18:35:53.901] [exthost] [error] undefined
[2020-10-14 18:35:59.010] [exthost] [error] [ms-vscode.cpptools] provider FAILED
[2020-10-14 18:35:59.010] [exthost] [error] undefined
[2020-10-14 18:36:16.719] [exthost] [error] [ms-vscode.cpptools] provider FAILED
[2020-10-14 18:36:16.719] [exthost] [error] undefined
[2020-10-14 18:36:33.171] [exthost] [error] [ms-vscode.cpptools] provider FAILED
[2020-10-14 18:36:33.171] [exthost] [error] undefined
[2020-10-14 18:36:45.926] [exthost] [error] [ms-vscode.cpptools] provider FAILED
[2020-10-14 18:36:45.926] [exthost] [error] undefined
[2020-10-14 18:36:55.260] [exthost] [error] [ms-vscode.cpptools] provider FAILED
[2020-10-14 18:36:55.260] [exthost] [error] undefined
[2020-10-14 18:36:57.387] [exthost] [error] [ms-vscode.cpptools] provider FAILED
[2020-10-14 18:36:57.387] [exthost] [error] undefined
[2020-10-14 18:37:01.550] [exthost] [error] [ms-vscode.cpptools] provider FAILED
[2020-10-14 18:37:01.551] [exthost] [error] undefined
[2020-10-14 18:37:10.449] [exthost] [error] [ms-vscode.cpptools] provider FAILED
[2020-10-14 18:37:10.449] [exthost] [error] undefined
[2020-10-14 18:37:17.463] [exthost] [error] [ms-vscode.cpptools] provider FAILED
[2020-10-14 18:37:17.463] [exthost] [error] undefined
[2020-10-14 18:37:21.529] [exthost] [error] [ms-vscode.cpptools] provider FAILED
[2020-10-14 18:37:21.529] [exthost] [error] undefined
[2020-10-14 18:37:26.260] [exthost] [error] [ms-vscode.cpptools] provider FAILED
[2020-10-14 18:37:26.260] [exthost] [error] undefined
[2020-10-14 18:39:35.880] [exthost] [error] [ms-vscode.cpptools] provider FAILED
[2020-10-14 18:39:35.880] [exthost] [error] undefined
[2020-10-14 18:39:44.604] [exthost] [error] [ms-vscode.cpptools] provider FAILED
[2020-10-14 18:39:44.604] [exthost] [error] undefined
[2020-10-14 18:39:49.126] [exthost] [error] [ms-vscode.cpptools] provider FAILED
[2020-10-14 18:39:49.126] [exthost] [error] undefined
[2020-10-14 18:39:51.259] [exthost] [error] [ms-vscode.cpptools] provider FAILED
[2020-10-14 18:39:51.259] [exthost] [error] undefined
[2020-10-14 18:40:16.062] [exthost] [error] [ms-vscode.cpptools] provider FAILED
[2020-10-14 18:40:16.062] [exthost] [error] undefined
[2020-10-14 18:41:39.782] [exthost] [error] [ms-vscode.cpptools] provider FAILED
[2020-10-14 18:41:39.782] [exthost] [error] undefined
[2020-10-14 18:41:57.406] [exthost] [error] [ms-vscode.cpptools] provider FAILED
[2020-10-14 18:41:57.406] [exthost] [error] undefined
[2020-10-14 18:42:47.224] [exthost] [error] [ms-vscode.cpptools] provider FAILED
[2020-10-14 18:42:47.224] [exthost] [error] undefined
[2020-10-14 18:43:03.855] [exthost] [error] [ms-vscode.cpptools] provider FAILED
[2020-10-14 18:43:03.855] [exthost] [error] undefined
[2020-10-14 18:43:13.001] [exthost] [error] [ms-vscode.cpptools] provider FAILED
[2020-10-14 18:43:13.001] [exthost] [error] undefined
[2020-10-14 18:43:14.607] [exthost] [warning] ms-vscode.cpptools - Code actions of kind 'quickfix 'requested but returned code action does not have a 'kind'. Code action will be dropped. Please set 'CodeAction.kind'.
[2020-10-14 18:43:15.610] [exthost] [warning] ms-vscode.cpptools - Code actions of kind 'quickfix 'requested but returned code action does not have a 'kind'. Code action will be dropped. Please set 'CodeAction.kind'.
[2020-10-14 18:43:31.667] [exthost] [error] [ms-vscode.cpptools] provider FAILED
[2020-10-14 18:43:31.667] [exthost] [error] undefined
[2020-10-14 18:43:33.124] [exthost] [warning] ms-vscode.cpptools - Code actions of kind 'quickfix 'requested but returned code action does not have a 'kind'. Code action will be dropped. Please set 'CodeAction.kind'.
[2020-10-14 18:43:50.715] [exthost] [error] [ms-vscode.cpptools] provider FAILED
[2020-10-14 18:43:50.716] [exthost] [error] undefined
[2020-10-14 18:43:55.006] [exthost] [error] [ms-vscode.cpptools] provider FAILED
[2020-10-14 18:43:55.006] [exthost] [error] undefined
[2020-10-14 18:43:59.468] [exthost] [error] [ms-vscode.cpptools] provider FAILED
[2020-10-14 18:43:59.468] [exthost] [error] undefined
[2020-10-14 18:44:08.637] [exthost] [error] [ms-vscode.cpptools] provider FAILED
[2020-10-14 18:44:08.637] [exthost] [error] undefined
[2020-10-14 18:44:42.037] [exthost] [error] [ms-vscode.cpptools] provider FAILED
[2020-10-14 18:44:42.037] [exthost] [error] undefined
[2020-10-14 18:44:52.648] [exthost] [error] [ms-vscode.cpptools] provider FAILED
[2020-10-14 18:44:52.648] [exthost] [error] undefined
[2020-10-14 18:44:59.496] [exthost] [error] [ms-vscode.cpptools] provider FAILED
[2020-10-14 18:44:59.496] [exthost] [error] undefined
[2020-10-14 18:45:07.151] [exthost] [error] [ms-vscode.cpptools] provider FAILED
[2020-10-14 18:45:07.151] [exthost] [error] undefined
[2020-10-14 18:45:11.582] [exthost] [error] [ms-vscode.cpptools] provider FAILED
[2020-10-14 18:45:11.582] [exthost] [error] undefined
[2020-10-14 18:45:19.970] [exthost] [error] [ms-vscode.cpptools] provider FAILED
[2020-10-14 18:45:19.970] [exthost] [error] undefined
[2020-10-14 18:45:24.375] [exthost] [error] [ms-vscode.cpptools] provider FAILED
[2020-10-14 18:45:24.375] [exthost] [error] undefined
[2020-10-14 18:45:28.486] [exthost] [error] [ms-vscode.cpptools] provider FAILED
[2020-10-14 18:45:28.486] [exthost] [error] undefined
[2020-10-14 18:45:45.378] [exthost] [error] [ms-vscode.cpptools] provider FAILED
[2020-10-14 18:45:45.378] [exthost] [error] undefined
[2020-10-14 18:46:04.153] [exthost] [error] [ms-vscode.cpptools] provider FAILED
[2020-10-14 18:46:04.153] [exthost] [error] undefined
[2020-10-14 18:46:08.428] [exthost] [error] [ms-vscode.cpptools] provider FAILED
[2020-10-14 18:46:08.428] [exthost] [error] undefined
[2020-10-14 18:47:17.704] [exthost] [error] [ms-vscode.cpptools] provider FAILED
[2020-10-14 18:47:17.704] [exthost] [error] undefined
[2020-10-14 18:47:24.786] [exthost] [error] [ms-vscode.cpptools] provider FAILED
[2020-10-14 18:47:24.786] [exthost] [error] undefined
[2020-10-14 18:47:38.112] [exthost] [error] [ms-vscode.cpptools] provider FAILED
[2020-10-14 18:47:38.112] [exthost] [error] undefined
[2020-10-14 18:47:53.314] [exthost] [error] [ms-vscode.cpptools] provider FAILED
[2020-10-14 18:47:53.314] [exthost] [error] undefined
[2020-10-14 18:48:40.391] [exthost] [warning] ms-vscode.cpptools - Code actions of kind 'quickfix 'requested but returned code action does not have a 'kind'. Code action will be dropped. Please set 'CodeAction.kind'.
[2020-10-14 18:48:40.391] [exthost] [warning] ms-vscode.cpptools - Code actions of kind 'quickfix 'requested but returned code action does not have a 'kind'. Code action will be dropped. Please set 'CodeAction.kind'.
[2020-10-14 18:48:43.318] [exthost] [error] [ms-vscode.cpptools] provider FAILED
[2020-10-14 18:48:43.318] [exthost] [error] undefined
[2020-10-14 18:49:21.348] [exthost] [error] [ms-vscode.cpptools] provider FAILED
[2020-10-14 18:49:21.348] [exthost] [error] undefined
[2020-10-14 18:49:30.245] [exthost] [error] [ms-vscode.cpptools] provider FAILED
[2020-10-14 18:49:30.245] [exthost] [error] undefined
[2020-10-14 18:49:44.795] [exthost] [error] [ms-vscode.cpptools] provider FAILED
[2020-10-14 18:49:44.795] [exthost] [error] undefined
[2020-10-14 18:50:24.933] [exthost] [error] [ms-vscode.cpptools] provider FAILED
[2020-10-14 18:50:24.933] [exthost] [error] undefined
[2020-10-14 18:50:27.297] [exthost] [error] [ms-vscode.cpptools] provider FAILED
[2020-10-14 18:50:27.297] [exthost] [error] undefined
[2020-10-14 18:50:33.559] [exthost] [error] [ms-vscode.cpptools] provider FAILED
[2020-10-14 18:50:33.559] [exthost] [error] undefined
[2020-10-14 18:50:58.472] [exthost] [error] [ms-vscode.cpptools] provider FAILED
[2020-10-14 18:50:58.472] [exthost] [error] undefined
[2020-10-14 18:51:02.768] [exthost] [error] [ms-vscode.cpptools] provider FAILED
[2020-10-14 18:51:02.768] [exthost] [error] undefined
[2020-10-14 18:51:09.367] [exthost] [error] [ms-vscode.cpptools] provider FAILED
[2020-10-14 18:51:09.367] [exthost] [error] undefined
[2020-10-14 18:51:13.503] [exthost] [error] [ms-vscode.cpptools] provider FAILED
[2020-10-14 18:51:13.503] [exthost] [error] undefined
[2020-10-14 18:51:24.510] [exthost] [error] [ms-vscode.cpptools] provider FAILED
[2020-10-14 18:51:24.510] [exthost] [error] undefined
[2020-10-14 18:51:37.478] [exthost] [error] [ms-vscode.cpptools] provider FAILED
[2020-10-14 18:51:37.478] [exthost] [error] undefined
[2020-10-14 18:52:00.297] [exthost] [error] [ms-vscode.cpptools] provider FAILED
[2020-10-14 18:52:00.297] [exthost] [error] undefined
[2020-10-14 18:52:11.202] [exthost] [error] [ms-vscode.cpptools] provider FAILED
[2020-10-14 18:52:11.202] [exthost] [error] undefined
[2020-10-14 18:52:21.850] [exthost] [error] [ms-vscode.cpptools] provider FAILED
[2020-10-14 18:52:21.850] [exthost] [error] undefined
[2020-10-14 18:52:43.122] [exthost] [error] [ms-vscode.cpptools] provider FAILED
[2020-10-14 18:52:43.123] [exthost] [error] undefined
[2020-10-14 18:52:46.347] [exthost] [warning] ms-vscode.cpptools - Code actions of kind 'quickfix 'requested but returned code action does not have a 'kind'. Code action will be dropped. Please set 'CodeAction.kind'.
[2020-10-14 18:52:46.347] [exthost] [warning] ms-vscode.cpptools - Code actions of kind 'quickfix 'requested but returned code action does not have a 'kind'. Code action will be dropped. Please set 'CodeAction.kind'.
[2020-10-14 18:53:23.444] [exthost] [error] [ms-vscode.cpptools] provider FAILED
[2020-10-14 18:53:23.444] [exthost] [error] undefined
[2020-10-14 18:53:59.056] [exthost] [error] [ms-vscode.cpptools] provider FAILED
[2020-10-14 18:53:59.056] [exthost] [error] undefined
