[2020-10-16 18:27:41.836] [exthost] [info] extension host started
[2020-10-16 18:27:41.882] [exthost] [info] ExtensionService#_doActivateExtension vscode.microsoft-authentication {"startup":false,"extensionId":{"value":"vscode.microsoft-authentication","_lower":"vscode.microsoft-authentication"},"activationEvent":"onAuthenticationRequest:microsoft"}
[2020-10-16 18:27:41.883] [exthost] [info] ExtensionService#loadCommonJSModule file:///usr/share/code/resources/app/extensions/microsoft-authentication/dist/extension.js
[2020-10-16 18:27:41.987] [exthost] [info] ExtensionService#_doActivateExtension ms-vscode.cpptools {"startup":false,"extensionId":{"value":"ms-vscode.cpptools","_lower":"ms-vscode.cpptools"},"activationEvent":"onLanguage:c"}
[2020-10-16 18:27:41.987] [exthost] [info] ExtensionService#loadCommonJSModule file:///root/.vscode/extensions/ms-vscode.cpptools-1.0.1/dist/main
[2020-10-16 18:27:42.214] [exthost] [info] ExtensionService#_doActivateExtension ms-vscode.js-debug {"startup":false,"extensionId":{"value":"ms-vscode.js-debug","_lower":"ms-vscode.js-debug"},"activationEvent":"onDebugDynamicConfigurations"}
[2020-10-16 18:27:42.214] [exthost] [info] ExtensionService#loadCommonJSModule file:///usr/share/code/resources/app/extensions/ms-vscode.js-debug/src/extension.js
[2020-10-16 18:27:42.701] [exthost] [info] ExtensionService#_doActivateExtension vscode.debug-auto-launch {"startup":true,"extensionId":{"value":"vscode.debug-auto-launch","_lower":"vscode.debug-auto-launch"},"activationEvent":"*"}
[2020-10-16 18:27:42.701] [exthost] [info] ExtensionService#loadCommonJSModule file:///usr/share/code/resources/app/extensions/debug-auto-launch/dist/extension
[2020-10-16 18:27:42.760] [exthost] [info] ExtensionService#_doActivateExtension vscode.emmet {"startup":true,"extensionId":{"value":"vscode.emmet","_lower":"vscode.emmet"},"activationEvent":"*"}
[2020-10-16 18:27:42.760] [exthost] [info] ExtensionService#loadCommonJSModule file:///usr/share/code/resources/app/extensions/emmet/dist/node/emmetNodeMain
[2020-10-16 18:27:42.806] [exthost] [info] ExtensionService#_doActivateExtension vscode.git {"startup":true,"extensionId":{"value":"vscode.github","_lower":"vscode.github"},"activationEvent":"*"}
[2020-10-16 18:27:42.806] [exthost] [info] ExtensionService#loadCommonJSModule file:///usr/share/code/resources/app/extensions/git/dist/main
[2020-10-16 18:27:42.869] [exthost] [info] ExtensionService#_doActivateExtension vscode.merge-conflict {"startup":true,"extensionId":{"value":"vscode.merge-conflict","_lower":"vscode.merge-conflict"},"activationEvent":"*"}
[2020-10-16 18:27:42.869] [exthost] [info] ExtensionService#loadCommonJSModule file:///usr/share/code/resources/app/extensions/merge-conflict/dist/mergeConflictMain
[2020-10-16 18:27:42.892] [exthost] [info] ExtensionService#_doActivateExtension vscode.search-result {"startup":true,"extensionId":{"value":"vscode.search-result","_lower":"vscode.search-result"},"activationEvent":"*"}
[2020-10-16 18:27:42.892] [exthost] [info] ExtensionService#loadCommonJSModule file:///usr/share/code/resources/app/extensions/search-result/dist/extension.js
[2020-10-16 18:27:43.176] [exthost] [info] ExtensionService#_doActivateExtension vscode.github {"startup":true,"extensionId":{"value":"vscode.github","_lower":"vscode.github"},"activationEvent":"*"}
[2020-10-16 18:27:43.176] [exthost] [info] ExtensionService#loadCommonJSModule file:///usr/share/code/resources/app/extensions/github/dist/extension.js
[2020-10-16 18:27:43.224] [exthost] [info] eager extensions activated
[2020-10-16 18:27:43.228] [exthost] [info] ExtensionService#_doActivateExtension vscode.github-authentication {"startup":false,"extensionId":{"value":"vscode.github-authentication","_lower":"vscode.github-authentication"},"activationEvent":"onAuthenticationRequest:github"}
[2020-10-16 18:27:43.229] [exthost] [info] ExtensionService#loadCommonJSModule file:///usr/share/code/resources/app/extensions/github-authentication/dist/extension.js
[2020-10-16 18:28:01.118] [exthost] [error] [ms-vscode.cpptools] provider FAILED
[2020-10-16 18:28:01.118] [exthost] [error] undefined
[2020-10-16 18:28:03.190] [exthost] [error] [ms-vscode.cpptools] provider FAILED
[2020-10-16 18:28:03.190] [exthost] [error] undefined
[2020-10-16 18:28:05.669] [exthost] [error] [ms-vscode.cpptools] provider FAILED
[2020-10-16 18:28:05.669] [exthost] [error] undefined
[2020-10-16 18:28:07.793] [exthost] [error] [ms-vscode.cpptools] provider FAILED
[2020-10-16 18:28:07.793] [exthost] [error] undefined
[2020-10-16 18:28:12.717] [exthost] [error] onWillSaveTextDocument-listener from extension 'ms-vscode.cpptools' threw ERROR
[2020-10-16 18:28:12.723] [exthost] [error] Error: timeout
	at Timeout._onTimeout (/usr/share/code/resources/app/out/vs/workbench/services/extensions/node/extensionHostProcess.js:638:581)
	at listOnTimeout (internal/timers.js:531:17)
	at processTimers (internal/timers.js:475:7)
[2020-10-16 18:28:14.166] [exthost] [error] [ms-vscode.cpptools] provider FAILED
[2020-10-16 18:28:14.166] [exthost] [error] undefined
[2020-10-16 18:28:29.466] [exthost] [error] onWillSaveTextDocument-listener from extension 'ms-vscode.cpptools' threw ERROR
[2020-10-16 18:28:29.466] [exthost] [error] Error: timeout
	at Timeout._onTimeout (/usr/share/code/resources/app/out/vs/workbench/services/extensions/node/extensionHostProcess.js:638:581)
	at listOnTimeout (internal/timers.js:531:17)
	at processTimers (internal/timers.js:475:7)
[2020-10-16 18:28:33.911] [exthost] [error] [ms-vscode.cpptools] provider FAILED
[2020-10-16 18:28:33.911] [exthost] [error] undefined
[2020-10-16 18:28:44.947] [exthost] [error] [ms-vscode.cpptools] provider FAILED
[2020-10-16 18:28:44.947] [exthost] [error] undefined
[2020-10-16 18:28:55.441] [exthost] [error] [ms-vscode.cpptools] provider FAILED
[2020-10-16 18:28:55.441] [exthost] [error] undefined
[2020-10-16 18:28:59.834] [exthost] [error] [ms-vscode.cpptools] provider FAILED
[2020-10-16 18:28:59.834] [exthost] [error] undefined
[2020-10-16 18:29:02.067] [exthost] [error] [ms-vscode.cpptools] provider FAILED
[2020-10-16 18:29:02.067] [exthost] [error] undefined
