[2020-10-14 23:53:09.936] [exthost] [info] extension host started
[2020-10-14 23:53:09.972] [exthost] [info] ExtensionService#_doActivateExtension vscode.microsoft-authentication {"startup":false,"extensionId":{"value":"vscode.microsoft-authentication","_lower":"vscode.microsoft-authentication"},"activationEvent":"onAuthenticationRequest:microsoft"}
[2020-10-14 23:53:09.972] [exthost] [info] ExtensionService#loadCommonJSModule file:///usr/share/code/resources/app/extensions/microsoft-authentication/dist/extension.js
[2020-10-14 23:53:10.164] [exthost] [info] ExtensionService#_doActivateExtension ms-vscode.cpptools {"startup":false,"extensionId":{"value":"ms-vscode.cpptools","_lower":"ms-vscode.cpptools"},"activationEvent":"onLanguage:c"}
[2020-10-14 23:53:10.165] [exthost] [info] ExtensionService#loadCommonJSModule file:///root/.vscode/extensions/ms-vscode.cpptools-1.0.1/dist/main
[2020-10-14 23:53:10.815] [exthost] [info] ExtensionService#_doActivateExtension ms-vscode.js-debug {"startup":false,"extensionId":{"value":"ms-vscode.js-debug","_lower":"ms-vscode.js-debug"},"activationEvent":"onDebugDynamicConfigurations"}
[2020-10-14 23:53:10.815] [exthost] [info] ExtensionService#loadCommonJSModule file:///usr/share/code/resources/app/extensions/ms-vscode.js-debug/src/extension.js
[2020-10-14 23:53:11.124] [exthost] [info] ExtensionService#_doActivateExtension vscode.debug-auto-launch {"startup":true,"extensionId":{"value":"vscode.debug-auto-launch","_lower":"vscode.debug-auto-launch"},"activationEvent":"*"}
[2020-10-14 23:53:11.124] [exthost] [info] ExtensionService#loadCommonJSModule file:///usr/share/code/resources/app/extensions/debug-auto-launch/dist/extension
[2020-10-14 23:53:11.129] [exthost] [info] ExtensionService#_doActivateExtension vscode.emmet {"startup":true,"extensionId":{"value":"vscode.emmet","_lower":"vscode.emmet"},"activationEvent":"*"}
[2020-10-14 23:53:11.129] [exthost] [info] ExtensionService#loadCommonJSModule file:///usr/share/code/resources/app/extensions/emmet/dist/node/emmetNodeMain
[2020-10-14 23:53:11.155] [exthost] [info] ExtensionService#_doActivateExtension vscode.git {"startup":true,"extensionId":{"value":"vscode.github","_lower":"vscode.github"},"activationEvent":"*"}
[2020-10-14 23:53:11.155] [exthost] [info] ExtensionService#loadCommonJSModule file:///usr/share/code/resources/app/extensions/git/dist/main
[2020-10-14 23:53:11.287] [exthost] [info] ExtensionService#_doActivateExtension vscode.merge-conflict {"startup":true,"extensionId":{"value":"vscode.merge-conflict","_lower":"vscode.merge-conflict"},"activationEvent":"*"}
[2020-10-14 23:53:11.288] [exthost] [info] ExtensionService#loadCommonJSModule file:///usr/share/code/resources/app/extensions/merge-conflict/dist/mergeConflictMain
[2020-10-14 23:53:11.333] [exthost] [info] ExtensionService#_doActivateExtension vscode.search-result {"startup":true,"extensionId":{"value":"vscode.search-result","_lower":"vscode.search-result"},"activationEvent":"*"}
[2020-10-14 23:53:11.333] [exthost] [info] ExtensionService#loadCommonJSModule file:///usr/share/code/resources/app/extensions/search-result/dist/extension.js
[2020-10-14 23:53:11.764] [exthost] [info] ExtensionService#_doActivateExtension vscode.github {"startup":true,"extensionId":{"value":"vscode.github","_lower":"vscode.github"},"activationEvent":"*"}
[2020-10-14 23:53:11.764] [exthost] [info] ExtensionService#loadCommonJSModule file:///usr/share/code/resources/app/extensions/github/dist/extension.js
[2020-10-14 23:53:12.126] [exthost] [info] eager extensions activated
[2020-10-14 23:53:12.139] [exthost] [info] ExtensionService#_doActivateExtension vscode.github-authentication {"startup":false,"extensionId":{"value":"vscode.github-authentication","_lower":"vscode.github-authentication"},"activationEvent":"onAuthenticationRequest:github"}
[2020-10-14 23:53:12.139] [exthost] [info] ExtensionService#loadCommonJSModule file:///usr/share/code/resources/app/extensions/github-authentication/dist/extension.js
[2020-10-14 23:54:02.430] [exthost] [error] [ms-vscode.cpptools] provider FAILED
[2020-10-14 23:54:02.430] [exthost] [error] undefined
[2020-10-14 23:54:40.804] [exthost] [error] [ms-vscode.cpptools] provider FAILED
[2020-10-14 23:54:40.804] [exthost] [error] undefined
[2020-10-14 23:55:14.681] [exthost] [error] [ms-vscode.cpptools] provider FAILED
[2020-10-14 23:55:14.681] [exthost] [error] undefined
[2020-10-14 23:55:25.655] [exthost] [error] [ms-vscode.cpptools] provider FAILED
[2020-10-14 23:55:25.656] [exthost] [error] undefined
[2020-10-14 23:55:30.498] [exthost] [error] [ms-vscode.cpptools] provider FAILED
[2020-10-14 23:55:30.498] [exthost] [error] undefined
[2020-10-14 23:55:44.596] [exthost] [error] [ms-vscode.cpptools] provider FAILED
[2020-10-14 23:55:44.596] [exthost] [error] undefined
[2020-10-14 23:55:48.904] [exthost] [error] [ms-vscode.cpptools] provider FAILED
[2020-10-14 23:55:48.904] [exthost] [error] undefined
[2020-10-14 23:55:55.821] [exthost] [warning] ms-vscode.cpptools - Code actions of kind 'quickfix 'requested but returned code action does not have a 'kind'. Code action will be dropped. Please set 'CodeAction.kind'.
[2020-10-14 23:55:55.821] [exthost] [warning] ms-vscode.cpptools - Code actions of kind 'quickfix 'requested but returned code action does not have a 'kind'. Code action will be dropped. Please set 'CodeAction.kind'.
[2020-10-14 23:56:01.248] [exthost] [error] [ms-vscode.cpptools] provider FAILED
[2020-10-14 23:56:01.248] [exthost] [error] undefined
[2020-10-14 23:56:30.324] [exthost] [error] [ms-vscode.cpptools] provider FAILED
[2020-10-14 23:56:30.324] [exthost] [error] undefined
[2020-10-14 23:56:38.262] [exthost] [error] [ms-vscode.cpptools] provider FAILED
[2020-10-14 23:56:38.262] [exthost] [error] undefined
[2020-10-14 23:56:55.035] [exthost] [error] [ms-vscode.cpptools] provider FAILED
[2020-10-14 23:56:55.035] [exthost] [error] undefined
[2020-10-14 23:56:57.044] [exthost] [error] [ms-vscode.cpptools] provider FAILED
[2020-10-14 23:56:57.044] [exthost] [error] undefined
[2020-10-14 23:57:22.246] [exthost] [error] [ms-vscode.cpptools] provider FAILED
[2020-10-14 23:57:22.246] [exthost] [error] undefined
[2020-10-14 23:57:42.129] [exthost] [error] [ms-vscode.cpptools] provider FAILED
[2020-10-14 23:57:42.129] [exthost] [error] undefined
[2020-10-14 23:57:57.273] [exthost] [error] [ms-vscode.cpptools] provider FAILED
[2020-10-14 23:57:57.273] [exthost] [error] undefined
[2020-10-14 23:58:02.608] [exthost] [error] [ms-vscode.cpptools] provider FAILED
[2020-10-14 23:58:02.608] [exthost] [error] undefined
[2020-10-14 23:58:23.460] [exthost] [error] [ms-vscode.cpptools] provider FAILED
[2020-10-14 23:58:23.460] [exthost] [error] undefined
[2020-10-14 23:58:24.702] [exthost] [warning] ms-vscode.cpptools - Code actions of kind 'quickfix 'requested but returned code action does not have a 'kind'. Code action will be dropped. Please set 'CodeAction.kind'.
[2020-10-14 23:58:25.550] [exthost] [warning] ms-vscode.cpptools - Code actions of kind 'quickfix 'requested but returned code action does not have a 'kind'. Code action will be dropped. Please set 'CodeAction.kind'.
[2020-10-14 23:58:35.784] [exthost] [error] [ms-vscode.cpptools] provider FAILED
[2020-10-14 23:58:35.784] [exthost] [error] undefined
[2020-10-14 23:58:43.783] [exthost] [error] [ms-vscode.cpptools] provider FAILED
[2020-10-14 23:58:43.783] [exthost] [error] undefined
[2020-10-14 23:58:45.837] [exthost] [error] [ms-vscode.cpptools] provider FAILED
[2020-10-14 23:58:45.837] [exthost] [error] undefined
[2020-10-14 23:59:31.750] [exthost] [error] [ms-vscode.cpptools] provider FAILED
[2020-10-14 23:59:31.750] [exthost] [error] undefined
[2020-10-14 23:59:44.196] [exthost] [error] [ms-vscode.cpptools] provider FAILED
[2020-10-14 23:59:44.196] [exthost] [error] undefined
[2020-10-15 00:00:02.339] [exthost] [error] [ms-vscode.cpptools] provider FAILED
[2020-10-15 00:00:02.339] [exthost] [error] undefined
[2020-10-15 00:00:42.389] [exthost] [error] [ms-vscode.cpptools] provider FAILED
[2020-10-15 00:00:42.389] [exthost] [error] undefined
[2020-10-15 00:00:50.703] [exthost] [error] [ms-vscode.cpptools] provider FAILED
[2020-10-15 00:00:50.703] [exthost] [error] undefined
[2020-10-15 00:01:24.164] [exthost] [error] [ms-vscode.cpptools] provider FAILED
[2020-10-15 00:01:24.164] [exthost] [error] undefined
[2020-10-15 00:01:29.650] [exthost] [error] [ms-vscode.cpptools] provider FAILED
[2020-10-15 00:01:29.650] [exthost] [error] undefined
[2020-10-15 00:01:43.053] [exthost] [error] [ms-vscode.cpptools] provider FAILED
[2020-10-15 00:01:43.053] [exthost] [error] undefined
[2020-10-15 00:01:45.276] [exthost] [error] [ms-vscode.cpptools] provider FAILED
[2020-10-15 00:01:45.276] [exthost] [error] undefined
[2020-10-15 00:01:51.862] [exthost] [error] [ms-vscode.cpptools] provider FAILED
[2020-10-15 00:01:51.862] [exthost] [error] undefined
[2020-10-15 00:02:23.761] [exthost] [error] [ms-vscode.cpptools] provider FAILED
[2020-10-15 00:02:23.761] [exthost] [error] undefined
[2020-10-15 00:02:30.356] [exthost] [error] [ms-vscode.cpptools] provider FAILED
[2020-10-15 00:02:30.356] [exthost] [error] undefined
[2020-10-15 00:02:34.611] [exthost] [error] [ms-vscode.cpptools] provider FAILED
[2020-10-15 00:02:34.611] [exthost] [error] undefined
[2020-10-15 00:02:52.212] [exthost] [error] [ms-vscode.cpptools] provider FAILED
[2020-10-15 00:02:52.212] [exthost] [error] undefined
[2020-10-15 00:02:59.565] [exthost] [error] [ms-vscode.cpptools] provider FAILED
[2020-10-15 00:02:59.565] [exthost] [error] undefined
[2020-10-15 00:03:11.428] [exthost] [error] [ms-vscode.cpptools] provider FAILED
[2020-10-15 00:03:11.428] [exthost] [error] undefined
[2020-10-15 00:03:24.845] [exthost] [error] [ms-vscode.cpptools] provider FAILED
[2020-10-15 00:03:24.845] [exthost] [error] undefined
[2020-10-15 00:03:38.585] [exthost] [error] [ms-vscode.cpptools] provider FAILED
[2020-10-15 00:03:38.585] [exthost] [error] undefined
[2020-10-15 00:03:45.577] [exthost] [error] [ms-vscode.cpptools] provider FAILED
[2020-10-15 00:03:45.577] [exthost] [error] undefined
[2020-10-15 00:04:01.373] [exthost] [error] [ms-vscode.cpptools] provider FAILED
[2020-10-15 00:04:01.373] [exthost] [error] undefined
[2020-10-15 00:04:07.023] [exthost] [error] [ms-vscode.cpptools] provider FAILED
[2020-10-15 00:04:07.023] [exthost] [error] undefined
[2020-10-15 00:04:15.424] [exthost] [error] [ms-vscode.cpptools] provider FAILED
[2020-10-15 00:04:15.424] [exthost] [error] undefined
[2020-10-15 00:04:17.208] [exthost] [warning] ms-vscode.cpptools - Code actions of kind 'quickfix 'requested but returned code action does not have a 'kind'. Code action will be dropped. Please set 'CodeAction.kind'.
[2020-10-15 00:04:17.208] [exthost] [warning] ms-vscode.cpptools - Code actions of kind 'quickfix 'requested but returned code action does not have a 'kind'. Code action will be dropped. Please set 'CodeAction.kind'.
[2020-10-15 00:04:28.253] [exthost] [error] [ms-vscode.cpptools] provider FAILED
[2020-10-15 00:04:28.253] [exthost] [error] undefined
[2020-10-15 00:04:40.550] [exthost] [error] [ms-vscode.cpptools] provider FAILED
[2020-10-15 00:04:40.550] [exthost] [error] undefined
[2020-10-15 00:04:42.732] [exthost] [error] [ms-vscode.cpptools] provider FAILED
[2020-10-15 00:04:42.732] [exthost] [error] undefined
[2020-10-15 00:04:48.938] [exthost] [error] [ms-vscode.cpptools] provider FAILED
[2020-10-15 00:04:48.938] [exthost] [error] undefined
[2020-10-15 00:05:18.060] [exthost] [error] [ms-vscode.cpptools] provider FAILED
[2020-10-15 00:05:18.060] [exthost] [error] undefined
[2020-10-15 00:05:53.469] [exthost] [error] [ms-vscode.cpptools] provider FAILED
[2020-10-15 00:05:53.469] [exthost] [error] undefined
[2020-10-15 00:06:12.488] [exthost] [error] [ms-vscode.cpptools] provider FAILED
[2020-10-15 00:06:12.488] [exthost] [error] undefined
[2020-10-15 00:06:23.598] [exthost] [error] [ms-vscode.cpptools] provider FAILED
[2020-10-15 00:06:23.598] [exthost] [error] undefined
[2020-10-15 00:06:32.378] [exthost] [error] [ms-vscode.cpptools] provider FAILED
[2020-10-15 00:06:32.378] [exthost] [error] undefined
[2020-10-15 00:06:34.640] [exthost] [error] [ms-vscode.cpptools] provider FAILED
[2020-10-15 00:06:34.640] [exthost] [error] undefined
[2020-10-15 00:06:47.274] [exthost] [error] [ms-vscode.cpptools] provider FAILED
[2020-10-15 00:06:47.274] [exthost] [error] undefined
[2020-10-15 00:09:12.129] [exthost] [error] [ms-vscode.cpptools] provider FAILED
[2020-10-15 00:09:12.129] [exthost] [error] undefined
[2020-10-15 00:09:25.072] [exthost] [warning] ms-vscode.cpptools - Code actions of kind 'quickfix 'requested but returned code action does not have a 'kind'. Code action will be dropped. Please set 'CodeAction.kind'.
[2020-10-15 00:09:56.631] [exthost] [error] [ms-vscode.cpptools] provider FAILED
[2020-10-15 00:09:56.631] [exthost] [error] undefined
[2020-10-15 00:10:20.008] [exthost] [error] [ms-vscode.cpptools] provider FAILED
[2020-10-15 00:10:20.008] [exthost] [error] undefined
[2020-10-15 00:10:26.061] [exthost] [error] [ms-vscode.cpptools] provider FAILED
[2020-10-15 00:10:26.061] [exthost] [error] undefined
[2020-10-15 00:10:59.670] [exthost] [error] [ms-vscode.cpptools] provider FAILED
[2020-10-15 00:10:59.670] [exthost] [error] undefined
[2020-10-15 00:11:52.329] [exthost] [error] [ms-vscode.cpptools] provider FAILED
[2020-10-15 00:11:52.329] [exthost] [error] undefined
[2020-10-15 00:11:54.494] [exthost] [error] [ms-vscode.cpptools] provider FAILED
[2020-10-15 00:11:54.494] [exthost] [error] undefined
[2020-10-15 00:12:33.829] [exthost] [error] [ms-vscode.cpptools] provider FAILED
[2020-10-15 00:12:33.829] [exthost] [error] undefined
[2020-10-15 00:12:38.422] [exthost] [error] [ms-vscode.cpptools] provider FAILED
[2020-10-15 00:12:38.422] [exthost] [error] undefined
[2020-10-15 00:12:44.793] [exthost] [error] [ms-vscode.cpptools] provider FAILED
[2020-10-15 00:12:44.793] [exthost] [error] undefined
[2020-10-15 00:13:14.069] [exthost] [error] [ms-vscode.cpptools] provider FAILED
[2020-10-15 00:13:14.069] [exthost] [error] undefined
[2020-10-15 00:13:15.994] [exthost] [warning] ms-vscode.cpptools - Code actions of kind 'quickfix 'requested but returned code action does not have a 'kind'. Code action will be dropped. Please set 'CodeAction.kind'.
[2020-10-15 00:13:16.561] [exthost] [warning] ms-vscode.cpptools - Code actions of kind 'quickfix 'requested but returned code action does not have a 'kind'. Code action will be dropped. Please set 'CodeAction.kind'.
[2020-10-15 00:13:20.883] [exthost] [error] [ms-vscode.cpptools] provider FAILED
[2020-10-15 00:13:20.883] [exthost] [error] undefined
[2020-10-15 00:13:22.896] [exthost] [error] [ms-vscode.cpptools] provider FAILED
[2020-10-15 00:13:22.896] [exthost] [error] undefined
[2020-10-15 00:13:33.708] [exthost] [error] [ms-vscode.cpptools] provider FAILED
[2020-10-15 00:13:33.708] [exthost] [error] undefined
[2020-10-15 00:13:44.084] [exthost] [error] [ms-vscode.cpptools] provider FAILED
[2020-10-15 00:13:44.084] [exthost] [error] undefined
[2020-10-15 00:17:03.662] [exthost] [error] [ms-vscode.cpptools] provider FAILED
[2020-10-15 00:17:03.662] [exthost] [error] undefined
[2020-10-15 00:18:01.299] [exthost] [error] [ms-vscode.cpptools] provider FAILED
[2020-10-15 00:18:01.299] [exthost] [error] undefined
[2020-10-15 00:18:03.398] [exthost] [error] [ms-vscode.cpptools] provider FAILED
[2020-10-15 00:18:03.398] [exthost] [error] undefined
[2020-10-15 00:19:15.133] [exthost] [error] [ms-vscode.cpptools] provider FAILED
[2020-10-15 00:19:15.133] [exthost] [error] undefined
[2020-10-15 00:19:30.082] [exthost] [error] [ms-vscode.cpptools] provider FAILED
[2020-10-15 00:19:30.082] [exthost] [error] undefined
[2020-10-15 00:19:50.611] [exthost] [error] [ms-vscode.cpptools] provider FAILED
[2020-10-15 00:19:50.611] [exthost] [error] undefined
[2020-10-15 00:19:57.297] [exthost] [error] [ms-vscode.cpptools] provider FAILED
[2020-10-15 00:19:57.297] [exthost] [error] undefined
[2020-10-15 00:20:15.680] [exthost] [error] [ms-vscode.cpptools] provider FAILED
[2020-10-15 00:20:15.680] [exthost] [error] undefined
[2020-10-15 00:20:50.376] [exthost] [error] [ms-vscode.cpptools] provider FAILED
[2020-10-15 00:20:50.376] [exthost] [error] undefined
[2020-10-15 00:20:55.160] [exthost] [error] [ms-vscode.cpptools] provider FAILED
[2020-10-15 00:20:55.160] [exthost] [error] undefined
[2020-10-15 00:21:03.912] [exthost] [error] [ms-vscode.cpptools] provider FAILED
[2020-10-15 00:21:03.912] [exthost] [error] undefined
[2020-10-15 00:21:35.172] [exthost] [error] [ms-vscode.cpptools] provider FAILED
[2020-10-15 00:21:35.172] [exthost] [error] undefined
[2020-10-15 00:21:39.488] [exthost] [error] [ms-vscode.cpptools] provider FAILED
[2020-10-15 00:21:39.488] [exthost] [error] undefined
[2020-10-15 00:21:43.647] [exthost] [error] [ms-vscode.cpptools] provider FAILED
[2020-10-15 00:21:43.647] [exthost] [error] undefined
[2020-10-15 00:22:40.463] [exthost] [error] [ms-vscode.cpptools] provider FAILED
[2020-10-15 00:22:40.463] [exthost] [error] undefined
[2020-10-15 00:22:57.485] [exthost] [error] [ms-vscode.cpptools] provider FAILED
[2020-10-15 00:22:57.485] [exthost] [error] undefined
[2020-10-15 00:24:02.972] [exthost] [error] [ms-vscode.cpptools] provider FAILED
[2020-10-15 00:24:02.972] [exthost] [error] undefined
[2020-10-15 00:24:05.046] [exthost] [error] [ms-vscode.cpptools] provider FAILED
[2020-10-15 00:24:05.046] [exthost] [error] undefined
[2020-10-15 00:24:28.440] [exthost] [error] [ms-vscode.cpptools] provider FAILED
[2020-10-15 00:24:28.440] [exthost] [error] undefined
[2020-10-15 00:24:31.847] [exthost] [warning] ms-vscode.cpptools - Code actions of kind 'quickfix 'requested but returned code action does not have a 'kind'. Code action will be dropped. Please set 'CodeAction.kind'.
[2020-10-15 00:24:32.717] [exthost] [warning] ms-vscode.cpptools - Code actions of kind 'quickfix 'requested but returned code action does not have a 'kind'. Code action will be dropped. Please set 'CodeAction.kind'.
[2020-10-15 00:25:48.464] [exthost] [error] [ms-vscode.cpptools] provider FAILED
[2020-10-15 00:25:48.464] [exthost] [error] undefined
[2020-10-15 00:25:52.546] [exthost] [error] [ms-vscode.cpptools] provider FAILED
[2020-10-15 00:25:52.546] [exthost] [error] undefined
[2020-10-15 00:26:09.256] [exthost] [error] [ms-vscode.cpptools] provider FAILED
[2020-10-15 00:26:09.256] [exthost] [error] undefined
[2020-10-15 00:26:11.351] [exthost] [error] [ms-vscode.cpptools] provider FAILED
[2020-10-15 00:26:11.351] [exthost] [error] undefined
[2020-10-15 00:26:20.070] [exthost] [error] [ms-vscode.cpptools] provider FAILED
[2020-10-15 00:26:20.070] [exthost] [error] undefined
[2020-10-15 00:26:29.787] [exthost] [error] [ms-vscode.cpptools] provider FAILED
[2020-10-15 00:26:29.787] [exthost] [error] undefined
[2020-10-15 00:26:34.740] [exthost] [error] [ms-vscode.cpptools] provider FAILED
[2020-10-15 00:26:34.740] [exthost] [error] undefined
[2020-10-15 00:26:36.796] [exthost] [error] [ms-vscode.cpptools] provider FAILED
[2020-10-15 00:26:36.796] [exthost] [error] undefined
[2020-10-15 00:26:38.828] [exthost] [error] [ms-vscode.cpptools] provider FAILED
[2020-10-15 00:26:38.828] [exthost] [error] undefined
[2020-10-15 00:26:57.874] [exthost] [error] [ms-vscode.cpptools] provider FAILED
[2020-10-15 00:26:57.874] [exthost] [error] undefined
[2020-10-15 00:27:00.111] [exthost] [error] [ms-vscode.cpptools] provider FAILED
[2020-10-15 00:27:00.111] [exthost] [error] undefined
[2020-10-15 00:32:10.036] [exthost] [error] [ms-vscode.cpptools] provider FAILED
[2020-10-15 00:32:10.036] [exthost] [error] undefined
[2020-10-15 00:32:11.564] [exthost] [warning] ms-vscode.cpptools - Code actions of kind 'quickfix 'requested but returned code action does not have a 'kind'. Code action will be dropped. Please set 'CodeAction.kind'.
[2020-10-15 00:32:12.543] [exthost] [warning] ms-vscode.cpptools - Code actions of kind 'quickfix 'requested but returned code action does not have a 'kind'. Code action will be dropped. Please set 'CodeAction.kind'.
[2020-10-15 00:32:13.025] [exthost] [warning] ms-vscode.cpptools - Code actions of kind 'quickfix 'requested but returned code action does not have a 'kind'. Code action will be dropped. Please set 'CodeAction.kind'.
[2020-10-15 00:32:18.687] [exthost] [error] [ms-vscode.cpptools] provider FAILED
[2020-10-15 00:32:18.687] [exthost] [error] undefined
[2020-10-15 00:34:23.359] [exthost] [error] [ms-vscode.cpptools] provider FAILED
[2020-10-15 00:34:23.359] [exthost] [error] undefined
[2020-10-15 00:35:55.644] [exthost] [error] [ms-vscode.cpptools] provider FAILED
[2020-10-15 00:35:55.644] [exthost] [error] undefined
[2020-10-15 00:36:46.238] [exthost] [error] [ms-vscode.cpptools] provider FAILED
[2020-10-15 00:36:46.238] [exthost] [error] undefined
[2020-10-15 00:37:31.138] [exthost] [error] [ms-vscode.cpptools] provider FAILED
[2020-10-15 00:37:31.138] [exthost] [error] undefined
[2020-10-15 00:37:41.488] [exthost] [error] [ms-vscode.cpptools] provider FAILED
[2020-10-15 00:37:41.488] [exthost] [error] undefined
[2020-10-15 00:37:47.145] [exthost] [error] [ms-vscode.cpptools] provider FAILED
[2020-10-15 00:37:47.145] [exthost] [error] undefined
[2020-10-15 00:37:56.530] [exthost] [error] [ms-vscode.cpptools] provider FAILED
[2020-10-15 00:37:56.530] [exthost] [error] undefined
[2020-10-15 00:38:04.755] [exthost] [error] [ms-vscode.cpptools] provider FAILED
[2020-10-15 00:38:04.755] [exthost] [error] undefined
[2020-10-15 00:38:52.707] [exthost] [error] [ms-vscode.cpptools] provider FAILED
[2020-10-15 00:38:52.707] [exthost] [error] undefined
[2020-10-15 00:39:43.876] [exthost] [error] [ms-vscode.cpptools] provider FAILED
[2020-10-15 00:39:43.876] [exthost] [error] undefined
[2020-10-15 00:40:32.101] [exthost] [error] [ms-vscode.cpptools] provider FAILED
[2020-10-15 00:40:32.101] [exthost] [error] undefined
[2020-10-15 00:40:45.552] [exthost] [error] [ms-vscode.cpptools] provider FAILED
[2020-10-15 00:40:45.552] [exthost] [error] undefined
[2020-10-15 00:40:56.929] [exthost] [error] [ms-vscode.cpptools] provider FAILED
[2020-10-15 00:40:56.929] [exthost] [error] undefined
[2020-10-15 00:41:01.044] [exthost] [error] [ms-vscode.cpptools] provider FAILED
[2020-10-15 00:41:01.044] [exthost] [error] undefined
[2020-10-15 00:41:05.302] [exthost] [error] [ms-vscode.cpptools] provider FAILED
[2020-10-15 00:41:05.302] [exthost] [error] undefined
[2020-10-15 00:41:07.534] [exthost] [error] [ms-vscode.cpptools] provider FAILED
[2020-10-15 00:41:07.534] [exthost] [error] undefined
[2020-10-15 00:41:09.566] [exthost] [error] [ms-vscode.cpptools] provider FAILED
[2020-10-15 00:41:09.566] [exthost] [error] undefined
[2020-10-15 00:41:13.750] [exthost] [error] [ms-vscode.cpptools] provider FAILED
[2020-10-15 00:41:13.750] [exthost] [error] undefined
[2020-10-15 00:41:16.425] [exthost] [warning] ms-vscode.cpptools - Code actions of kind 'quickfix 'requested but returned code action does not have a 'kind'. Code action will be dropped. Please set 'CodeAction.kind'.
[2020-10-15 00:41:17.371] [exthost] [warning] ms-vscode.cpptools - Code actions of kind 'quickfix 'requested but returned code action does not have a 'kind'. Code action will be dropped. Please set 'CodeAction.kind'.
[2020-10-15 00:41:32.604] [exthost] [error] [ms-vscode.cpptools] provider FAILED
[2020-10-15 00:41:32.604] [exthost] [error] undefined
[2020-10-15 00:41:34.853] [exthost] [error] [ms-vscode.cpptools] provider FAILED
[2020-10-15 00:41:34.853] [exthost] [error] undefined
[2020-10-15 00:41:36.404] [exthost] [warning] ms-vscode.cpptools - Code actions of kind 'quickfix 'requested but returned code action does not have a 'kind'. Code action will be dropped. Please set 'CodeAction.kind'.
[2020-10-15 00:41:37.275] [exthost] [warning] ms-vscode.cpptools - Code actions of kind 'quickfix 'requested but returned code action does not have a 'kind'. Code action will be dropped. Please set 'CodeAction.kind'.
[2020-10-15 00:41:37.988] [exthost] [warning] ms-vscode.cpptools - Code actions of kind 'quickfix 'requested but returned code action does not have a 'kind'. Code action will be dropped. Please set 'CodeAction.kind'.
[2020-10-15 00:41:43.371] [exthost] [error] [ms-vscode.cpptools] provider FAILED
[2020-10-15 00:41:43.371] [exthost] [error] undefined
[2020-10-15 00:41:43.665] [exthost] [warning] ms-vscode.cpptools - Code actions of kind 'quickfix 'requested but returned code action does not have a 'kind'. Code action will be dropped. Please set 'CodeAction.kind'.
[2020-10-15 00:42:02.509] [exthost] [error] [ms-vscode.cpptools] provider FAILED
[2020-10-15 00:42:02.509] [exthost] [error] undefined
[2020-10-15 00:42:10.570] [exthost] [error] [ms-vscode.cpptools] provider FAILED
[2020-10-15 00:42:10.570] [exthost] [error] undefined
[2020-10-15 00:42:13.543] [exthost] [warning] ms-vscode.cpptools - Code actions of kind 'quickfix 'requested but returned code action does not have a 'kind'. Code action will be dropped. Please set 'CodeAction.kind'.
[2020-10-15 00:42:26.563] [exthost] [error] [ms-vscode.cpptools] provider FAILED
[2020-10-15 00:42:26.563] [exthost] [error] undefined
[2020-10-15 00:42:36.407] [exthost] [error] [ms-vscode.cpptools] provider FAILED
[2020-10-15 00:42:36.407] [exthost] [error] undefined
[2020-10-15 00:42:38.413] [exthost] [warning] ms-vscode.cpptools - Code actions of kind 'quickfix 'requested but returned code action does not have a 'kind'. Code action will be dropped. Please set 'CodeAction.kind'.
[2020-10-15 00:42:38.780] [exthost] [warning] ms-vscode.cpptools - Code actions of kind 'quickfix 'requested but returned code action does not have a 'kind'. Code action will be dropped. Please set 'CodeAction.kind'.
[2020-10-15 00:42:39.157] [exthost] [warning] ms-vscode.cpptools - Code actions of kind 'quickfix 'requested but returned code action does not have a 'kind'. Code action will be dropped. Please set 'CodeAction.kind'.
[2020-10-15 00:43:07.946] [exthost] [error] [ms-vscode.cpptools] provider FAILED
[2020-10-15 00:43:07.946] [exthost] [error] undefined
[2020-10-15 00:43:10.197] [exthost] [error] [ms-vscode.cpptools] provider FAILED
[2020-10-15 00:43:10.197] [exthost] [error] undefined
[2020-10-15 00:43:14.412] [exthost] [error] [ms-vscode.cpptools] provider FAILED
[2020-10-15 00:43:14.412] [exthost] [error] undefined
[2020-10-15 00:43:24.098] [exthost] [warning] ms-vscode.cpptools - Code actions of kind 'quickfix 'requested but returned code action does not have a 'kind'. Code action will be dropped. Please set 'CodeAction.kind'.
[2020-10-15 00:43:28.722] [exthost] [warning] ms-vscode.cpptools - Code actions of kind 'quickfix 'requested but returned code action does not have a 'kind'. Code action will be dropped. Please set 'CodeAction.kind'.
[2020-10-15 00:43:28.722] [exthost] [warning] ms-vscode.cpptools - Code actions of kind 'quickfix 'requested but returned code action does not have a 'kind'. Code action will be dropped. Please set 'CodeAction.kind'.
[2020-10-15 00:43:34.486] [exthost] [warning] ms-vscode.cpptools - Code actions of kind 'quickfix 'requested but returned code action does not have a 'kind'. Code action will be dropped. Please set 'CodeAction.kind'.
[2020-10-15 00:43:34.486] [exthost] [warning] ms-vscode.cpptools - Code actions of kind 'quickfix 'requested but returned code action does not have a 'kind'. Code action will be dropped. Please set 'CodeAction.kind'.
[2020-10-15 00:43:35.576] [exthost] [warning] ms-vscode.cpptools - Code actions of kind 'quickfix 'requested but returned code action does not have a 'kind'. Code action will be dropped. Please set 'CodeAction.kind'.
[2020-10-15 00:43:35.576] [exthost] [warning] ms-vscode.cpptools - Code actions of kind 'quickfix 'requested but returned code action does not have a 'kind'. Code action will be dropped. Please set 'CodeAction.kind'.
[2020-10-15 00:43:38.469] [exthost] [warning] ms-vscode.cpptools - Code actions of kind 'quickfix 'requested but returned code action does not have a 'kind'. Code action will be dropped. Please set 'CodeAction.kind'.
[2020-10-15 00:43:48.181] [exthost] [error] [ms-vscode.cpptools] provider FAILED
[2020-10-15 00:43:48.181] [exthost] [error] undefined
[2020-10-15 00:43:48.620] [exthost] [warning] ms-vscode.cpptools - Code actions of kind 'quickfix 'requested but returned code action does not have a 'kind'. Code action will be dropped. Please set 'CodeAction.kind'.
[2020-10-15 00:44:11.421] [exthost] [error] [ms-vscode.cpptools] provider FAILED
[2020-10-15 00:44:11.421] [exthost] [error] undefined
[2020-10-15 00:44:11.687] [exthost] [warning] ms-vscode.cpptools - Code actions of kind 'quickfix 'requested but returned code action does not have a 'kind'. Code action will be dropped. Please set 'CodeAction.kind'.
[2020-10-15 00:44:13.443] [exthost] [warning] ms-vscode.cpptools - Code actions of kind 'quickfix 'requested but returned code action does not have a 'kind'. Code action will be dropped. Please set 'CodeAction.kind'.
[2020-10-15 00:44:24.181] [exthost] [error] [ms-vscode.cpptools] provider FAILED
[2020-10-15 00:44:24.181] [exthost] [error] undefined
[2020-10-15 00:44:30.509] [exthost] [error] [ms-vscode.cpptools] provider FAILED
[2020-10-15 00:44:30.509] [exthost] [error] undefined
[2020-10-15 00:44:40.075] [exthost] [error] [ms-vscode.cpptools] provider FAILED
[2020-10-15 00:44:40.075] [exthost] [error] undefined
[2020-10-15 00:44:43.035] [exthost] [error] [ms-vscode.cpptools] provider FAILED
[2020-10-15 00:44:43.035] [exthost] [error] undefined
[2020-10-15 00:45:13.527] [exthost] [warning] ms-vscode.cpptools - Code actions of kind 'quickfix 'requested but returned code action does not have a 'kind'. Code action will be dropped. Please set 'CodeAction.kind'.
[2020-10-15 00:45:23.653] [exthost] [error] [ms-vscode.cpptools] provider FAILED
[2020-10-15 00:45:23.653] [exthost] [error] undefined
[2020-10-15 00:45:36.087] [exthost] [error] [ms-vscode.cpptools] provider FAILED
[2020-10-15 00:45:36.087] [exthost] [error] undefined
[2020-10-15 00:45:39.107] [exthost] [warning] ms-vscode.cpptools - Code actions of kind 'quickfix 'requested but returned code action does not have a 'kind'. Code action will be dropped. Please set 'CodeAction.kind'.
[2020-10-15 00:45:39.107] [exthost] [warning] ms-vscode.cpptools - Code actions of kind 'quickfix 'requested but returned code action does not have a 'kind'. Code action will be dropped. Please set 'CodeAction.kind'.
[2020-10-15 00:45:41.451] [exthost] [warning] ms-vscode.cpptools - Code actions of kind 'quickfix 'requested but returned code action does not have a 'kind'. Code action will be dropped. Please set 'CodeAction.kind'.
[2020-10-15 00:45:41.451] [exthost] [warning] ms-vscode.cpptools - Code actions of kind 'quickfix 'requested but returned code action does not have a 'kind'. Code action will be dropped. Please set 'CodeAction.kind'.
[2020-10-15 00:45:51.208] [exthost] [error] [ms-vscode.cpptools] provider FAILED
[2020-10-15 00:45:51.208] [exthost] [error] undefined
[2020-10-15 00:45:55.891] [exthost] [error] [ms-vscode.cpptools] provider FAILED
[2020-10-15 00:45:55.891] [exthost] [error] undefined
[2020-10-15 00:45:58.055] [exthost] [error] [ms-vscode.cpptools] provider FAILED
[2020-10-15 00:45:58.055] [exthost] [error] undefined
[2020-10-15 00:45:59.745] [exthost] [warning] ms-vscode.cpptools - Code actions of kind 'quickfix 'requested but returned code action does not have a 'kind'. Code action will be dropped. Please set 'CodeAction.kind'.
[2020-10-15 00:45:59.745] [exthost] [warning] ms-vscode.cpptools - Code actions of kind 'quickfix 'requested but returned code action does not have a 'kind'. Code action will be dropped. Please set 'CodeAction.kind'.
[2020-10-15 00:46:01.921] [exthost] [warning] ms-vscode.cpptools - Code actions of kind 'quickfix 'requested but returned code action does not have a 'kind'. Code action will be dropped. Please set 'CodeAction.kind'.
[2020-10-15 00:46:05.671] [exthost] [warning] ms-vscode.cpptools - Code actions of kind 'quickfix 'requested but returned code action does not have a 'kind'. Code action will be dropped. Please set 'CodeAction.kind'.
[2020-10-15 00:46:10.723] [exthost] [error] [ms-vscode.cpptools] provider FAILED
[2020-10-15 00:46:10.723] [exthost] [error] undefined
[2020-10-15 00:46:18.665] [exthost] [warning] ms-vscode.cpptools - Code actions of kind 'quickfix 'requested but returned code action does not have a 'kind'. Code action will be dropped. Please set 'CodeAction.kind'.
[2020-10-15 00:46:18.665] [exthost] [warning] ms-vscode.cpptools - Code actions of kind 'quickfix 'requested but returned code action does not have a 'kind'. Code action will be dropped. Please set 'CodeAction.kind'.
[2020-10-15 00:46:19.218] [exthost] [error] [ms-vscode.cpptools] provider FAILED
[2020-10-15 00:46:19.218] [exthost] [error] undefined
[2020-10-15 00:46:27.684] [exthost] [error] [ms-vscode.cpptools] provider FAILED
[2020-10-15 00:46:27.684] [exthost] [error] undefined
[2020-10-15 00:46:38.887] [exthost] [error] [ms-vscode.cpptools] provider FAILED
[2020-10-15 00:46:38.887] [exthost] [error] undefined
[2020-10-15 00:46:42.334] [exthost] [warning] ms-vscode.cpptools - Code actions of kind 'quickfix 'requested but returned code action does not have a 'kind'. Code action will be dropped. Please set 'CodeAction.kind'.
[2020-10-15 00:46:47.477] [exthost] [warning] ms-vscode.cpptools - Code actions of kind 'quickfix 'requested but returned code action does not have a 'kind'. Code action will be dropped. Please set 'CodeAction.kind'.
[2020-10-15 00:46:50.327] [exthost] [warning] ms-vscode.cpptools - Code actions of kind 'quickfix 'requested but returned code action does not have a 'kind'. Code action will be dropped. Please set 'CodeAction.kind'.
[2020-10-15 00:46:51.547] [exthost] [warning] ms-vscode.cpptools - Code actions of kind 'quickfix 'requested but returned code action does not have a 'kind'. Code action will be dropped. Please set 'CodeAction.kind'.
[2020-10-15 00:46:55.705] [exthost] [error] [ms-vscode.cpptools] provider FAILED
[2020-10-15 00:46:55.705] [exthost] [error] undefined
[2020-10-15 00:47:02.358] [exthost] [error] [ms-vscode.cpptools] provider FAILED
[2020-10-15 00:47:02.358] [exthost] [error] undefined
[2020-10-15 00:47:24.930] [exthost] [warning] ms-vscode.cpptools - Code actions of kind 'quickfix 'requested but returned code action does not have a 'kind'. Code action will be dropped. Please set 'CodeAction.kind'.
[2020-10-15 00:47:24.930] [exthost] [warning] ms-vscode.cpptools - Code actions of kind 'quickfix 'requested but returned code action does not have a 'kind'. Code action will be dropped. Please set 'CodeAction.kind'.
[2020-10-15 00:47:25.863] [exthost] [error] [ms-vscode.cpptools] provider FAILED
[2020-10-15 00:47:25.863] [exthost] [error] undefined
[2020-10-15 00:47:27.950] [exthost] [error] [ms-vscode.cpptools] provider FAILED
[2020-10-15 00:47:27.950] [exthost] [error] undefined
