[2020-10-16 17:25:40.693] [exthost] [info] extension host started
[2020-10-16 17:25:40.778] [exthost] [info] ExtensionService#_doActivateExtension vscode.microsoft-authentication {"startup":false,"extensionId":{"value":"vscode.microsoft-authentication","_lower":"vscode.microsoft-authentication"},"activationEvent":"onAuthenticationRequest:microsoft"}
[2020-10-16 17:25:40.778] [exthost] [info] ExtensionService#loadCommonJSModule file:///usr/share/code/resources/app/extensions/microsoft-authentication/dist/extension.js
[2020-10-16 17:25:40.906] [exthost] [info] ExtensionService#_doActivateExtension ms-vscode.js-debug {"startup":false,"extensionId":{"value":"ms-vscode.js-debug","_lower":"ms-vscode.js-debug"},"activationEvent":"onDebugDynamicConfigurations"}
[2020-10-16 17:25:40.909] [exthost] [info] ExtensionService#loadCommonJSModule file:///usr/share/code/resources/app/extensions/ms-vscode.js-debug/src/extension.js
[2020-10-16 17:25:41.653] [exthost] [info] ExtensionService#_doActivateExtension ms-vscode.cpptools {"startup":false,"extensionId":{"value":"ms-vscode.cpptools","_lower":"ms-vscode.cpptools"},"activationEvent":"onLanguage:c"}
[2020-10-16 17:25:41.653] [exthost] [info] ExtensionService#loadCommonJSModule file:///root/.vscode/extensions/ms-vscode.cpptools-1.0.1/dist/main
[2020-10-16 17:25:41.921] [exthost] [info] ExtensionService#_doActivateExtension vscode.debug-auto-launch {"startup":true,"extensionId":{"value":"vscode.debug-auto-launch","_lower":"vscode.debug-auto-launch"},"activationEvent":"*"}
[2020-10-16 17:25:41.921] [exthost] [info] ExtensionService#loadCommonJSModule file:///usr/share/code/resources/app/extensions/debug-auto-launch/dist/extension
[2020-10-16 17:25:42.000] [exthost] [info] ExtensionService#_doActivateExtension vscode.emmet {"startup":true,"extensionId":{"value":"vscode.emmet","_lower":"vscode.emmet"},"activationEvent":"*"}
[2020-10-16 17:25:42.000] [exthost] [info] ExtensionService#loadCommonJSModule file:///usr/share/code/resources/app/extensions/emmet/dist/node/emmetNodeMain
[2020-10-16 17:25:42.195] [exthost] [info] ExtensionService#_doActivateExtension vscode.git {"startup":true,"extensionId":{"value":"vscode.github","_lower":"vscode.github"},"activationEvent":"*"}
[2020-10-16 17:25:42.195] [exthost] [info] ExtensionService#loadCommonJSModule file:///usr/share/code/resources/app/extensions/git/dist/main
[2020-10-16 17:25:42.352] [exthost] [info] ExtensionService#_doActivateExtension vscode.merge-conflict {"startup":true,"extensionId":{"value":"vscode.merge-conflict","_lower":"vscode.merge-conflict"},"activationEvent":"*"}
[2020-10-16 17:25:42.352] [exthost] [info] ExtensionService#loadCommonJSModule file:///usr/share/code/resources/app/extensions/merge-conflict/dist/mergeConflictMain
[2020-10-16 17:25:42.403] [exthost] [info] ExtensionService#_doActivateExtension vscode.search-result {"startup":true,"extensionId":{"value":"vscode.search-result","_lower":"vscode.search-result"},"activationEvent":"*"}
[2020-10-16 17:25:42.403] [exthost] [info] ExtensionService#loadCommonJSModule file:///usr/share/code/resources/app/extensions/search-result/dist/extension.js
[2020-10-16 17:25:42.658] [exthost] [info] ExtensionService#_doActivateExtension vscode.github {"startup":true,"extensionId":{"value":"vscode.github","_lower":"vscode.github"},"activationEvent":"*"}
[2020-10-16 17:25:42.658] [exthost] [info] ExtensionService#loadCommonJSModule file:///usr/share/code/resources/app/extensions/github/dist/extension.js
[2020-10-16 17:25:43.254] [exthost] [info] eager extensions activated
[2020-10-16 17:25:43.341] [exthost] [info] ExtensionService#_doActivateExtension vscode.github-authentication {"startup":false,"extensionId":{"value":"vscode.github-authentication","_lower":"vscode.github-authentication"},"activationEvent":"onAuthenticationRequest:github"}
[2020-10-16 17:25:43.342] [exthost] [info] ExtensionService#loadCommonJSModule file:///usr/share/code/resources/app/extensions/github-authentication/dist/extension.js
[2020-10-16 17:26:04.035] [exthost] [error] [ms-vscode.cpptools] provider FAILED
[2020-10-16 17:26:04.035] [exthost] [error] undefined
[2020-10-16 17:26:16.767] [exthost] [error] [ms-vscode.cpptools] provider FAILED
[2020-10-16 17:26:16.767] [exthost] [error] undefined
[2020-10-16 17:26:19.491] [exthost] [error] [ms-vscode.cpptools] provider FAILED
[2020-10-16 17:26:19.491] [exthost] [error] undefined
[2020-10-16 17:26:44.518] [exthost] [error] [ms-vscode.cpptools] provider FAILED
[2020-10-16 17:26:44.518] [exthost] [error] undefined
[2020-10-16 17:26:48.999] [exthost] [error] [ms-vscode.cpptools] provider FAILED
[2020-10-16 17:26:48.999] [exthost] [error] undefined
[2020-10-16 17:26:52.024] [exthost] [warning] ms-vscode.cpptools - Code actions of kind 'quickfix 'requested but returned code action does not have a 'kind'. Code action will be dropped. Please set 'CodeAction.kind'.
[2020-10-16 17:26:52.400] [exthost] [warning] ms-vscode.cpptools - Code actions of kind 'quickfix 'requested but returned code action does not have a 'kind'. Code action will be dropped. Please set 'CodeAction.kind'.
[2020-10-16 17:27:00.775] [exthost] [error] [ms-vscode.cpptools] provider FAILED
[2020-10-16 17:27:00.775] [exthost] [error] undefined
[2020-10-16 17:27:08.422] [exthost] [error] [ms-vscode.cpptools] provider FAILED
[2020-10-16 17:27:08.422] [exthost] [error] undefined
[2020-10-16 17:27:13.131] [exthost] [error] [ms-vscode.cpptools] provider FAILED
[2020-10-16 17:27:13.131] [exthost] [error] undefined
[2020-10-16 17:27:19.311] [exthost] [error] [ms-vscode.cpptools] provider FAILED
[2020-10-16 17:27:19.311] [exthost] [error] undefined
[2020-10-16 17:27:31.108] [exthost] [error] [ms-vscode.cpptools] provider FAILED
[2020-10-16 17:27:31.108] [exthost] [error] undefined
[2020-10-16 17:27:43.233] [exthost] [error] [ms-vscode.cpptools] provider FAILED
[2020-10-16 17:27:43.233] [exthost] [error] undefined
[2020-10-16 17:27:45.529] [exthost] [error] [ms-vscode.cpptools] provider FAILED
[2020-10-16 17:27:45.529] [exthost] [error] undefined
[2020-10-16 17:29:18.162] [exthost] [error] [ms-vscode.cpptools] provider FAILED
[2020-10-16 17:29:18.162] [exthost] [error] undefined
[2020-10-16 17:29:40.808] [exthost] [warning] ms-vscode.cpptools - Code actions of kind 'quickfix 'requested but returned code action does not have a 'kind'. Code action will be dropped. Please set 'CodeAction.kind'.
[2020-10-16 17:30:58.372] [exthost] [error] [ms-vscode.cpptools] provider FAILED
[2020-10-16 17:30:58.372] [exthost] [error] undefined
[2020-10-16 17:31:04.499] [exthost] [error] [ms-vscode.cpptools] provider FAILED
[2020-10-16 17:31:04.499] [exthost] [error] undefined
[2020-10-16 17:31:06.372] [exthost] [warning] ms-vscode.cpptools - Code actions of kind 'quickfix 'requested but returned code action does not have a 'kind'. Code action will be dropped. Please set 'CodeAction.kind'.
[2020-10-16 17:31:06.372] [exthost] [warning] ms-vscode.cpptools - Code actions of kind 'quickfix 'requested but returned code action does not have a 'kind'. Code action will be dropped. Please set 'CodeAction.kind'.
[2020-10-16 17:31:11.004] [exthost] [error] [ms-vscode.cpptools] provider FAILED
[2020-10-16 17:31:11.004] [exthost] [error] undefined
[2020-10-16 17:31:20.238] [exthost] [warning] ms-vscode.cpptools - Code actions of kind 'quickfix 'requested but returned code action does not have a 'kind'. Code action will be dropped. Please set 'CodeAction.kind'.
[2020-10-16 17:31:37.890] [exthost] [error] [ms-vscode.cpptools] provider FAILED
[2020-10-16 17:31:37.890] [exthost] [error] undefined
[2020-10-16 17:31:42.011] [exthost] [error] [ms-vscode.cpptools] provider FAILED
[2020-10-16 17:31:42.011] [exthost] [error] undefined
[2020-10-16 17:31:44.103] [exthost] [error] [ms-vscode.cpptools] provider FAILED
[2020-10-16 17:31:44.103] [exthost] [error] undefined
[2020-10-16 17:32:09.820] [exthost] [error] [ms-vscode.cpptools] provider FAILED
[2020-10-16 17:32:09.820] [exthost] [error] undefined
[2020-10-16 17:32:30.994] [exthost] [error] [ms-vscode.cpptools] provider FAILED
[2020-10-16 17:32:30.994] [exthost] [error] undefined
[2020-10-16 17:33:12.907] [exthost] [error] [ms-vscode.cpptools] provider FAILED
[2020-10-16 17:33:12.907] [exthost] [error] undefined
[2020-10-16 17:33:15.181] [exthost] [error] [ms-vscode.cpptools] provider FAILED
[2020-10-16 17:33:15.181] [exthost] [error] undefined
[2020-10-16 17:34:01.774] [exthost] [error] [ms-vscode.cpptools] provider FAILED
[2020-10-16 17:34:01.774] [exthost] [error] undefined
[2020-10-16 17:34:29.894] [exthost] [error] [ms-vscode.cpptools] provider FAILED
[2020-10-16 17:34:29.894] [exthost] [error] undefined
[2020-10-16 17:34:34.266] [exthost] [error] [ms-vscode.cpptools] provider FAILED
[2020-10-16 17:34:34.266] [exthost] [error] undefined
[2020-10-16 17:34:38.395] [exthost] [error] [ms-vscode.cpptools] provider FAILED
[2020-10-16 17:34:38.395] [exthost] [error] undefined
[2020-10-16 17:35:16.742] [exthost] [error] [ms-vscode.cpptools] provider FAILED
[2020-10-16 17:35:16.742] [exthost] [error] undefined
[2020-10-16 17:35:25.868] [exthost] [error] [ms-vscode.cpptools] provider FAILED
[2020-10-16 17:35:25.868] [exthost] [error] undefined
[2020-10-16 17:35:36.015] [exthost] [error] [ms-vscode.cpptools] provider FAILED
[2020-10-16 17:35:36.015] [exthost] [error] undefined
[2020-10-16 17:35:48.823] [exthost] [error] [ms-vscode.cpptools] provider FAILED
[2020-10-16 17:35:48.823] [exthost] [error] undefined
[2020-10-16 17:35:50.929] [exthost] [error] [ms-vscode.cpptools] provider FAILED
[2020-10-16 17:35:50.929] [exthost] [error] undefined
[2020-10-16 17:36:11.726] [exthost] [error] [ms-vscode.cpptools] provider FAILED
[2020-10-16 17:36:11.726] [exthost] [error] undefined
[2020-10-16 17:36:16.011] [exthost] [error] [ms-vscode.cpptools] provider FAILED
[2020-10-16 17:36:16.011] [exthost] [error] undefined
[2020-10-16 17:36:20.186] [exthost] [error] [ms-vscode.cpptools] provider FAILED
[2020-10-16 17:36:20.186] [exthost] [error] undefined
[2020-10-16 17:36:43.293] [exthost] [error] [ms-vscode.cpptools] provider FAILED
[2020-10-16 17:36:43.293] [exthost] [error] undefined
[2020-10-16 17:37:40.835] [exthost] [error] [ms-vscode.cpptools] provider FAILED
[2020-10-16 17:37:40.835] [exthost] [error] undefined
[2020-10-16 17:37:48.473] [exthost] [error] [ms-vscode.cpptools] provider FAILED
[2020-10-16 17:37:48.473] [exthost] [error] undefined
[2020-10-16 17:38:18.986] [exthost] [error] [ms-vscode.cpptools] provider FAILED
[2020-10-16 17:38:18.986] [exthost] [error] undefined
[2020-10-16 17:38:26.126] [exthost] [error] [ms-vscode.cpptools] provider FAILED
[2020-10-16 17:38:26.126] [exthost] [error] undefined
[2020-10-16 17:39:09.435] [exthost] [error] [ms-vscode.cpptools] provider FAILED
[2020-10-16 17:39:09.435] [exthost] [error] undefined
[2020-10-16 17:39:25.901] [exthost] [error] [ms-vscode.cpptools] provider FAILED
[2020-10-16 17:39:25.901] [exthost] [error] undefined
[2020-10-16 17:39:52.600] [exthost] [error] [ms-vscode.cpptools] provider FAILED
[2020-10-16 17:39:52.600] [exthost] [error] undefined
[2020-10-16 17:39:58.770] [exthost] [error] [ms-vscode.cpptools] provider FAILED
[2020-10-16 17:39:58.770] [exthost] [error] undefined
[2020-10-16 17:40:00.936] [exthost] [error] [ms-vscode.cpptools] provider FAILED
[2020-10-16 17:40:00.936] [exthost] [error] undefined
[2020-10-16 17:40:13.340] [exthost] [error] [ms-vscode.cpptools] provider FAILED
[2020-10-16 17:40:13.340] [exthost] [error] undefined
[2020-10-16 17:40:45.102] [exthost] [error] [ms-vscode.cpptools] provider FAILED
[2020-10-16 17:40:45.102] [exthost] [error] undefined
[2020-10-16 17:41:18.682] [exthost] [error] [ms-vscode.cpptools] provider FAILED
[2020-10-16 17:41:18.682] [exthost] [error] undefined
[2020-10-16 17:41:25.002] [exthost] [error] [ms-vscode.cpptools] provider FAILED
[2020-10-16 17:41:25.002] [exthost] [error] undefined
[2020-10-16 17:41:29.491] [exthost] [error] [ms-vscode.cpptools] provider FAILED
[2020-10-16 17:41:29.491] [exthost] [error] undefined
[2020-10-16 17:41:36.481] [exthost] [error] [ms-vscode.cpptools] provider FAILED
[2020-10-16 17:41:36.481] [exthost] [error] undefined
[2020-10-16 17:41:38.579] [exthost] [error] [ms-vscode.cpptools] provider FAILED
[2020-10-16 17:41:38.579] [exthost] [error] undefined
[2020-10-16 17:41:51.310] [exthost] [error] [ms-vscode.cpptools] provider FAILED
[2020-10-16 17:41:51.310] [exthost] [error] undefined
[2020-10-16 17:41:55.672] [exthost] [error] [ms-vscode.cpptools] provider FAILED
[2020-10-16 17:41:55.672] [exthost] [error] undefined
[2020-10-16 17:42:02.289] [exthost] [error] [ms-vscode.cpptools] provider FAILED
[2020-10-16 17:42:02.289] [exthost] [error] undefined
[2020-10-16 17:42:12.773] [exthost] [error] [ms-vscode.cpptools] provider FAILED
[2020-10-16 17:42:12.773] [exthost] [error] undefined
[2020-10-16 17:42:23.090] [exthost] [error] [ms-vscode.cpptools] provider FAILED
[2020-10-16 17:42:23.090] [exthost] [error] undefined
[2020-10-16 17:42:27.628] [exthost] [error] [ms-vscode.cpptools] provider FAILED
[2020-10-16 17:42:27.629] [exthost] [error] undefined
[2020-10-16 17:42:32.170] [exthost] [error] [ms-vscode.cpptools] provider FAILED
[2020-10-16 17:42:32.170] [exthost] [error] undefined
[2020-10-16 17:42:38.175] [exthost] [error] [ms-vscode.cpptools] provider FAILED
[2020-10-16 17:42:38.175] [exthost] [error] undefined
[2020-10-16 17:43:58.346] [exthost] [error] [ms-vscode.cpptools] provider FAILED
[2020-10-16 17:43:58.346] [exthost] [error] undefined
[2020-10-16 17:44:06.473] [exthost] [error] [ms-vscode.cpptools] provider FAILED
[2020-10-16 17:44:06.473] [exthost] [error] undefined
[2020-10-16 17:44:15.937] [exthost] [error] [ms-vscode.cpptools] provider FAILED
[2020-10-16 17:44:15.937] [exthost] [error] undefined
[2020-10-16 17:44:23.863] [exthost] [error] [ms-vscode.cpptools] provider FAILED
[2020-10-16 17:44:23.863] [exthost] [error] undefined
[2020-10-16 17:44:26.028] [exthost] [error] [ms-vscode.cpptools] provider FAILED
[2020-10-16 17:44:26.028] [exthost] [error] undefined
[2020-10-16 17:44:44.792] [exthost] [error] [ms-vscode.cpptools] provider FAILED
[2020-10-16 17:44:44.792] [exthost] [error] undefined
[2020-10-16 17:45:18.834] [exthost] [error] [ms-vscode.cpptools] provider FAILED
[2020-10-16 17:45:18.834] [exthost] [error] undefined
[2020-10-16 17:45:25.863] [exthost] [error] [ms-vscode.cpptools] provider FAILED
[2020-10-16 17:45:25.863] [exthost] [error] undefined
[2020-10-16 17:45:45.313] [exthost] [error] [ms-vscode.cpptools] provider FAILED
[2020-10-16 17:45:45.313] [exthost] [error] undefined
[2020-10-16 17:46:02.169] [exthost] [error] [ms-vscode.cpptools] provider FAILED
[2020-10-16 17:46:02.169] [exthost] [error] undefined
[2020-10-16 17:46:18.115] [exthost] [error] [ms-vscode.cpptools] provider FAILED
[2020-10-16 17:46:18.115] [exthost] [error] undefined
[2020-10-16 17:46:25.314] [exthost] [error] [ms-vscode.cpptools] provider FAILED
[2020-10-16 17:46:25.314] [exthost] [error] undefined
[2020-10-16 17:46:30.551] [exthost] [error] [ms-vscode.cpptools] provider FAILED
[2020-10-16 17:46:30.551] [exthost] [error] undefined
[2020-10-16 17:46:57.810] [exthost] [error] [ms-vscode.cpptools] provider FAILED
[2020-10-16 17:46:57.810] [exthost] [error] undefined
[2020-10-16 17:47:01.995] [exthost] [error] [ms-vscode.cpptools] provider FAILED
[2020-10-16 17:47:01.995] [exthost] [error] undefined
[2020-10-16 17:48:57.914] [exthost] [error] [ms-vscode.cpptools] provider FAILED
[2020-10-16 17:48:57.914] [exthost] [error] undefined
[2020-10-16 17:49:02.420] [exthost] [error] [ms-vscode.cpptools] provider FAILED
[2020-10-16 17:49:02.420] [exthost] [error] undefined
[2020-10-16 17:49:06.713] [exthost] [error] [ms-vscode.cpptools] provider FAILED
[2020-10-16 17:49:06.713] [exthost] [error] undefined
[2020-10-16 17:49:34.705] [exthost] [error] [ms-vscode.cpptools] provider FAILED
[2020-10-16 17:49:34.705] [exthost] [error] undefined
[2020-10-16 17:49:39.018] [exthost] [error] [ms-vscode.cpptools] provider FAILED
[2020-10-16 17:49:39.018] [exthost] [error] undefined
[2020-10-16 17:50:10.429] [exthost] [error] [ms-vscode.cpptools] provider FAILED
[2020-10-16 17:50:10.429] [exthost] [error] undefined
[2020-10-16 17:50:19.028] [exthost] [error] [ms-vscode.cpptools] provider FAILED
[2020-10-16 17:50:19.028] [exthost] [error] undefined
[2020-10-16 17:50:52.600] [exthost] [error] [ms-vscode.cpptools] provider FAILED
[2020-10-16 17:50:52.600] [exthost] [error] undefined
[2020-10-16 17:51:00.929] [exthost] [error] [ms-vscode.cpptools] provider FAILED
[2020-10-16 17:51:00.929] [exthost] [error] undefined
[2020-10-16 17:51:05.391] [exthost] [error] [ms-vscode.cpptools] provider FAILED
[2020-10-16 17:51:05.391] [exthost] [error] undefined
[2020-10-16 17:51:28.970] [exthost] [error] [ms-vscode.cpptools] provider FAILED
[2020-10-16 17:51:28.970] [exthost] [error] undefined
[2020-10-16 17:51:31.079] [exthost] [error] [ms-vscode.cpptools] provider FAILED
[2020-10-16 17:51:31.079] [exthost] [error] undefined
[2020-10-16 17:51:41.486] [exthost] [error] [ms-vscode.cpptools] provider FAILED
[2020-10-16 17:51:41.486] [exthost] [error] undefined
[2020-10-16 17:51:48.758] [exthost] [error] [ms-vscode.cpptools] provider FAILED
[2020-10-16 17:51:48.758] [exthost] [error] undefined
[2020-10-16 17:51:55.064] [exthost] [error] [ms-vscode.cpptools] provider FAILED
[2020-10-16 17:51:55.064] [exthost] [error] undefined
[2020-10-16 17:52:07.715] [exthost] [error] [ms-vscode.cpptools] provider FAILED
[2020-10-16 17:52:07.715] [exthost] [error] undefined
[2020-10-16 17:59:06.756] [exthost] [error] [ms-vscode.cpptools] provider FAILED
[2020-10-16 17:59:06.756] [exthost] [error] undefined
[2020-10-16 17:59:13.762] [exthost] [error] [ms-vscode.cpptools] provider FAILED
[2020-10-16 17:59:13.762] [exthost] [error] undefined
[2020-10-16 17:59:17.680] [exthost] [error] [ms-vscode.cpptools] provider FAILED
[2020-10-16 17:59:17.680] [exthost] [error] undefined
[2020-10-16 17:59:34.993] [exthost] [error] [ms-vscode.cpptools] provider FAILED
[2020-10-16 17:59:34.993] [exthost] [error] undefined
[2020-10-16 17:59:37.388] [exthost] [error] [ms-vscode.cpptools] provider FAILED
[2020-10-16 17:59:37.388] [exthost] [error] undefined
[2020-10-16 17:59:54.733] [exthost] [error] [ms-vscode.cpptools] provider FAILED
[2020-10-16 17:59:54.733] [exthost] [error] undefined
[2020-10-16 18:00:09.264] [exthost] [error] [ms-vscode.cpptools] provider FAILED
[2020-10-16 18:00:09.264] [exthost] [error] undefined
[2020-10-16 18:00:13.674] [exthost] [error] [ms-vscode.cpptools] provider FAILED
[2020-10-16 18:00:13.674] [exthost] [error] undefined
[2020-10-16 18:00:14.353] [exthost] [warning] ms-vscode.cpptools - Code actions of kind 'quickfix 'requested but returned code action does not have a 'kind'. Code action will be dropped. Please set 'CodeAction.kind'.
[2020-10-16 18:00:14.353] [exthost] [warning] ms-vscode.cpptools - Code actions of kind 'quickfix 'requested but returned code action does not have a 'kind'. Code action will be dropped. Please set 'CodeAction.kind'.
[2020-10-16 18:00:15.855] [exthost] [error] [ms-vscode.cpptools] provider FAILED
[2020-10-16 18:00:15.855] [exthost] [error] undefined
[2020-10-16 18:00:20.177] [exthost] [error] [ms-vscode.cpptools] provider FAILED
[2020-10-16 18:00:20.177] [exthost] [error] undefined
[2020-10-16 18:00:26.616] [exthost] [error] [ms-vscode.cpptools] provider FAILED
[2020-10-16 18:00:26.616] [exthost] [error] undefined
[2020-10-16 18:00:33.048] [exthost] [error] [ms-vscode.cpptools] provider FAILED
[2020-10-16 18:00:33.048] [exthost] [error] undefined
[2020-10-16 18:00:35.099] [exthost] [error] [ms-vscode.cpptools] provider FAILED
[2020-10-16 18:00:35.099] [exthost] [error] undefined
[2020-10-16 18:00:39.398] [exthost] [error] [ms-vscode.cpptools] provider FAILED
[2020-10-16 18:00:39.398] [exthost] [error] undefined
[2020-10-16 18:00:46.024] [exthost] [error] [ms-vscode.cpptools] provider FAILED
[2020-10-16 18:00:46.024] [exthost] [error] undefined
[2020-10-16 18:00:52.726] [exthost] [error] [ms-vscode.cpptools] provider FAILED
[2020-10-16 18:00:52.726] [exthost] [error] undefined
[2020-10-16 18:01:15.184] [exthost] [error] [ms-vscode.cpptools] provider FAILED
[2020-10-16 18:01:15.184] [exthost] [error] undefined
[2020-10-16 18:01:19.737] [exthost] [error] [ms-vscode.cpptools] provider FAILED
[2020-10-16 18:01:19.737] [exthost] [error] undefined
[2020-10-16 18:01:23.888] [exthost] [error] [ms-vscode.cpptools] provider FAILED
[2020-10-16 18:01:23.888] [exthost] [error] undefined
[2020-10-16 18:01:28.709] [exthost] [error] [ms-vscode.cpptools] provider FAILED
[2020-10-16 18:01:28.709] [exthost] [error] undefined
[2020-10-16 18:01:32.688] [exthost] [error] [ms-vscode.cpptools] provider FAILED
[2020-10-16 18:01:32.688] [exthost] [error] undefined
[2020-10-16 18:01:41.095] [exthost] [error] [ms-vscode.cpptools] provider FAILED
[2020-10-16 18:01:41.095] [exthost] [error] undefined
[2020-10-16 18:01:45.319] [exthost] [error] [ms-vscode.cpptools] provider FAILED
[2020-10-16 18:01:45.319] [exthost] [error] undefined
[2020-10-16 18:03:32.416] [exthost] [error] [ms-vscode.cpptools] provider FAILED
[2020-10-16 18:03:32.416] [exthost] [error] undefined
[2020-10-16 18:03:35.279] [exthost] [error] [ms-vscode.cpptools] provider FAILED
[2020-10-16 18:03:35.279] [exthost] [error] undefined
[2020-10-16 18:04:07.342] [exthost] [error] [ms-vscode.cpptools] provider FAILED
[2020-10-16 18:04:07.342] [exthost] [error] undefined
[2020-10-16 18:04:33.107] [exthost] [error] [ms-vscode.cpptools] provider FAILED
[2020-10-16 18:04:33.107] [exthost] [error] undefined
[2020-10-16 18:04:44.747] [exthost] [error] [ms-vscode.cpptools] provider FAILED
[2020-10-16 18:04:44.747] [exthost] [error] undefined
[2020-10-16 18:05:02.710] [exthost] [error] [ms-vscode.cpptools] provider FAILED
[2020-10-16 18:05:02.710] [exthost] [error] undefined
[2020-10-16 18:05:05.391] [exthost] [error] [ms-vscode.cpptools] provider FAILED
[2020-10-16 18:05:05.391] [exthost] [error] undefined
[2020-10-16 18:05:10.413] [exthost] [error] [ms-vscode.cpptools] provider FAILED
[2020-10-16 18:05:10.413] [exthost] [error] undefined
[2020-10-16 18:05:18.219] [exthost] [error] [ms-vscode.cpptools] provider FAILED
[2020-10-16 18:05:18.219] [exthost] [error] undefined
[2020-10-16 18:05:20.225] [exthost] [error] [ms-vscode.cpptools] provider FAILED
[2020-10-16 18:05:20.225] [exthost] [error] undefined
[2020-10-16 18:05:22.354] [exthost] [warning] ms-vscode.cpptools - Code actions of kind 'quickfix 'requested but returned code action does not have a 'kind'. Code action will be dropped. Please set 'CodeAction.kind'.
[2020-10-16 18:05:22.854] [exthost] [warning] ms-vscode.cpptools - Code actions of kind 'quickfix 'requested but returned code action does not have a 'kind'. Code action will be dropped. Please set 'CodeAction.kind'.
[2020-10-16 18:05:34.998] [exthost] [error] [ms-vscode.cpptools] provider FAILED
[2020-10-16 18:05:34.998] [exthost] [error] undefined
[2020-10-16 18:05:57.696] [exthost] [error] [ms-vscode.cpptools] provider FAILED
[2020-10-16 18:05:57.696] [exthost] [error] undefined
[2020-10-16 18:06:01.582] [exthost] [warning] ms-vscode.cpptools - Code actions of kind 'quickfix 'requested but returned code action does not have a 'kind'. Code action will be dropped. Please set 'CodeAction.kind'.
[2020-10-16 18:06:01.583] [exthost] [warning] ms-vscode.cpptools - Code actions of kind 'quickfix 'requested but returned code action does not have a 'kind'. Code action will be dropped. Please set 'CodeAction.kind'.
[2020-10-16 18:07:13.955] [exthost] [error] [ms-vscode.cpptools] provider FAILED
[2020-10-16 18:07:13.955] [exthost] [error] undefined
[2020-10-16 18:07:19.872] [exthost] [error] [ms-vscode.cpptools] provider FAILED
[2020-10-16 18:07:19.872] [exthost] [error] undefined
[2020-10-16 18:08:52.956] [exthost] [error] [ms-vscode.cpptools] provider FAILED
[2020-10-16 18:08:52.956] [exthost] [error] undefined
[2020-10-16 18:09:18.255] [exthost] [error] [ms-vscode.cpptools] provider FAILED
[2020-10-16 18:09:18.255] [exthost] [error] undefined
[2020-10-16 18:09:37.656] [exthost] [error] [ms-vscode.cpptools] provider FAILED
[2020-10-16 18:09:37.656] [exthost] [error] undefined
[2020-10-16 18:09:41.987] [exthost] [error] [ms-vscode.cpptools] provider FAILED
[2020-10-16 18:09:41.987] [exthost] [error] undefined
[2020-10-16 18:09:47.831] [exthost] [error] [ms-vscode.cpptools] provider FAILED
[2020-10-16 18:09:47.831] [exthost] [error] undefined
[2020-10-16 18:10:15.583] [exthost] [error] [ms-vscode.cpptools] provider FAILED
[2020-10-16 18:10:15.583] [exthost] [error] undefined
[2020-10-16 18:10:25.271] [exthost] [error] [ms-vscode.cpptools] provider FAILED
[2020-10-16 18:10:25.271] [exthost] [error] undefined
[2020-10-16 18:10:34.935] [exthost] [error] [ms-vscode.cpptools] provider FAILED
[2020-10-16 18:10:34.935] [exthost] [error] undefined
[2020-10-16 18:11:36.097] [exthost] [error] [ms-vscode.cpptools] provider FAILED
[2020-10-16 18:11:36.097] [exthost] [error] undefined
[2020-10-16 18:11:47.045] [exthost] [error] [ms-vscode.cpptools] provider FAILED
[2020-10-16 18:11:47.045] [exthost] [error] undefined
[2020-10-16 18:11:53.477] [exthost] [error] [ms-vscode.cpptools] provider FAILED
[2020-10-16 18:11:53.477] [exthost] [error] undefined
[2020-10-16 18:11:59.740] [exthost] [error] [ms-vscode.cpptools] provider FAILED
[2020-10-16 18:11:59.740] [exthost] [error] undefined
[2020-10-16 18:12:43.397] [exthost] [error] [ms-vscode.cpptools] provider FAILED
[2020-10-16 18:12:43.397] [exthost] [error] undefined
[2020-10-16 18:12:59.861] [exthost] [error] [ms-vscode.cpptools] provider FAILED
[2020-10-16 18:12:59.861] [exthost] [error] undefined
[2020-10-16 18:13:13.220] [exthost] [error] [ms-vscode.cpptools] provider FAILED
[2020-10-16 18:13:13.220] [exthost] [error] undefined
[2020-10-16 18:13:29.336] [exthost] [error] [ms-vscode.cpptools] provider FAILED
[2020-10-16 18:13:29.336] [exthost] [error] undefined
[2020-10-16 18:13:37.837] [exthost] [error] [ms-vscode.cpptools] provider FAILED
[2020-10-16 18:13:37.837] [exthost] [error] undefined
[2020-10-16 18:13:39.859] [exthost] [error] [ms-vscode.cpptools] provider FAILED
[2020-10-16 18:13:39.859] [exthost] [error] undefined
[2020-10-16 18:15:21.492] [exthost] [error] [ms-vscode.cpptools] provider FAILED
[2020-10-16 18:15:21.492] [exthost] [error] undefined
[2020-10-16 18:15:27.208] [exthost] [error] [ms-vscode.cpptools] provider FAILED
[2020-10-16 18:15:27.208] [exthost] [error] undefined
[2020-10-16 18:15:36.598] [exthost] [error] [ms-vscode.cpptools] provider FAILED
[2020-10-16 18:15:36.598] [exthost] [error] undefined
[2020-10-16 18:15:54.298] [exthost] [error] [ms-vscode.cpptools] provider FAILED
[2020-10-16 18:15:54.298] [exthost] [error] undefined
[2020-10-16 18:16:00.969] [exthost] [error] [ms-vscode.cpptools] provider FAILED
[2020-10-16 18:16:00.969] [exthost] [error] undefined
[2020-10-16 18:16:07.458] [exthost] [error] [ms-vscode.cpptools] provider FAILED
[2020-10-16 18:16:07.458] [exthost] [error] undefined
[2020-10-16 18:16:53.869] [exthost] [error] [ms-vscode.cpptools] provider FAILED
[2020-10-16 18:16:53.869] [exthost] [error] undefined
[2020-10-16 18:17:36.015] [exthost] [error] [ms-vscode.cpptools] provider FAILED
[2020-10-16 18:17:36.015] [exthost] [error] undefined
[2020-10-16 18:17:38.460] [exthost] [error] [ms-vscode.cpptools] provider FAILED
[2020-10-16 18:17:38.460] [exthost] [error] undefined
[2020-10-16 18:17:42.531] [exthost] [error] [ms-vscode.cpptools] provider FAILED
[2020-10-16 18:17:42.531] [exthost] [error] undefined
[2020-10-16 18:17:59.511] [exthost] [error] [ms-vscode.cpptools] provider FAILED
[2020-10-16 18:17:59.511] [exthost] [error] undefined
[2020-10-16 18:18:06.604] [exthost] [error] [ms-vscode.cpptools] provider FAILED
[2020-10-16 18:18:06.604] [exthost] [error] undefined
[2020-10-16 18:18:36.576] [exthost] [error] [ms-vscode.cpptools] provider FAILED
[2020-10-16 18:18:36.576] [exthost] [error] undefined
[2020-10-16 18:19:42.904] [exthost] [error] [ms-vscode.cpptools] provider FAILED
[2020-10-16 18:19:42.904] [exthost] [error] undefined
[2020-10-16 18:20:07.238] [exthost] [error] [ms-vscode.cpptools] provider FAILED
[2020-10-16 18:20:07.238] [exthost] [error] undefined
[2020-10-16 18:20:43.033] [exthost] [error] [ms-vscode.cpptools] provider FAILED
[2020-10-16 18:20:43.034] [exthost] [error] undefined
[2020-10-16 18:20:45.421] [exthost] [error] [ms-vscode.cpptools] provider FAILED
[2020-10-16 18:20:45.421] [exthost] [error] undefined
[2020-10-16 18:20:57.812] [exthost] [error] [ms-vscode.cpptools] provider FAILED
[2020-10-16 18:20:57.812] [exthost] [error] undefined
[2020-10-16 18:21:14.946] [exthost] [error] [ms-vscode.cpptools] provider FAILED
[2020-10-16 18:21:14.946] [exthost] [error] undefined
[2020-10-16 18:21:39.427] [exthost] [error] [ms-vscode.cpptools] provider FAILED
[2020-10-16 18:21:39.427] [exthost] [error] undefined
[2020-10-16 18:21:41.587] [exthost] [error] [ms-vscode.cpptools] provider FAILED
[2020-10-16 18:21:41.587] [exthost] [error] undefined
[2020-10-16 18:21:50.847] [exthost] [error] [ms-vscode.cpptools] provider FAILED
[2020-10-16 18:21:50.847] [exthost] [error] undefined
[2020-10-16 18:23:29.710] [exthost] [error] [ms-vscode.cpptools] provider FAILED
[2020-10-16 18:23:29.710] [exthost] [error] undefined
[2020-10-16 18:23:43.670] [exthost] [error] [ms-vscode.cpptools] provider FAILED
[2020-10-16 18:23:43.670] [exthost] [error] undefined
[2020-10-16 18:23:45.068] [exthost] [warning] ms-vscode.cpptools - Code actions of kind 'quickfix 'requested but returned code action does not have a 'kind'. Code action will be dropped. Please set 'CodeAction.kind'.
[2020-10-16 18:23:45.068] [exthost] [warning] ms-vscode.cpptools - Code actions of kind 'quickfix 'requested but returned code action does not have a 'kind'. Code action will be dropped. Please set 'CodeAction.kind'.
[2020-10-16 18:24:11.387] [exthost] [error] [ms-vscode.cpptools] provider FAILED
[2020-10-16 18:24:11.387] [exthost] [error] undefined
[2020-10-16 18:24:15.822] [exthost] [error] [ms-vscode.cpptools] provider FAILED
[2020-10-16 18:24:15.822] [exthost] [error] undefined
